<?xml version="1.0" encoding="UTF-8"?>
<testsuite xmlns:xsi="http://www.w3.org/2001/XMLSchema-instance" xsi:noNamespaceSchemaLocation="https://maven.apache.org/surefire/maven-surefire-plugin/xsd/surefire-test-report.xsd" version="3.0.2" name="BackendBoys.dawBB.MateriasEndpointsTests" time="11.108" tests="25" errors="0" skipped="0" failures="0" flakes="0">
  <properties>
[...]
</properties>
  <testcase name="eliminarMateriaExistente" classname="En el controlador de materias" time="0.088">
    <system-out><![CDATA[2026-05-28T21:32:14.554+02:00  INFO 37108 --- [dawBB] [           main] t.c.s.AnnotationConfigContextLoaderUtils : Could not detect default configuration classes for test class [BackendBoys.dawBB.MateriasEndpointsTests]: MateriasEndpointsTests does not declare any static, non-private, non-final, nested classes annotated with @Configuration.
2026-05-28T21:32:14.557+02:00  INFO 37108 --- [dawBB] [           main] .b.t.c.SpringBootTestContextBootstrapper : Found @SpringBootConfiguration BackendBoys.dawBB.DawBbApplication for test class BackendBoys.dawBB.MateriasEndpointsTests

  .   ____          _            __ _ _
 /\\ / ___'_ __ _ _(_)_ __  __ _ \ \ \ \
( ( )\___ | '_ | '_| | '_ \/ _` | \ \ \ \
 \\/  ___)| |_)| | | | | || (_| |  ) ) ) )
  '  |____| .__|_| |_|_| |_\__, | / / / /
 =========|_|==============|___/=/_/_/_/

 :: Spring Boot ::                (v4.0.3)

2026-05-28T21:32:14.583+02:00  INFO 37108 --- [dawBB] [           main] B.dawBB.MateriasEndpointsTests           : Starting MateriasEndpointsTests using Java 21.0.10 with PID 37108 (started by andre in C:\Users\andre\Desktop\CURSO2526\SEGUNDO_CUATRI\DAW\pau-pevau-backend-boys\dawBB)
2026-05-28T21:32:14.583+02:00  INFO 37108 --- [dawBB] [           main] B.dawBB.MateriasEndpointsTests           : No active profile set, falling back to 1 default profile: "default"
2026-05-28T21:32:14.697+02:00  INFO 37108 --- [dawBB] [           main] .s.d.r.c.RepositoryConfigurationDelegate : Bootstrapping Spring Data JPA repositories in DEFAULT mode.
2026-05-28T21:32:14.705+02:00  INFO 37108 --- [dawBB] [           main] .s.d.r.c.RepositoryConfigurationDelegate : Finished Spring Data repository scanning in 6 ms. Found 4 JPA repository interfaces.
2026-05-28T21:32:14.744+02:00  INFO 37108 --- [dawBB] [           main] o.s.boot.tomcat.TomcatWebServer          : Tomcat initialized with port 0 (http)
2026-05-28T21:32:14.745+02:00  INFO 37108 --- [dawBB] [           main] o.apache.catalina.core.StandardService   : Starting service [Tomcat]
2026-05-28T21:32:14.745+02:00  INFO 37108 --- [dawBB] [           main] o.apache.catalina.core.StandardEngine    : Starting Servlet engine: [Apache Tomcat/11.0.18]
2026-05-28T21:32:14.765+02:00  INFO 37108 --- [dawBB] [           main] b.w.c.s.WebApplicationContextInitializer : Root WebApplicationContext: initialization completed in 181 ms
2026-05-28T21:32:14.785+02:00  INFO 37108 --- [dawBB] [           main] org.hibernate.orm.jpa                    : HHH008540: Processing PersistenceUnitInfo [name: default]
2026-05-28T21:32:14.800+02:00  INFO 37108 --- [dawBB] [           main] o.s.o.j.p.SpringPersistenceUnitInfo      : No LoadTimeWeaver setup: ignoring JPA class transformer
2026-05-28T21:32:14.801+02:00  INFO 37108 --- [dawBB] [           main] com.zaxxer.hikari.HikariDataSource       : HikariPool-30 - Starting...
2026-05-28T21:32:14.801+02:00  INFO 37108 --- [dawBB] [           main] com.zaxxer.hikari.pool.HikariPool        : HikariPool-30 - Added connection conn260: url=jdbc:h2:./daw user=SA
2026-05-28T21:32:14.802+02:00  INFO 37108 --- [dawBB] [           main] com.zaxxer.hikari.HikariDataSource       : HikariPool-30 - Start completed.
2026-05-28T21:32:14.802+02:00  WARN 37108 --- [dawBB] [           main] org.hibernate.orm.deprecation            : HHH90000025: H2Dialect does not need to be specified explicitly using 'hibernate.dialect' (remove the property setting and it will be selected by default)
2026-05-28T21:32:14.802+02:00  INFO 37108 --- [dawBB] [           main] org.hibernate.orm.connections.pooling    : HHH10001005: Database info:
	Database JDBC URL [jdbc:h2:./daw]
	Database driver: H2 JDBC Driver
	Database dialect: H2Dialect
	Database version: 2.4.240
	Default catalog/schema: DAW/PUBLIC
	Autocommit mode: undefined/unknown
	Isolation level: READ_COMMITTED [default READ_COMMITTED]
	JDBC fetch size: 100
	Pool: DataSourceConnectionProvider
	Minimum pool size: undefined/unknown
	Maximum pool size: undefined/unknown
2026-05-28T21:32:14.840+02:00  INFO 37108 --- [dawBB] [           main] org.hibernate.orm.core                   : HHH000489: No JTA platform available (set 'hibernate.transaction.jta.platform' to enable JTA platform integration)
2026-05-28T21:32:14.842+02:00  INFO 37108 --- [dawBB] [           main] j.LocalContainerEntityManagerFactoryBean : Initialized JPA EntityManagerFactory for persistence unit 'default'
2026-05-28T21:32:14.880+02:00  WARN 37108 --- [dawBB] [           main] JpaBaseConfiguration$JpaWebConfiguration : spring.jpa.open-in-view is enabled by default. Therefore, database queries may be performed during view rendering. Explicitly configure spring.jpa.open-in-view to disable this warning
2026-05-28T21:32:14.974+02:00  INFO 37108 --- [dawBB] [           main] o.s.boot.tomcat.TomcatWebServer          : Tomcat started on port 55788 (http) with context path '/'
2026-05-28T21:32:14.976+02:00  INFO 37108 --- [dawBB] [           main] B.dawBB.MateriasEndpointsTests           : Started MateriasEndpointsTests in 0.414 seconds (process running for 62.423)
2026-05-28T21:32:14.976+02:00  WARN 37108 --- [dawBB] [           main] o.s.core.events.SpringDocAppInitializer  : SpringDoc /v3/api-docs endpoint is enabled by default. To disable it in production, set the property 'springdoc.api-docs.enabled=false'
2026-05-28T21:32:14.976+02:00  WARN 37108 --- [dawBB] [           main] o.s.core.events.SpringDocAppInitializer  : SpringDoc /swagger-ui.html endpoint is enabled by default. To disable it in production, set the property 'springdoc.swagger-ui.enabled=false'
Hibernate: 
    select
        m1_0.id,
        m1_0.eliminada,
        m1_0.nombre 
    from
        materias m1_0
Hibernate: 
    insert 
    into
        materias
        (eliminada, nombre, id) 
    values
        (?, ?, default)
2026-05-28T21:32:14.997+02:00  INFO 37108 --- [dawBB] [-auto-30-exec-1] o.a.c.c.C.[Tomcat-1].[localhost].[/]     : Initializing Spring DispatcherServlet 'dispatcherServlet'
2026-05-28T21:32:14.997+02:00  INFO 37108 --- [dawBB] [-auto-30-exec-1] o.s.web.servlet.DispatcherServlet        : Initializing Servlet 'dispatcherServlet'
2026-05-28T21:32:14.997+02:00  INFO 37108 --- [dawBB] [-auto-30-exec-1] o.s.web.servlet.DispatcherServlet        : Completed initialization in 0 ms
2026-05-28T21:32:14.999+02:00  INFO 37108 --- [dawBB] [-auto-30-exec-1] B.dawBB.seguridad.JwtRequestFilter       : usuario = test_user
Hibernate: 
    select
        m1_0.id,
        m1_0.eliminada,
        m1_0.nombre 
    from
        materias m1_0 
    where
        m1_0.id=?
Hibernate: 
    update
        materias 
    set
        eliminada=?,
        nombre=? 
    where
        id=?
Hibernate: 
    select
        m1_0.id,
        m1_0.eliminada,
        m1_0.nombre 
    from
        materias m1_0 
    where
        m1_0.id=?
2026-05-28T21:32:15.011+02:00  INFO 37108 --- [dawBB] [           main] o.s.boot.tomcat.GracefulShutdown         : Commencing graceful shutdown. Waiting for active requests to complete
2026-05-28T21:32:15.031+02:00  INFO 37108 --- [dawBB] [tomcat-shutdown] o.s.boot.tomcat.GracefulShutdown         : Graceful shutdown complete
2026-05-28T21:32:15.032+02:00  INFO 37108 --- [dawBB] [           main] j.LocalContainerEntityManagerFactoryBean : Closing JPA EntityManagerFactory for persistence unit 'default'
2026-05-28T21:32:15.032+02:00  INFO 37108 --- [dawBB] [           main] com.zaxxer.hikari.HikariDataSource       : HikariPool-30 - Shutdown initiated...
2026-05-28T21:32:15.061+02:00  INFO 37108 --- [dawBB] [           main] com.zaxxer.hikari.HikariDataSource       : HikariPool-30 - Shutdown completed.
]]></system-out>
  </testcase>
  <testcase name="eliminarMateriaYaEliminada" classname="En el controlador de materias" time="0.064">
    <system-out><![CDATA[
  .   ____          _            __ _ _
 /\\ / ___'_ __ _ _(_)_ __  __ _ \ \ \ \
( ( )\___ | '_ | '_| | '_ \/ _` | \ \ \ \
 \\/  ___)| |_)| | | | | || (_| |  ) ) ) )
  '  |____| .__|_| |_|_| |_\__, | / / / /
 =========|_|==============|___/=/_/_/_/

 :: Spring Boot ::                (v4.0.3)

2026-05-28T21:32:15.080+02:00  INFO 37108 --- [dawBB] [           main] B.dawBB.MateriasEndpointsTests           : Starting MateriasEndpointsTests using Java 21.0.10 with PID 37108 (started by andre in C:\Users\andre\Desktop\CURSO2526\SEGUNDO_CUATRI\DAW\pau-pevau-backend-boys\dawBB)
2026-05-28T21:32:15.080+02:00  INFO 37108 --- [dawBB] [           main] B.dawBB.MateriasEndpointsTests           : No active profile set, falling back to 1 default profile: "default"
2026-05-28T21:32:15.171+02:00  INFO 37108 --- [dawBB] [           main] .s.d.r.c.RepositoryConfigurationDelegate : Bootstrapping Spring Data JPA repositories in DEFAULT mode.
2026-05-28T21:32:15.178+02:00  INFO 37108 --- [dawBB] [           main] .s.d.r.c.RepositoryConfigurationDelegate : Finished Spring Data repository scanning in 5 ms. Found 4 JPA repository interfaces.
2026-05-28T21:32:15.211+02:00  INFO 37108 --- [dawBB] [           main] o.s.boot.tomcat.TomcatWebServer          : Tomcat initialized with port 0 (http)
2026-05-28T21:32:15.211+02:00  INFO 37108 --- [dawBB] [           main] o.apache.catalina.core.StandardService   : Starting service [Tomcat]
2026-05-28T21:32:15.211+02:00  INFO 37108 --- [dawBB] [           main] o.apache.catalina.core.StandardEngine    : Starting Servlet engine: [Apache Tomcat/11.0.18]
2026-05-28T21:32:15.231+02:00  INFO 37108 --- [dawBB] [           main] b.w.c.s.WebApplicationContextInitializer : Root WebApplicationContext: initialization completed in 150 ms
2026-05-28T21:32:15.248+02:00  INFO 37108 --- [dawBB] [           main] org.hibernate.orm.jpa                    : HHH008540: Processing PersistenceUnitInfo [name: default]
2026-05-28T21:32:15.262+02:00  INFO 37108 --- [dawBB] [           main] o.s.o.j.p.SpringPersistenceUnitInfo      : No LoadTimeWeaver setup: ignoring JPA class transformer
2026-05-28T21:32:15.262+02:00  INFO 37108 --- [dawBB] [           main] com.zaxxer.hikari.HikariDataSource       : HikariPool-31 - Starting...
2026-05-28T21:32:15.263+02:00  INFO 37108 --- [dawBB] [           main] com.zaxxer.hikari.pool.HikariPool        : HikariPool-31 - Added connection conn266: url=jdbc:h2:./daw user=SA
2026-05-28T21:32:15.263+02:00  INFO 37108 --- [dawBB] [           main] com.zaxxer.hikari.HikariDataSource       : HikariPool-31 - Start completed.
2026-05-28T21:32:15.264+02:00  WARN 37108 --- [dawBB] [           main] org.hibernate.orm.deprecation            : HHH90000025: H2Dialect does not need to be specified explicitly using 'hibernate.dialect' (remove the property setting and it will be selected by default)
2026-05-28T21:32:15.264+02:00  INFO 37108 --- [dawBB] [           main] org.hibernate.orm.connections.pooling    : HHH10001005: Database info:
	Database JDBC URL [jdbc:h2:./daw]
	Database driver: H2 JDBC Driver
	Database dialect: H2Dialect
	Database version: 2.4.240
	Default catalog/schema: DAW/PUBLIC
	Autocommit mode: undefined/unknown
	Isolation level: READ_COMMITTED [default READ_COMMITTED]
	JDBC fetch size: 100
	Pool: DataSourceConnectionProvider
	Minimum pool size: undefined/unknown
	Maximum pool size: undefined/unknown
2026-05-28T21:32:15.296+02:00  INFO 37108 --- [dawBB] [           main] org.hibernate.orm.core                   : HHH000489: No JTA platform available (set 'hibernate.transaction.jta.platform' to enable JTA platform integration)
2026-05-28T21:32:15.298+02:00  INFO 37108 --- [dawBB] [           main] j.LocalContainerEntityManagerFactoryBean : Initialized JPA EntityManagerFactory for persistence unit 'default'
2026-05-28T21:32:15.339+02:00  WARN 37108 --- [dawBB] [           main] JpaBaseConfiguration$JpaWebConfiguration : spring.jpa.open-in-view is enabled by default. Therefore, database queries may be performed during view rendering. Explicitly configure spring.jpa.open-in-view to disable this warning
2026-05-28T21:32:15.427+02:00  INFO 37108 --- [dawBB] [           main] o.s.boot.tomcat.TomcatWebServer          : Tomcat started on port 55791 (http) with context path '/'
2026-05-28T21:32:15.429+02:00  INFO 37108 --- [dawBB] [           main] B.dawBB.MateriasEndpointsTests           : Started MateriasEndpointsTests in 0.361 seconds (process running for 62.877)
2026-05-28T21:32:15.429+02:00  WARN 37108 --- [dawBB] [           main] o.s.core.events.SpringDocAppInitializer  : SpringDoc /v3/api-docs endpoint is enabled by default. To disable it in production, set the property 'springdoc.api-docs.enabled=false'
2026-05-28T21:32:15.429+02:00  WARN 37108 --- [dawBB] [           main] o.s.core.events.SpringDocAppInitializer  : SpringDoc /swagger-ui.html endpoint is enabled by default. To disable it in production, set the property 'springdoc.swagger-ui.enabled=false'
Hibernate: 
    select
        m1_0.id,
        m1_0.eliminada,
        m1_0.nombre 
    from
        materias m1_0
Hibernate: 
    select
        p1_0.fk_materia,
        p1_0.id,
        p1_0.eliminada,
        p1_0.fk_slot,
        s1_0.id,
        s1_0.fk_convocatoria,
        c1_0.id_convocatoria,
        c1_0.actual,
        c1_0.fecha_fin,
        c1_0.fecha_inicio,
        c1_0.nombre,
        s1_0.eliminado,
        s1_0.fin,
        s1_0.inicio 
    from
        pruebas p1_0 
    left join
        slots s1_0 
            on s1_0.id=p1_0.fk_slot 
    left join
        convocatorias c1_0 
            on c1_0.id_convocatoria=s1_0.fk_convocatoria 
    where
        p1_0.fk_materia=?
Hibernate: 
    delete 
    from
        materias 
    where
        id=?
Hibernate: 
    insert 
    into
        materias
        (eliminada, nombre, id) 
    values
        (?, ?, default)
2026-05-28T21:32:15.444+02:00  INFO 37108 --- [dawBB] [-auto-31-exec-1] o.a.c.c.C.[Tomcat-1].[localhost].[/]     : Initializing Spring DispatcherServlet 'dispatcherServlet'
2026-05-28T21:32:15.444+02:00  INFO 37108 --- [dawBB] [-auto-31-exec-1] o.s.web.servlet.DispatcherServlet        : Initializing Servlet 'dispatcherServlet'
2026-05-28T21:32:15.445+02:00  INFO 37108 --- [dawBB] [-auto-31-exec-1] o.s.web.servlet.DispatcherServlet        : Completed initialization in 1 ms
2026-05-28T21:32:15.446+02:00  INFO 37108 --- [dawBB] [-auto-31-exec-1] B.dawBB.seguridad.JwtRequestFilter       : usuario = test_user
Hibernate: 
    select
        m1_0.id,
        m1_0.eliminada,
        m1_0.nombre 
    from
        materias m1_0 
    where
        m1_0.id=?
2026-05-28T21:32:15.458+02:00  INFO 37108 --- [dawBB] [           main] o.s.boot.tomcat.GracefulShutdown         : Commencing graceful shutdown. Waiting for active requests to complete
2026-05-28T21:32:15.478+02:00  INFO 37108 --- [dawBB] [tomcat-shutdown] o.s.boot.tomcat.GracefulShutdown         : Graceful shutdown complete
2026-05-28T21:32:15.480+02:00  INFO 37108 --- [dawBB] [           main] j.LocalContainerEntityManagerFactoryBean : Closing JPA EntityManagerFactory for persistence unit 'default'
2026-05-28T21:32:15.480+02:00  INFO 37108 --- [dawBB] [           main] com.zaxxer.hikari.HikariDataSource       : HikariPool-31 - Shutdown initiated...
2026-05-28T21:32:15.492+02:00  INFO 37108 --- [dawBB] [           main] com.zaxxer.hikari.HikariDataSource       : HikariPool-31 - Shutdown completed.
]]></system-out>
  </testcase>
  <testcase name="obtenerMateriaInexistente" classname="En el controlador de materias" time="0.051">
    <system-out><![CDATA[
  .   ____          _            __ _ _
 /\\ / ___'_ __ _ _(_)_ __  __ _ \ \ \ \
( ( )\___ | '_ | '_| | '_ \/ _` | \ \ \ \
 \\/  ___)| |_)| | | | | || (_| |  ) ) ) )
  '  |____| .__|_| |_|_| |_\__, | / / / /
 =========|_|==============|___/=/_/_/_/

 :: Spring Boot ::                (v4.0.3)

2026-05-28T21:32:15.505+02:00  INFO 37108 --- [dawBB] [           main] B.dawBB.MateriasEndpointsTests           : Starting MateriasEndpointsTests using Java 21.0.10 with PID 37108 (started by andre in C:\Users\andre\Desktop\CURSO2526\SEGUNDO_CUATRI\DAW\pau-pevau-backend-boys\dawBB)
2026-05-28T21:32:15.506+02:00  INFO 37108 --- [dawBB] [           main] B.dawBB.MateriasEndpointsTests           : No active profile set, falling back to 1 default profile: "default"
2026-05-28T21:32:15.604+02:00  INFO 37108 --- [dawBB] [           main] .s.d.r.c.RepositoryConfigurationDelegate : Bootstrapping Spring Data JPA repositories in DEFAULT mode.
2026-05-28T21:32:15.613+02:00  INFO 37108 --- [dawBB] [           main] .s.d.r.c.RepositoryConfigurationDelegate : Finished Spring Data repository scanning in 8 ms. Found 4 JPA repository interfaces.
2026-05-28T21:32:15.658+02:00  INFO 37108 --- [dawBB] [           main] o.s.boot.tomcat.TomcatWebServer          : Tomcat initialized with port 0 (http)
2026-05-28T21:32:15.658+02:00  INFO 37108 --- [dawBB] [           main] o.apache.catalina.core.StandardService   : Starting service [Tomcat]
2026-05-28T21:32:15.658+02:00  INFO 37108 --- [dawBB] [           main] o.apache.catalina.core.StandardEngine    : Starting Servlet engine: [Apache Tomcat/11.0.18]
2026-05-28T21:32:15.676+02:00  INFO 37108 --- [dawBB] [           main] b.w.c.s.WebApplicationContextInitializer : Root WebApplicationContext: initialization completed in 170 ms
2026-05-28T21:32:15.694+02:00  INFO 37108 --- [dawBB] [           main] org.hibernate.orm.jpa                    : HHH008540: Processing PersistenceUnitInfo [name: default]
2026-05-28T21:32:15.709+02:00  INFO 37108 --- [dawBB] [           main] o.s.o.j.p.SpringPersistenceUnitInfo      : No LoadTimeWeaver setup: ignoring JPA class transformer
2026-05-28T21:32:15.710+02:00  INFO 37108 --- [dawBB] [           main] com.zaxxer.hikari.HikariDataSource       : HikariPool-32 - Starting...
2026-05-28T21:32:15.711+02:00  INFO 37108 --- [dawBB] [           main] com.zaxxer.hikari.pool.HikariPool        : HikariPool-32 - Added connection conn271: url=jdbc:h2:./daw user=SA
2026-05-28T21:32:15.711+02:00  INFO 37108 --- [dawBB] [           main] com.zaxxer.hikari.HikariDataSource       : HikariPool-32 - Start completed.
2026-05-28T21:32:15.712+02:00  WARN 37108 --- [dawBB] [           main] org.hibernate.orm.deprecation            : HHH90000025: H2Dialect does not need to be specified explicitly using 'hibernate.dialect' (remove the property setting and it will be selected by default)
2026-05-28T21:32:15.712+02:00  INFO 37108 --- [dawBB] [           main] org.hibernate.orm.connections.pooling    : HHH10001005: Database info:
	Database JDBC URL [jdbc:h2:./daw]
	Database driver: H2 JDBC Driver
	Database dialect: H2Dialect
	Database version: 2.4.240
	Default catalog/schema: DAW/PUBLIC
	Autocommit mode: undefined/unknown
	Isolation level: READ_COMMITTED [default READ_COMMITTED]
	JDBC fetch size: 100
	Pool: DataSourceConnectionProvider
	Minimum pool size: undefined/unknown
	Maximum pool size: undefined/unknown
2026-05-28T21:32:15.759+02:00  INFO 37108 --- [dawBB] [           main] org.hibernate.orm.core                   : HHH000489: No JTA platform available (set 'hibernate.transaction.jta.platform' to enable JTA platform integration)
2026-05-28T21:32:15.761+02:00  INFO 37108 --- [dawBB] [           main] j.LocalContainerEntityManagerFactoryBean : Initialized JPA EntityManagerFactory for persistence unit 'default'
2026-05-28T21:32:15.797+02:00  WARN 37108 --- [dawBB] [           main] JpaBaseConfiguration$JpaWebConfiguration : spring.jpa.open-in-view is enabled by default. Therefore, database queries may be performed during view rendering. Explicitly configure spring.jpa.open-in-view to disable this warning
2026-05-28T21:32:15.888+02:00  INFO 37108 --- [dawBB] [           main] o.s.boot.tomcat.TomcatWebServer          : Tomcat started on port 55794 (http) with context path '/'
2026-05-28T21:32:15.889+02:00  INFO 37108 --- [dawBB] [           main] B.dawBB.MateriasEndpointsTests           : Started MateriasEndpointsTests in 0.394 seconds (process running for 63.337)
2026-05-28T21:32:15.890+02:00  WARN 37108 --- [dawBB] [           main] o.s.core.events.SpringDocAppInitializer  : SpringDoc /v3/api-docs endpoint is enabled by default. To disable it in production, set the property 'springdoc.api-docs.enabled=false'
2026-05-28T21:32:15.890+02:00  WARN 37108 --- [dawBB] [           main] o.s.core.events.SpringDocAppInitializer  : SpringDoc /swagger-ui.html endpoint is enabled by default. To disable it in production, set the property 'springdoc.swagger-ui.enabled=false'
Hibernate: 
    select
        m1_0.id,
        m1_0.eliminada,
        m1_0.nombre 
    from
        materias m1_0
Hibernate: 
    select
        p1_0.fk_materia,
        p1_0.id,
        p1_0.eliminada,
        p1_0.fk_slot,
        s1_0.id,
        s1_0.fk_convocatoria,
        c1_0.id_convocatoria,
        c1_0.actual,
        c1_0.fecha_fin,
        c1_0.fecha_inicio,
        c1_0.nombre,
        s1_0.eliminado,
        s1_0.fin,
        s1_0.inicio 
    from
        pruebas p1_0 
    left join
        slots s1_0 
            on s1_0.id=p1_0.fk_slot 
    left join
        convocatorias c1_0 
            on c1_0.id_convocatoria=s1_0.fk_convocatoria 
    where
        p1_0.fk_materia=?
Hibernate: 
    delete 
    from
        materias 
    where
        id=?
2026-05-28T21:32:15.904+02:00  INFO 37108 --- [dawBB] [-auto-32-exec-1] o.a.c.c.C.[Tomcat-1].[localhost].[/]     : Initializing Spring DispatcherServlet 'dispatcherServlet'
2026-05-28T21:32:15.904+02:00  INFO 37108 --- [dawBB] [-auto-32-exec-1] o.s.web.servlet.DispatcherServlet        : Initializing Servlet 'dispatcherServlet'
2026-05-28T21:32:15.905+02:00  INFO 37108 --- [dawBB] [-auto-32-exec-1] o.s.web.servlet.DispatcherServlet        : Completed initialization in 1 ms
2026-05-28T21:32:15.906+02:00  INFO 37108 --- [dawBB] [-auto-32-exec-1] B.dawBB.seguridad.JwtRequestFilter       : usuario = test_user
Hibernate: 
    select
        m1_0.id,
        m1_0.eliminada,
        m1_0.nombre 
    from
        materias m1_0 
    where
        m1_0.id=?
2026-05-28T21:32:15.912+02:00  INFO 37108 --- [dawBB] [           main] o.s.boot.tomcat.GracefulShutdown         : Commencing graceful shutdown. Waiting for active requests to complete
2026-05-28T21:32:15.932+02:00  INFO 37108 --- [dawBB] [tomcat-shutdown] o.s.boot.tomcat.GracefulShutdown         : Graceful shutdown complete
2026-05-28T21:32:15.933+02:00  INFO 37108 --- [dawBB] [           main] j.LocalContainerEntityManagerFactoryBean : Closing JPA EntityManagerFactory for persistence unit 'default'
2026-05-28T21:32:15.933+02:00  INFO 37108 --- [dawBB] [           main] com.zaxxer.hikari.HikariDataSource       : HikariPool-32 - Shutdown initiated...
2026-05-28T21:32:15.939+02:00  INFO 37108 --- [dawBB] [           main] com.zaxxer.hikari.HikariDataSource       : HikariPool-32 - Shutdown completed.
]]></system-out>
  </testcase>
  <testcase name="crearMateria" classname="En el controlador de materias" time="0.065">
    <system-out><![CDATA[
  .   ____          _            __ _ _
 /\\ / ___'_ __ _ _(_)_ __  __ _ \ \ \ \
( ( )\___ | '_ | '_| | '_ \/ _` | \ \ \ \
 \\/  ___)| |_)| | | | | || (_| |  ) ) ) )
  '  |____| .__|_| |_|_| |_\__, | / / / /
 =========|_|==============|___/=/_/_/_/

 :: Spring Boot ::                (v4.0.3)

2026-05-28T21:32:15.953+02:00  INFO 37108 --- [dawBB] [           main] B.dawBB.MateriasEndpointsTests           : Starting MateriasEndpointsTests using Java 21.0.10 with PID 37108 (started by andre in C:\Users\andre\Desktop\CURSO2526\SEGUNDO_CUATRI\DAW\pau-pevau-backend-boys\dawBB)
2026-05-28T21:32:15.953+02:00  INFO 37108 --- [dawBB] [           main] B.dawBB.MateriasEndpointsTests           : No active profile set, falling back to 1 default profile: "default"
2026-05-28T21:32:16.052+02:00  INFO 37108 --- [dawBB] [           main] .s.d.r.c.RepositoryConfigurationDelegate : Bootstrapping Spring Data JPA repositories in DEFAULT mode.
2026-05-28T21:32:16.059+02:00  INFO 37108 --- [dawBB] [           main] .s.d.r.c.RepositoryConfigurationDelegate : Finished Spring Data repository scanning in 6 ms. Found 4 JPA repository interfaces.
2026-05-28T21:32:16.094+02:00  INFO 37108 --- [dawBB] [           main] o.s.boot.tomcat.TomcatWebServer          : Tomcat initialized with port 0 (http)
2026-05-28T21:32:16.095+02:00  INFO 37108 --- [dawBB] [           main] o.apache.catalina.core.StandardService   : Starting service [Tomcat]
2026-05-28T21:32:16.095+02:00  INFO 37108 --- [dawBB] [           main] o.apache.catalina.core.StandardEngine    : Starting Servlet engine: [Apache Tomcat/11.0.18]
2026-05-28T21:32:16.118+02:00  INFO 37108 --- [dawBB] [           main] b.w.c.s.WebApplicationContextInitializer : Root WebApplicationContext: initialization completed in 164 ms
2026-05-28T21:32:16.137+02:00  INFO 37108 --- [dawBB] [           main] org.hibernate.orm.jpa                    : HHH008540: Processing PersistenceUnitInfo [name: default]
2026-05-28T21:32:16.159+02:00  INFO 37108 --- [dawBB] [           main] o.s.o.j.p.SpringPersistenceUnitInfo      : No LoadTimeWeaver setup: ignoring JPA class transformer
2026-05-28T21:32:16.160+02:00  INFO 37108 --- [dawBB] [           main] com.zaxxer.hikari.HikariDataSource       : HikariPool-33 - Starting...
2026-05-28T21:32:16.162+02:00  INFO 37108 --- [dawBB] [           main] com.zaxxer.hikari.pool.HikariPool        : HikariPool-33 - Added connection conn276: url=jdbc:h2:./daw user=SA
2026-05-28T21:32:16.162+02:00  INFO 37108 --- [dawBB] [           main] com.zaxxer.hikari.HikariDataSource       : HikariPool-33 - Start completed.
2026-05-28T21:32:16.162+02:00  WARN 37108 --- [dawBB] [           main] org.hibernate.orm.deprecation            : HHH90000025: H2Dialect does not need to be specified explicitly using 'hibernate.dialect' (remove the property setting and it will be selected by default)
2026-05-28T21:32:16.162+02:00  INFO 37108 --- [dawBB] [           main] org.hibernate.orm.connections.pooling    : HHH10001005: Database info:
	Database JDBC URL [jdbc:h2:./daw]
	Database driver: H2 JDBC Driver
	Database dialect: H2Dialect
	Database version: 2.4.240
	Default catalog/schema: DAW/PUBLIC
	Autocommit mode: undefined/unknown
	Isolation level: READ_COMMITTED [default READ_COMMITTED]
	JDBC fetch size: 100
	Pool: DataSourceConnectionProvider
	Minimum pool size: undefined/unknown
	Maximum pool size: undefined/unknown
2026-05-28T21:32:16.221+02:00  INFO 37108 --- [dawBB] [           main] org.hibernate.orm.core                   : HHH000489: No JTA platform available (set 'hibernate.transaction.jta.platform' to enable JTA platform integration)
2026-05-28T21:32:16.223+02:00  INFO 37108 --- [dawBB] [           main] j.LocalContainerEntityManagerFactoryBean : Initialized JPA EntityManagerFactory for persistence unit 'default'
2026-05-28T21:32:16.259+02:00  WARN 37108 --- [dawBB] [           main] JpaBaseConfiguration$JpaWebConfiguration : spring.jpa.open-in-view is enabled by default. Therefore, database queries may be performed during view rendering. Explicitly configure spring.jpa.open-in-view to disable this warning
2026-05-28T21:32:16.359+02:00  INFO 37108 --- [dawBB] [           main] o.s.boot.tomcat.TomcatWebServer          : Tomcat started on port 55797 (http) with context path '/'
2026-05-28T21:32:16.361+02:00  INFO 37108 --- [dawBB] [           main] B.dawBB.MateriasEndpointsTests           : Started MateriasEndpointsTests in 0.418 seconds (process running for 63.808)
2026-05-28T21:32:16.361+02:00  WARN 37108 --- [dawBB] [           main] o.s.core.events.SpringDocAppInitializer  : SpringDoc /v3/api-docs endpoint is enabled by default. To disable it in production, set the property 'springdoc.api-docs.enabled=false'
2026-05-28T21:32:16.361+02:00  WARN 37108 --- [dawBB] [           main] o.s.core.events.SpringDocAppInitializer  : SpringDoc /swagger-ui.html endpoint is enabled by default. To disable it in production, set the property 'springdoc.swagger-ui.enabled=false'
Hibernate: 
    select
        m1_0.id,
        m1_0.eliminada,
        m1_0.nombre 
    from
        materias m1_0
2026-05-28T21:32:16.374+02:00  INFO 37108 --- [dawBB] [-auto-33-exec-1] o.a.c.c.C.[Tomcat-1].[localhost].[/]     : Initializing Spring DispatcherServlet 'dispatcherServlet'
2026-05-28T21:32:16.374+02:00  INFO 37108 --- [dawBB] [-auto-33-exec-1] o.s.web.servlet.DispatcherServlet        : Initializing Servlet 'dispatcherServlet'
2026-05-28T21:32:16.375+02:00  INFO 37108 --- [dawBB] [-auto-33-exec-1] o.s.web.servlet.DispatcherServlet        : Completed initialization in 1 ms
2026-05-28T21:32:16.376+02:00  INFO 37108 --- [dawBB] [-auto-33-exec-1] B.dawBB.seguridad.JwtRequestFilter       : usuario = test_user
Hibernate: 
    insert 
    into
        materias
        (eliminada, nombre, id) 
    values
        (?, ?, default)
Hibernate: 
    select
        m1_0.id,
        m1_0.eliminada,
        m1_0.nombre 
    from
        materias m1_0 
    where
        m1_0.id=?
2026-05-28T21:32:16.393+02:00  INFO 37108 --- [dawBB] [           main] o.s.boot.tomcat.GracefulShutdown         : Commencing graceful shutdown. Waiting for active requests to complete
2026-05-28T21:32:16.411+02:00  INFO 37108 --- [dawBB] [tomcat-shutdown] o.s.boot.tomcat.GracefulShutdown         : Graceful shutdown complete
2026-05-28T21:32:16.412+02:00  INFO 37108 --- [dawBB] [           main] j.LocalContainerEntityManagerFactoryBean : Closing JPA EntityManagerFactory for persistence unit 'default'
2026-05-28T21:32:16.412+02:00  INFO 37108 --- [dawBB] [           main] com.zaxxer.hikari.HikariDataSource       : HikariPool-33 - Shutdown initiated...
2026-05-28T21:32:16.424+02:00  INFO 37108 --- [dawBB] [           main] com.zaxxer.hikari.HikariDataSource       : HikariPool-33 - Shutdown completed.
]]></system-out>
  </testcase>
  <testcase name="remateFinalSeguridad" classname="En el controlador de materias" time="0.154">
    <system-out><![CDATA[
  .   ____          _            __ _ _
 /\\ / ___'_ __ _ _(_)_ __  __ _ \ \ \ \
( ( )\___ | '_ | '_| | '_ \/ _` | \ \ \ \
 \\/  ___)| |_)| | | | | || (_| |  ) ) ) )
  '  |____| .__|_| |_|_| |_\__, | / / / /
 =========|_|==============|___/=/_/_/_/

 :: Spring Boot ::                (v4.0.3)

2026-05-28T21:32:16.441+02:00  INFO 37108 --- [dawBB] [           main] B.dawBB.MateriasEndpointsTests           : Starting MateriasEndpointsTests using Java 21.0.10 with PID 37108 (started by andre in C:\Users\andre\Desktop\CURSO2526\SEGUNDO_CUATRI\DAW\pau-pevau-backend-boys\dawBB)
2026-05-28T21:32:16.441+02:00  INFO 37108 --- [dawBB] [           main] B.dawBB.MateriasEndpointsTests           : No active profile set, falling back to 1 default profile: "default"
2026-05-28T21:32:16.530+02:00  INFO 37108 --- [dawBB] [           main] .s.d.r.c.RepositoryConfigurationDelegate : Bootstrapping Spring Data JPA repositories in DEFAULT mode.
2026-05-28T21:32:16.537+02:00  INFO 37108 --- [dawBB] [           main] .s.d.r.c.RepositoryConfigurationDelegate : Finished Spring Data repository scanning in 6 ms. Found 4 JPA repository interfaces.
2026-05-28T21:32:16.571+02:00  INFO 37108 --- [dawBB] [           main] o.s.boot.tomcat.TomcatWebServer          : Tomcat initialized with port 0 (http)
2026-05-28T21:32:16.571+02:00  INFO 37108 --- [dawBB] [           main] o.apache.catalina.core.StandardService   : Starting service [Tomcat]
2026-05-28T21:32:16.571+02:00  INFO 37108 --- [dawBB] [           main] o.apache.catalina.core.StandardEngine    : Starting Servlet engine: [Apache Tomcat/11.0.18]
2026-05-28T21:32:16.590+02:00  INFO 37108 --- [dawBB] [           main] b.w.c.s.WebApplicationContextInitializer : Root WebApplicationContext: initialization completed in 148 ms
2026-05-28T21:32:16.608+02:00  INFO 37108 --- [dawBB] [           main] org.hibernate.orm.jpa                    : HHH008540: Processing PersistenceUnitInfo [name: default]
2026-05-28T21:32:16.622+02:00  INFO 37108 --- [dawBB] [           main] o.s.o.j.p.SpringPersistenceUnitInfo      : No LoadTimeWeaver setup: ignoring JPA class transformer
2026-05-28T21:32:16.623+02:00  INFO 37108 --- [dawBB] [           main] com.zaxxer.hikari.HikariDataSource       : HikariPool-34 - Starting...
2026-05-28T21:32:16.623+02:00  INFO 37108 --- [dawBB] [           main] com.zaxxer.hikari.pool.HikariPool        : HikariPool-34 - Added connection conn282: url=jdbc:h2:./daw user=SA
2026-05-28T21:32:16.624+02:00  INFO 37108 --- [dawBB] [           main] com.zaxxer.hikari.HikariDataSource       : HikariPool-34 - Start completed.
2026-05-28T21:32:16.624+02:00  WARN 37108 --- [dawBB] [           main] org.hibernate.orm.deprecation            : HHH90000025: H2Dialect does not need to be specified explicitly using 'hibernate.dialect' (remove the property setting and it will be selected by default)
2026-05-28T21:32:16.624+02:00  INFO 37108 --- [dawBB] [           main] org.hibernate.orm.connections.pooling    : HHH10001005: Database info:
	Database JDBC URL [jdbc:h2:./daw]
	Database driver: H2 JDBC Driver
	Database dialect: H2Dialect
	Database version: 2.4.240
	Default catalog/schema: DAW/PUBLIC
	Autocommit mode: undefined/unknown
	Isolation level: READ_COMMITTED [default READ_COMMITTED]
	JDBC fetch size: 100
	Pool: DataSourceConnectionProvider
	Minimum pool size: undefined/unknown
	Maximum pool size: undefined/unknown
2026-05-28T21:32:16.653+02:00  INFO 37108 --- [dawBB] [           main] org.hibernate.orm.core                   : HHH000489: No JTA platform available (set 'hibernate.transaction.jta.platform' to enable JTA platform integration)
2026-05-28T21:32:16.654+02:00  INFO 37108 --- [dawBB] [           main] j.LocalContainerEntityManagerFactoryBean : Initialized JPA EntityManagerFactory for persistence unit 'default'
2026-05-28T21:32:16.683+02:00  WARN 37108 --- [dawBB] [           main] JpaBaseConfiguration$JpaWebConfiguration : spring.jpa.open-in-view is enabled by default. Therefore, database queries may be performed during view rendering. Explicitly configure spring.jpa.open-in-view to disable this warning
2026-05-28T21:32:16.776+02:00  INFO 37108 --- [dawBB] [           main] o.s.boot.tomcat.TomcatWebServer          : Tomcat started on port 55800 (http) with context path '/'
2026-05-28T21:32:16.777+02:00  INFO 37108 --- [dawBB] [           main] B.dawBB.MateriasEndpointsTests           : Started MateriasEndpointsTests in 0.348 seconds (process running for 64.225)
2026-05-28T21:32:16.778+02:00  WARN 37108 --- [dawBB] [           main] o.s.core.events.SpringDocAppInitializer  : SpringDoc /v3/api-docs endpoint is enabled by default. To disable it in production, set the property 'springdoc.api-docs.enabled=false'
2026-05-28T21:32:16.778+02:00  WARN 37108 --- [dawBB] [           main] o.s.core.events.SpringDocAppInitializer  : SpringDoc /swagger-ui.html endpoint is enabled by default. To disable it in production, set the property 'springdoc.swagger-ui.enabled=false'
Hibernate: 
    select
        m1_0.id,
        m1_0.eliminada,
        m1_0.nombre 
    from
        materias m1_0
Hibernate: 
    select
        p1_0.fk_materia,
        p1_0.id,
        p1_0.eliminada,
        p1_0.fk_slot,
        s1_0.id,
        s1_0.fk_convocatoria,
        c1_0.id_convocatoria,
        c1_0.actual,
        c1_0.fecha_fin,
        c1_0.fecha_inicio,
        c1_0.nombre,
        s1_0.eliminado,
        s1_0.fin,
        s1_0.inicio 
    from
        pruebas p1_0 
    left join
        slots s1_0 
            on s1_0.id=p1_0.fk_slot 
    left join
        convocatorias c1_0 
            on c1_0.id_convocatoria=s1_0.fk_convocatoria 
    where
        p1_0.fk_materia=?
Hibernate: 
    delete 
    from
        materias 
    where
        id=?
2026-05-28T21:32:16.872+02:00  INFO 37108 --- [dawBB] [           main] B.dawBB.seguridad.JwtRequestFilter       : El token no comienza con Bearer
2026-05-28T21:32:16.874+02:00  INFO 37108 --- [dawBB] [           main] o.s.boot.tomcat.GracefulShutdown         : Commencing graceful shutdown. Waiting for active requests to complete
2026-05-28T21:32:16.896+02:00  INFO 37108 --- [dawBB] [tomcat-shutdown] o.s.boot.tomcat.GracefulShutdown         : Graceful shutdown complete
2026-05-28T21:32:16.898+02:00  INFO 37108 --- [dawBB] [           main] j.LocalContainerEntityManagerFactoryBean : Closing JPA EntityManagerFactory for persistence unit 'default'
2026-05-28T21:32:16.899+02:00  INFO 37108 --- [dawBB] [           main] com.zaxxer.hikari.HikariDataSource       : HikariPool-34 - Shutdown initiated...
2026-05-28T21:32:16.931+02:00  INFO 37108 --- [dawBB] [           main] com.zaxxer.hikari.HikariDataSource       : HikariPool-34 - Shutdown completed.
]]></system-out>
  </testcase>
  <testcase name="actualizarMateriaInexistente" classname="En el controlador de materias" time="0.073">
    <system-out><![CDATA[
  .   ____          _            __ _ _
 /\\ / ___'_ __ _ _(_)_ __  __ _ \ \ \ \
( ( )\___ | '_ | '_| | '_ \/ _` | \ \ \ \
 \\/  ___)| |_)| | | | | || (_| |  ) ) ) )
  '  |____| .__|_| |_|_| |_\__, | / / / /
 =========|_|==============|___/=/_/_/_/

 :: Spring Boot ::                (v4.0.3)

2026-05-28T21:32:16.946+02:00  INFO 37108 --- [dawBB] [           main] B.dawBB.MateriasEndpointsTests           : Starting MateriasEndpointsTests using Java 21.0.10 with PID 37108 (started by andre in C:\Users\andre\Desktop\CURSO2526\SEGUNDO_CUATRI\DAW\pau-pevau-backend-boys\dawBB)
2026-05-28T21:32:16.946+02:00  INFO 37108 --- [dawBB] [           main] B.dawBB.MateriasEndpointsTests           : No active profile set, falling back to 1 default profile: "default"
2026-05-28T21:32:17.037+02:00  INFO 37108 --- [dawBB] [           main] .s.d.r.c.RepositoryConfigurationDelegate : Bootstrapping Spring Data JPA repositories in DEFAULT mode.
2026-05-28T21:32:17.045+02:00  INFO 37108 --- [dawBB] [           main] .s.d.r.c.RepositoryConfigurationDelegate : Finished Spring Data repository scanning in 6 ms. Found 4 JPA repository interfaces.
2026-05-28T21:32:17.088+02:00  INFO 37108 --- [dawBB] [           main] o.s.boot.tomcat.TomcatWebServer          : Tomcat initialized with port 0 (http)
2026-05-28T21:32:17.088+02:00  INFO 37108 --- [dawBB] [           main] o.apache.catalina.core.StandardService   : Starting service [Tomcat]
2026-05-28T21:32:17.089+02:00  INFO 37108 --- [dawBB] [           main] o.apache.catalina.core.StandardEngine    : Starting Servlet engine: [Apache Tomcat/11.0.18]
2026-05-28T21:32:17.110+02:00  INFO 37108 --- [dawBB] [           main] b.w.c.s.WebApplicationContextInitializer : Root WebApplicationContext: initialization completed in 163 ms
2026-05-28T21:32:17.127+02:00  INFO 37108 --- [dawBB] [           main] org.hibernate.orm.jpa                    : HHH008540: Processing PersistenceUnitInfo [name: default]
2026-05-28T21:32:17.140+02:00  INFO 37108 --- [dawBB] [           main] o.s.o.j.p.SpringPersistenceUnitInfo      : No LoadTimeWeaver setup: ignoring JPA class transformer
2026-05-28T21:32:17.140+02:00  INFO 37108 --- [dawBB] [           main] com.zaxxer.hikari.HikariDataSource       : HikariPool-35 - Starting...
2026-05-28T21:32:17.141+02:00  INFO 37108 --- [dawBB] [           main] com.zaxxer.hikari.pool.HikariPool        : HikariPool-35 - Added connection conn289: url=jdbc:h2:./daw user=SA
2026-05-28T21:32:17.141+02:00  INFO 37108 --- [dawBB] [           main] com.zaxxer.hikari.HikariDataSource       : HikariPool-35 - Start completed.
2026-05-28T21:32:17.142+02:00  WARN 37108 --- [dawBB] [           main] org.hibernate.orm.deprecation            : HHH90000025: H2Dialect does not need to be specified explicitly using 'hibernate.dialect' (remove the property setting and it will be selected by default)
2026-05-28T21:32:17.142+02:00  INFO 37108 --- [dawBB] [           main] org.hibernate.orm.connections.pooling    : HHH10001005: Database info:
	Database JDBC URL [jdbc:h2:./daw]
	Database driver: H2 JDBC Driver
	Database dialect: H2Dialect
	Database version: 2.4.240
	Default catalog/schema: DAW/PUBLIC
	Autocommit mode: undefined/unknown
	Isolation level: READ_COMMITTED [default READ_COMMITTED]
	JDBC fetch size: 100
	Pool: DataSourceConnectionProvider
	Minimum pool size: undefined/unknown
	Maximum pool size: undefined/unknown
2026-05-28T21:32:17.173+02:00  INFO 37108 --- [dawBB] [           main] org.hibernate.orm.core                   : HHH000489: No JTA platform available (set 'hibernate.transaction.jta.platform' to enable JTA platform integration)
2026-05-28T21:32:17.175+02:00  INFO 37108 --- [dawBB] [           main] j.LocalContainerEntityManagerFactoryBean : Initialized JPA EntityManagerFactory for persistence unit 'default'
2026-05-28T21:32:17.208+02:00  WARN 37108 --- [dawBB] [           main] JpaBaseConfiguration$JpaWebConfiguration : spring.jpa.open-in-view is enabled by default. Therefore, database queries may be performed during view rendering. Explicitly configure spring.jpa.open-in-view to disable this warning
2026-05-28T21:32:17.296+02:00  INFO 37108 --- [dawBB] [           main] o.s.boot.tomcat.TomcatWebServer          : Tomcat started on port 55802 (http) with context path '/'
2026-05-28T21:32:17.297+02:00  INFO 37108 --- [dawBB] [           main] B.dawBB.MateriasEndpointsTests           : Started MateriasEndpointsTests in 0.363 seconds (process running for 64.745)
2026-05-28T21:32:17.298+02:00  WARN 37108 --- [dawBB] [           main] o.s.core.events.SpringDocAppInitializer  : SpringDoc /v3/api-docs endpoint is enabled by default. To disable it in production, set the property 'springdoc.api-docs.enabled=false'
2026-05-28T21:32:17.298+02:00  WARN 37108 --- [dawBB] [           main] o.s.core.events.SpringDocAppInitializer  : SpringDoc /swagger-ui.html endpoint is enabled by default. To disable it in production, set the property 'springdoc.swagger-ui.enabled=false'
Hibernate: 
    select
        m1_0.id,
        m1_0.eliminada,
        m1_0.nombre 
    from
        materias m1_0
2026-05-28T21:32:17.307+02:00  INFO 37108 --- [dawBB] [-auto-35-exec-1] o.a.c.c.C.[Tomcat-1].[localhost].[/]     : Initializing Spring DispatcherServlet 'dispatcherServlet'
2026-05-28T21:32:17.307+02:00  INFO 37108 --- [dawBB] [-auto-35-exec-1] o.s.web.servlet.DispatcherServlet        : Initializing Servlet 'dispatcherServlet'
2026-05-28T21:32:17.308+02:00  INFO 37108 --- [dawBB] [-auto-35-exec-1] o.s.web.servlet.DispatcherServlet        : Completed initialization in 1 ms
2026-05-28T21:32:17.309+02:00  INFO 37108 --- [dawBB] [-auto-35-exec-1] B.dawBB.seguridad.JwtRequestFilter       : usuario = test_user
Hibernate: 
    select
        m1_0.id,
        m1_0.eliminada,
        m1_0.nombre 
    from
        materias m1_0 
    where
        m1_0.id=?
2026-05-28T21:32:17.319+02:00  INFO 37108 --- [dawBB] [           main] o.s.boot.tomcat.GracefulShutdown         : Commencing graceful shutdown. Waiting for active requests to complete
2026-05-28T21:32:17.338+02:00  INFO 37108 --- [dawBB] [tomcat-shutdown] o.s.boot.tomcat.GracefulShutdown         : Graceful shutdown complete
2026-05-28T21:32:17.339+02:00  INFO 37108 --- [dawBB] [           main] j.LocalContainerEntityManagerFactoryBean : Closing JPA EntityManagerFactory for persistence unit 'default'
2026-05-28T21:32:17.339+02:00  INFO 37108 --- [dawBB] [           main] com.zaxxer.hikari.HikariDataSource       : HikariPool-35 - Shutdown initiated...
2026-05-28T21:32:17.369+02:00  INFO 37108 --- [dawBB] [           main] com.zaxxer.hikari.HikariDataSource       : HikariPool-35 - Shutdown completed.
]]></system-out>
  </testcase>
  <testcase name="eliminarMateriaSinAutenticacion" classname="En el controlador de materias" time="0.044">
    <system-out><![CDATA[
  .   ____          _            __ _ _
 /\\ / ___'_ __ _ _(_)_ __  __ _ \ \ \ \
( ( )\___ | '_ | '_| | '_ \/ _` | \ \ \ \
 \\/  ___)| |_)| | | | | || (_| |  ) ) ) )
  '  |____| .__|_| |_|_| |_\__, | / / / /
 =========|_|==============|___/=/_/_/_/

 :: Spring Boot ::                (v4.0.3)

2026-05-28T21:32:17.383+02:00  INFO 37108 --- [dawBB] [           main] B.dawBB.MateriasEndpointsTests           : Starting MateriasEndpointsTests using Java 21.0.10 with PID 37108 (started by andre in C:\Users\andre\Desktop\CURSO2526\SEGUNDO_CUATRI\DAW\pau-pevau-backend-boys\dawBB)
2026-05-28T21:32:17.383+02:00  INFO 37108 --- [dawBB] [           main] B.dawBB.MateriasEndpointsTests           : No active profile set, falling back to 1 default profile: "default"
2026-05-28T21:32:17.485+02:00  INFO 37108 --- [dawBB] [           main] .s.d.r.c.RepositoryConfigurationDelegate : Bootstrapping Spring Data JPA repositories in DEFAULT mode.
2026-05-28T21:32:17.492+02:00  INFO 37108 --- [dawBB] [           main] .s.d.r.c.RepositoryConfigurationDelegate : Finished Spring Data repository scanning in 6 ms. Found 4 JPA repository interfaces.
2026-05-28T21:32:17.523+02:00  INFO 37108 --- [dawBB] [           main] o.s.boot.tomcat.TomcatWebServer          : Tomcat initialized with port 0 (http)
2026-05-28T21:32:17.524+02:00  INFO 37108 --- [dawBB] [           main] o.apache.catalina.core.StandardService   : Starting service [Tomcat]
2026-05-28T21:32:17.524+02:00  INFO 37108 --- [dawBB] [           main] o.apache.catalina.core.StandardEngine    : Starting Servlet engine: [Apache Tomcat/11.0.18]
2026-05-28T21:32:17.542+02:00  INFO 37108 --- [dawBB] [           main] b.w.c.s.WebApplicationContextInitializer : Root WebApplicationContext: initialization completed in 158 ms
2026-05-28T21:32:17.560+02:00  INFO 37108 --- [dawBB] [           main] org.hibernate.orm.jpa                    : HHH008540: Processing PersistenceUnitInfo [name: default]
2026-05-28T21:32:17.574+02:00  INFO 37108 --- [dawBB] [           main] o.s.o.j.p.SpringPersistenceUnitInfo      : No LoadTimeWeaver setup: ignoring JPA class transformer
2026-05-28T21:32:17.574+02:00  INFO 37108 --- [dawBB] [           main] com.zaxxer.hikari.HikariDataSource       : HikariPool-36 - Starting...
2026-05-28T21:32:17.576+02:00  INFO 37108 --- [dawBB] [           main] com.zaxxer.hikari.pool.HikariPool        : HikariPool-36 - Added connection conn294: url=jdbc:h2:./daw user=SA
2026-05-28T21:32:17.576+02:00  INFO 37108 --- [dawBB] [           main] com.zaxxer.hikari.HikariDataSource       : HikariPool-36 - Start completed.
2026-05-28T21:32:17.576+02:00  WARN 37108 --- [dawBB] [           main] org.hibernate.orm.deprecation            : HHH90000025: H2Dialect does not need to be specified explicitly using 'hibernate.dialect' (remove the property setting and it will be selected by default)
2026-05-28T21:32:17.576+02:00  INFO 37108 --- [dawBB] [           main] org.hibernate.orm.connections.pooling    : HHH10001005: Database info:
	Database JDBC URL [jdbc:h2:./daw]
	Database driver: H2 JDBC Driver
	Database dialect: H2Dialect
	Database version: 2.4.240
	Default catalog/schema: DAW/PUBLIC
	Autocommit mode: undefined/unknown
	Isolation level: READ_COMMITTED [default READ_COMMITTED]
	JDBC fetch size: 100
	Pool: DataSourceConnectionProvider
	Minimum pool size: undefined/unknown
	Maximum pool size: undefined/unknown
2026-05-28T21:32:17.604+02:00  INFO 37108 --- [dawBB] [           main] org.hibernate.orm.core                   : HHH000489: No JTA platform available (set 'hibernate.transaction.jta.platform' to enable JTA platform integration)
2026-05-28T21:32:17.607+02:00  INFO 37108 --- [dawBB] [           main] j.LocalContainerEntityManagerFactoryBean : Initialized JPA EntityManagerFactory for persistence unit 'default'
2026-05-28T21:32:17.636+02:00  WARN 37108 --- [dawBB] [           main] JpaBaseConfiguration$JpaWebConfiguration : spring.jpa.open-in-view is enabled by default. Therefore, database queries may be performed during view rendering. Explicitly configure spring.jpa.open-in-view to disable this warning
2026-05-28T21:32:17.726+02:00  INFO 37108 --- [dawBB] [           main] o.s.boot.tomcat.TomcatWebServer          : Tomcat started on port 55805 (http) with context path '/'
2026-05-28T21:32:17.727+02:00  INFO 37108 --- [dawBB] [           main] B.dawBB.MateriasEndpointsTests           : Started MateriasEndpointsTests in 0.354 seconds (process running for 65.175)
2026-05-28T21:32:17.728+02:00  WARN 37108 --- [dawBB] [           main] o.s.core.events.SpringDocAppInitializer  : SpringDoc /v3/api-docs endpoint is enabled by default. To disable it in production, set the property 'springdoc.api-docs.enabled=false'
2026-05-28T21:32:17.728+02:00  WARN 37108 --- [dawBB] [           main] o.s.core.events.SpringDocAppInitializer  : SpringDoc /swagger-ui.html endpoint is enabled by default. To disable it in production, set the property 'springdoc.swagger-ui.enabled=false'
Hibernate: 
    select
        m1_0.id,
        m1_0.eliminada,
        m1_0.nombre 
    from
        materias m1_0
2026-05-28T21:32:17.739+02:00  INFO 37108 --- [dawBB] [-auto-36-exec-1] o.a.c.c.C.[Tomcat-1].[localhost].[/]     : Initializing Spring DispatcherServlet 'dispatcherServlet'
2026-05-28T21:32:17.739+02:00  INFO 37108 --- [dawBB] [-auto-36-exec-1] o.s.web.servlet.DispatcherServlet        : Initializing Servlet 'dispatcherServlet'
2026-05-28T21:32:17.740+02:00  INFO 37108 --- [dawBB] [-auto-36-exec-1] o.s.web.servlet.DispatcherServlet        : Completed initialization in 1 ms
2026-05-28T21:32:17.740+02:00  INFO 37108 --- [dawBB] [-auto-36-exec-1] B.dawBB.seguridad.JwtRequestFilter       : El token no comienza con Bearer
2026-05-28T21:32:17.743+02:00  INFO 37108 --- [dawBB] [           main] o.s.boot.tomcat.GracefulShutdown         : Commencing graceful shutdown. Waiting for active requests to complete
2026-05-28T21:32:17.762+02:00  INFO 37108 --- [dawBB] [tomcat-shutdown] o.s.boot.tomcat.GracefulShutdown         : Graceful shutdown complete
2026-05-28T21:32:17.763+02:00  INFO 37108 --- [dawBB] [           main] j.LocalContainerEntityManagerFactoryBean : Closing JPA EntityManagerFactory for persistence unit 'default'
2026-05-28T21:32:17.763+02:00  INFO 37108 --- [dawBB] [           main] com.zaxxer.hikari.HikariDataSource       : HikariPool-36 - Shutdown initiated...
2026-05-28T21:32:17.771+02:00  INFO 37108 --- [dawBB] [           main] com.zaxxer.hikari.HikariDataSource       : HikariPool-36 - Shutdown completed.
]]></system-out>
  </testcase>
  <testcase name="crearMateriaSinAutenticacion" classname="En el controlador de materias" time="0.043">
    <system-out><![CDATA[
  .   ____          _            __ _ _
 /\\ / ___'_ __ _ _(_)_ __  __ _ \ \ \ \
( ( )\___ | '_ | '_| | '_ \/ _` | \ \ \ \
 \\/  ___)| |_)| | | | | || (_| |  ) ) ) )
  '  |____| .__|_| |_|_| |_\__, | / / / /
 =========|_|==============|___/=/_/_/_/

 :: Spring Boot ::                (v4.0.3)

2026-05-28T21:32:17.788+02:00  INFO 37108 --- [dawBB] [           main] B.dawBB.MateriasEndpointsTests           : Starting MateriasEndpointsTests using Java 21.0.10 with PID 37108 (started by andre in C:\Users\andre\Desktop\CURSO2526\SEGUNDO_CUATRI\DAW\pau-pevau-backend-boys\dawBB)
2026-05-28T21:32:17.788+02:00  INFO 37108 --- [dawBB] [           main] B.dawBB.MateriasEndpointsTests           : No active profile set, falling back to 1 default profile: "default"
2026-05-28T21:32:17.881+02:00  INFO 37108 --- [dawBB] [           main] .s.d.r.c.RepositoryConfigurationDelegate : Bootstrapping Spring Data JPA repositories in DEFAULT mode.
2026-05-28T21:32:17.887+02:00  INFO 37108 --- [dawBB] [           main] .s.d.r.c.RepositoryConfigurationDelegate : Finished Spring Data repository scanning in 5 ms. Found 4 JPA repository interfaces.
2026-05-28T21:32:17.918+02:00  INFO 37108 --- [dawBB] [           main] o.s.boot.tomcat.TomcatWebServer          : Tomcat initialized with port 0 (http)
2026-05-28T21:32:17.918+02:00  INFO 37108 --- [dawBB] [           main] o.apache.catalina.core.StandardService   : Starting service [Tomcat]
2026-05-28T21:32:17.918+02:00  INFO 37108 --- [dawBB] [           main] o.apache.catalina.core.StandardEngine    : Starting Servlet engine: [Apache Tomcat/11.0.18]
2026-05-28T21:32:17.937+02:00  INFO 37108 --- [dawBB] [           main] b.w.c.s.WebApplicationContextInitializer : Root WebApplicationContext: initialization completed in 148 ms
2026-05-28T21:32:17.954+02:00  INFO 37108 --- [dawBB] [           main] org.hibernate.orm.jpa                    : HHH008540: Processing PersistenceUnitInfo [name: default]
2026-05-28T21:32:17.967+02:00  INFO 37108 --- [dawBB] [           main] o.s.o.j.p.SpringPersistenceUnitInfo      : No LoadTimeWeaver setup: ignoring JPA class transformer
2026-05-28T21:32:17.967+02:00  INFO 37108 --- [dawBB] [           main] com.zaxxer.hikari.HikariDataSource       : HikariPool-37 - Starting...
2026-05-28T21:32:17.968+02:00  INFO 37108 --- [dawBB] [           main] com.zaxxer.hikari.pool.HikariPool        : HikariPool-37 - Added connection conn298: url=jdbc:h2:./daw user=SA
2026-05-28T21:32:17.969+02:00  INFO 37108 --- [dawBB] [           main] com.zaxxer.hikari.HikariDataSource       : HikariPool-37 - Start completed.
2026-05-28T21:32:17.969+02:00  WARN 37108 --- [dawBB] [           main] org.hibernate.orm.deprecation            : HHH90000025: H2Dialect does not need to be specified explicitly using 'hibernate.dialect' (remove the property setting and it will be selected by default)
2026-05-28T21:32:17.969+02:00  INFO 37108 --- [dawBB] [           main] org.hibernate.orm.connections.pooling    : HHH10001005: Database info:
	Database JDBC URL [jdbc:h2:./daw]
	Database driver: H2 JDBC Driver
	Database dialect: H2Dialect
	Database version: 2.4.240
	Default catalog/schema: DAW/PUBLIC
	Autocommit mode: undefined/unknown
	Isolation level: READ_COMMITTED [default READ_COMMITTED]
	JDBC fetch size: 100
	Pool: DataSourceConnectionProvider
	Minimum pool size: undefined/unknown
	Maximum pool size: undefined/unknown
2026-05-28T21:32:18.003+02:00  INFO 37108 --- [dawBB] [           main] org.hibernate.orm.core                   : HHH000489: No JTA platform available (set 'hibernate.transaction.jta.platform' to enable JTA platform integration)
2026-05-28T21:32:18.006+02:00  INFO 37108 --- [dawBB] [           main] j.LocalContainerEntityManagerFactoryBean : Initialized JPA EntityManagerFactory for persistence unit 'default'
2026-05-28T21:32:18.038+02:00  WARN 37108 --- [dawBB] [           main] JpaBaseConfiguration$JpaWebConfiguration : spring.jpa.open-in-view is enabled by default. Therefore, database queries may be performed during view rendering. Explicitly configure spring.jpa.open-in-view to disable this warning
2026-05-28T21:32:18.155+02:00  INFO 37108 --- [dawBB] [           main] o.s.boot.tomcat.TomcatWebServer          : Tomcat started on port 55808 (http) with context path '/'
2026-05-28T21:32:18.157+02:00  INFO 37108 --- [dawBB] [           main] B.dawBB.MateriasEndpointsTests           : Started MateriasEndpointsTests in 0.381 seconds (process running for 65.604)
2026-05-28T21:32:18.157+02:00  WARN 37108 --- [dawBB] [           main] o.s.core.events.SpringDocAppInitializer  : SpringDoc /v3/api-docs endpoint is enabled by default. To disable it in production, set the property 'springdoc.api-docs.enabled=false'
2026-05-28T21:32:18.157+02:00  WARN 37108 --- [dawBB] [           main] o.s.core.events.SpringDocAppInitializer  : SpringDoc /swagger-ui.html endpoint is enabled by default. To disable it in production, set the property 'springdoc.swagger-ui.enabled=false'
Hibernate: 
    select
        m1_0.id,
        m1_0.eliminada,
        m1_0.nombre 
    from
        materias m1_0
2026-05-28T21:32:18.170+02:00  INFO 37108 --- [dawBB] [-auto-37-exec-1] o.a.c.c.C.[Tomcat-1].[localhost].[/]     : Initializing Spring DispatcherServlet 'dispatcherServlet'
2026-05-28T21:32:18.170+02:00  INFO 37108 --- [dawBB] [-auto-37-exec-1] o.s.web.servlet.DispatcherServlet        : Initializing Servlet 'dispatcherServlet'
2026-05-28T21:32:18.170+02:00  INFO 37108 --- [dawBB] [-auto-37-exec-1] o.s.web.servlet.DispatcherServlet        : Completed initialization in 0 ms
2026-05-28T21:32:18.171+02:00  INFO 37108 --- [dawBB] [-auto-37-exec-1] B.dawBB.seguridad.JwtRequestFilter       : El token no comienza con Bearer
2026-05-28T21:32:18.174+02:00  INFO 37108 --- [dawBB] [           main] o.s.boot.tomcat.GracefulShutdown         : Commencing graceful shutdown. Waiting for active requests to complete
2026-05-28T21:32:18.193+02:00  INFO 37108 --- [dawBB] [tomcat-shutdown] o.s.boot.tomcat.GracefulShutdown         : Graceful shutdown complete
2026-05-28T21:32:18.194+02:00  INFO 37108 --- [dawBB] [           main] j.LocalContainerEntityManagerFactoryBean : Closing JPA EntityManagerFactory for persistence unit 'default'
2026-05-28T21:32:18.194+02:00  INFO 37108 --- [dawBB] [           main] com.zaxxer.hikari.HikariDataSource       : HikariPool-37 - Shutdown initiated...
2026-05-28T21:32:18.200+02:00  INFO 37108 --- [dawBB] [           main] com.zaxxer.hikari.HikariDataSource       : HikariPool-37 - Shutdown completed.
]]></system-out>
  </testcase>
  <testcase name="obtenerMateriasVacia" classname="En el controlador de materias" time="0.066">
    <system-out><![CDATA[
  .   ____          _            __ _ _
 /\\ / ___'_ __ _ _(_)_ __  __ _ \ \ \ \
( ( )\___ | '_ | '_| | '_ \/ _` | \ \ \ \
 \\/  ___)| |_)| | | | | || (_| |  ) ) ) )
  '  |____| .__|_| |_|_| |_\__, | / / / /
 =========|_|==============|___/=/_/_/_/

 :: Spring Boot ::                (v4.0.3)

2026-05-28T21:32:18.214+02:00  INFO 37108 --- [dawBB] [           main] B.dawBB.MateriasEndpointsTests           : Starting MateriasEndpointsTests using Java 21.0.10 with PID 37108 (started by andre in C:\Users\andre\Desktop\CURSO2526\SEGUNDO_CUATRI\DAW\pau-pevau-backend-boys\dawBB)
2026-05-28T21:32:18.214+02:00  INFO 37108 --- [dawBB] [           main] B.dawBB.MateriasEndpointsTests           : No active profile set, falling back to 1 default profile: "default"
2026-05-28T21:32:18.309+02:00  INFO 37108 --- [dawBB] [           main] .s.d.r.c.RepositoryConfigurationDelegate : Bootstrapping Spring Data JPA repositories in DEFAULT mode.
2026-05-28T21:32:18.317+02:00  INFO 37108 --- [dawBB] [           main] .s.d.r.c.RepositoryConfigurationDelegate : Finished Spring Data repository scanning in 7 ms. Found 4 JPA repository interfaces.
2026-05-28T21:32:18.348+02:00  INFO 37108 --- [dawBB] [           main] o.s.boot.tomcat.TomcatWebServer          : Tomcat initialized with port 0 (http)
2026-05-28T21:32:18.348+02:00  INFO 37108 --- [dawBB] [           main] o.apache.catalina.core.StandardService   : Starting service [Tomcat]
2026-05-28T21:32:18.348+02:00  INFO 37108 --- [dawBB] [           main] o.apache.catalina.core.StandardEngine    : Starting Servlet engine: [Apache Tomcat/11.0.18]
2026-05-28T21:32:18.369+02:00  INFO 37108 --- [dawBB] [           main] b.w.c.s.WebApplicationContextInitializer : Root WebApplicationContext: initialization completed in 154 ms
2026-05-28T21:32:18.386+02:00  INFO 37108 --- [dawBB] [           main] org.hibernate.orm.jpa                    : HHH008540: Processing PersistenceUnitInfo [name: default]
2026-05-28T21:32:18.399+02:00  INFO 37108 --- [dawBB] [           main] o.s.o.j.p.SpringPersistenceUnitInfo      : No LoadTimeWeaver setup: ignoring JPA class transformer
2026-05-28T21:32:18.400+02:00  INFO 37108 --- [dawBB] [           main] com.zaxxer.hikari.HikariDataSource       : HikariPool-38 - Starting...
2026-05-28T21:32:18.401+02:00  INFO 37108 --- [dawBB] [           main] com.zaxxer.hikari.pool.HikariPool        : HikariPool-38 - Added connection conn303: url=jdbc:h2:./daw user=SA
2026-05-28T21:32:18.401+02:00  INFO 37108 --- [dawBB] [           main] com.zaxxer.hikari.HikariDataSource       : HikariPool-38 - Start completed.
2026-05-28T21:32:18.401+02:00  WARN 37108 --- [dawBB] [           main] org.hibernate.orm.deprecation            : HHH90000025: H2Dialect does not need to be specified explicitly using 'hibernate.dialect' (remove the property setting and it will be selected by default)
2026-05-28T21:32:18.402+02:00  INFO 37108 --- [dawBB] [           main] org.hibernate.orm.connections.pooling    : HHH10001005: Database info:
	Database JDBC URL [jdbc:h2:./daw]
	Database driver: H2 JDBC Driver
	Database dialect: H2Dialect
	Database version: 2.4.240
	Default catalog/schema: DAW/PUBLIC
	Autocommit mode: undefined/unknown
	Isolation level: READ_COMMITTED [default READ_COMMITTED]
	JDBC fetch size: 100
	Pool: DataSourceConnectionProvider
	Minimum pool size: undefined/unknown
	Maximum pool size: undefined/unknown
2026-05-28T21:32:18.438+02:00  INFO 37108 --- [dawBB] [           main] org.hibernate.orm.core                   : HHH000489: No JTA platform available (set 'hibernate.transaction.jta.platform' to enable JTA platform integration)
2026-05-28T21:32:18.440+02:00  INFO 37108 --- [dawBB] [           main] j.LocalContainerEntityManagerFactoryBean : Initialized JPA EntityManagerFactory for persistence unit 'default'
2026-05-28T21:32:18.472+02:00  WARN 37108 --- [dawBB] [           main] JpaBaseConfiguration$JpaWebConfiguration : spring.jpa.open-in-view is enabled by default. Therefore, database queries may be performed during view rendering. Explicitly configure spring.jpa.open-in-view to disable this warning
2026-05-28T21:32:18.562+02:00  INFO 37108 --- [dawBB] [           main] o.s.boot.tomcat.TomcatWebServer          : Tomcat started on port 55811 (http) with context path '/'
2026-05-28T21:32:18.564+02:00  INFO 37108 --- [dawBB] [           main] B.dawBB.MateriasEndpointsTests           : Started MateriasEndpointsTests in 0.36 seconds (process running for 66.011)
2026-05-28T21:32:18.564+02:00  WARN 37108 --- [dawBB] [           main] o.s.core.events.SpringDocAppInitializer  : SpringDoc /v3/api-docs endpoint is enabled by default. To disable it in production, set the property 'springdoc.api-docs.enabled=false'
2026-05-28T21:32:18.564+02:00  WARN 37108 --- [dawBB] [           main] o.s.core.events.SpringDocAppInitializer  : SpringDoc /swagger-ui.html endpoint is enabled by default. To disable it in production, set the property 'springdoc.swagger-ui.enabled=false'
Hibernate: 
    select
        m1_0.id,
        m1_0.eliminada,
        m1_0.nombre 
    from
        materias m1_0
2026-05-28T21:32:18.574+02:00  INFO 37108 --- [dawBB] [-auto-38-exec-1] o.a.c.c.C.[Tomcat-1].[localhost].[/]     : Initializing Spring DispatcherServlet 'dispatcherServlet'
2026-05-28T21:32:18.574+02:00  INFO 37108 --- [dawBB] [-auto-38-exec-1] o.s.web.servlet.DispatcherServlet        : Initializing Servlet 'dispatcherServlet'
2026-05-28T21:32:18.575+02:00  INFO 37108 --- [dawBB] [-auto-38-exec-1] o.s.web.servlet.DispatcherServlet        : Completed initialization in 1 ms
2026-05-28T21:32:18.576+02:00  INFO 37108 --- [dawBB] [-auto-38-exec-1] B.dawBB.seguridad.JwtRequestFilter       : usuario = test_user
Hibernate: 
    select
        m1_0.id,
        m1_0.eliminada,
        m1_0.nombre 
    from
        materias m1_0 
    where
        m1_0.eliminada=false
2026-05-28T21:32:18.601+02:00  INFO 37108 --- [dawBB] [           main] o.s.boot.tomcat.GracefulShutdown         : Commencing graceful shutdown. Waiting for active requests to complete
2026-05-28T21:32:18.620+02:00  INFO 37108 --- [dawBB] [tomcat-shutdown] o.s.boot.tomcat.GracefulShutdown         : Graceful shutdown complete
2026-05-28T21:32:18.621+02:00  INFO 37108 --- [dawBB] [           main] j.LocalContainerEntityManagerFactoryBean : Closing JPA EntityManagerFactory for persistence unit 'default'
2026-05-28T21:32:18.621+02:00  INFO 37108 --- [dawBB] [           main] com.zaxxer.hikari.HikariDataSource       : HikariPool-38 - Shutdown initiated...
2026-05-28T21:32:18.629+02:00  INFO 37108 --- [dawBB] [           main] com.zaxxer.hikari.HikariDataSource       : HikariPool-38 - Shutdown completed.
]]></system-out>
  </testcase>
  <testcase name="obtenerTodasLasMaterias" classname="En el controlador de materias" time="0.074">
    <system-out><![CDATA[
  .   ____          _            __ _ _
 /\\ / ___'_ __ _ _(_)_ __  __ _ \ \ \ \
( ( )\___ | '_ | '_| | '_ \/ _` | \ \ \ \
 \\/  ___)| |_)| | | | | || (_| |  ) ) ) )
  '  |____| .__|_| |_|_| |_\__, | / / / /
 =========|_|==============|___/=/_/_/_/

 :: Spring Boot ::                (v4.0.3)

2026-05-28T21:32:18.642+02:00  INFO 37108 --- [dawBB] [           main] B.dawBB.MateriasEndpointsTests           : Starting MateriasEndpointsTests using Java 21.0.10 with PID 37108 (started by andre in C:\Users\andre\Desktop\CURSO2526\SEGUNDO_CUATRI\DAW\pau-pevau-backend-boys\dawBB)
2026-05-28T21:32:18.642+02:00  INFO 37108 --- [dawBB] [           main] B.dawBB.MateriasEndpointsTests           : No active profile set, falling back to 1 default profile: "default"
2026-05-28T21:32:18.747+02:00  INFO 37108 --- [dawBB] [           main] .s.d.r.c.RepositoryConfigurationDelegate : Bootstrapping Spring Data JPA repositories in DEFAULT mode.
2026-05-28T21:32:18.754+02:00  INFO 37108 --- [dawBB] [           main] .s.d.r.c.RepositoryConfigurationDelegate : Finished Spring Data repository scanning in 5 ms. Found 4 JPA repository interfaces.
2026-05-28T21:32:18.787+02:00  INFO 37108 --- [dawBB] [           main] o.s.boot.tomcat.TomcatWebServer          : Tomcat initialized with port 0 (http)
2026-05-28T21:32:18.787+02:00  INFO 37108 --- [dawBB] [           main] o.apache.catalina.core.StandardService   : Starting service [Tomcat]
2026-05-28T21:32:18.787+02:00  INFO 37108 --- [dawBB] [           main] o.apache.catalina.core.StandardEngine    : Starting Servlet engine: [Apache Tomcat/11.0.18]
2026-05-28T21:32:18.806+02:00  INFO 37108 --- [dawBB] [           main] b.w.c.s.WebApplicationContextInitializer : Root WebApplicationContext: initialization completed in 163 ms
2026-05-28T21:32:18.825+02:00  INFO 37108 --- [dawBB] [           main] org.hibernate.orm.jpa                    : HHH008540: Processing PersistenceUnitInfo [name: default]
2026-05-28T21:32:18.837+02:00  INFO 37108 --- [dawBB] [           main] o.s.o.j.p.SpringPersistenceUnitInfo      : No LoadTimeWeaver setup: ignoring JPA class transformer
2026-05-28T21:32:18.838+02:00  INFO 37108 --- [dawBB] [           main] com.zaxxer.hikari.HikariDataSource       : HikariPool-39 - Starting...
2026-05-28T21:32:18.839+02:00  INFO 37108 --- [dawBB] [           main] com.zaxxer.hikari.pool.HikariPool        : HikariPool-39 - Added connection conn308: url=jdbc:h2:./daw user=SA
2026-05-28T21:32:18.839+02:00  INFO 37108 --- [dawBB] [           main] com.zaxxer.hikari.HikariDataSource       : HikariPool-39 - Start completed.
2026-05-28T21:32:18.839+02:00  WARN 37108 --- [dawBB] [           main] org.hibernate.orm.deprecation            : HHH90000025: H2Dialect does not need to be specified explicitly using 'hibernate.dialect' (remove the property setting and it will be selected by default)
2026-05-28T21:32:18.840+02:00  INFO 37108 --- [dawBB] [           main] org.hibernate.orm.connections.pooling    : HHH10001005: Database info:
	Database JDBC URL [jdbc:h2:./daw]
	Database driver: H2 JDBC Driver
	Database dialect: H2Dialect
	Database version: 2.4.240
	Default catalog/schema: DAW/PUBLIC
	Autocommit mode: undefined/unknown
	Isolation level: READ_COMMITTED [default READ_COMMITTED]
	JDBC fetch size: 100
	Pool: DataSourceConnectionProvider
	Minimum pool size: undefined/unknown
	Maximum pool size: undefined/unknown
2026-05-28T21:32:18.872+02:00  INFO 37108 --- [dawBB] [           main] org.hibernate.orm.core                   : HHH000489: No JTA platform available (set 'hibernate.transaction.jta.platform' to enable JTA platform integration)
2026-05-28T21:32:18.874+02:00  INFO 37108 --- [dawBB] [           main] j.LocalContainerEntityManagerFactoryBean : Initialized JPA EntityManagerFactory for persistence unit 'default'
2026-05-28T21:32:18.905+02:00  WARN 37108 --- [dawBB] [           main] JpaBaseConfiguration$JpaWebConfiguration : spring.jpa.open-in-view is enabled by default. Therefore, database queries may be performed during view rendering. Explicitly configure spring.jpa.open-in-view to disable this warning
2026-05-28T21:32:18.995+02:00  INFO 37108 --- [dawBB] [           main] o.s.boot.tomcat.TomcatWebServer          : Tomcat started on port 55814 (http) with context path '/'
2026-05-28T21:32:18.996+02:00  INFO 37108 --- [dawBB] [           main] B.dawBB.MateriasEndpointsTests           : Started MateriasEndpointsTests in 0.364 seconds (process running for 66.444)
2026-05-28T21:32:18.997+02:00  WARN 37108 --- [dawBB] [           main] o.s.core.events.SpringDocAppInitializer  : SpringDoc /v3/api-docs endpoint is enabled by default. To disable it in production, set the property 'springdoc.api-docs.enabled=false'
2026-05-28T21:32:18.997+02:00  WARN 37108 --- [dawBB] [           main] o.s.core.events.SpringDocAppInitializer  : SpringDoc /swagger-ui.html endpoint is enabled by default. To disable it in production, set the property 'springdoc.swagger-ui.enabled=false'
Hibernate: 
    select
        m1_0.id,
        m1_0.eliminada,
        m1_0.nombre 
    from
        materias m1_0
Hibernate: 
    insert 
    into
        materias
        (eliminada, nombre, id) 
    values
        (?, ?, default)
Hibernate: 
    insert 
    into
        materias
        (eliminada, nombre, id) 
    values
        (?, ?, default)
Hibernate: 
    insert 
    into
        materias
        (eliminada, nombre, id) 
    values
        (?, ?, default)
2026-05-28T21:32:19.012+02:00  INFO 37108 --- [dawBB] [-auto-39-exec-2] o.a.c.c.C.[Tomcat-1].[localhost].[/]     : Initializing Spring DispatcherServlet 'dispatcherServlet'
2026-05-28T21:32:19.012+02:00  INFO 37108 --- [dawBB] [-auto-39-exec-2] o.s.web.servlet.DispatcherServlet        : Initializing Servlet 'dispatcherServlet'
2026-05-28T21:32:19.013+02:00  INFO 37108 --- [dawBB] [-auto-39-exec-2] o.s.web.servlet.DispatcherServlet        : Completed initialization in 1 ms
2026-05-28T21:32:19.014+02:00  INFO 37108 --- [dawBB] [-auto-39-exec-2] B.dawBB.seguridad.JwtRequestFilter       : usuario = test_user
Hibernate: 
    select
        m1_0.id,
        m1_0.eliminada,
        m1_0.nombre 
    from
        materias m1_0 
    where
        m1_0.eliminada=false
2026-05-28T21:32:19.042+02:00  INFO 37108 --- [dawBB] [           main] o.s.boot.tomcat.GracefulShutdown         : Commencing graceful shutdown. Waiting for active requests to complete
2026-05-28T21:32:19.062+02:00  INFO 37108 --- [dawBB] [tomcat-shutdown] o.s.boot.tomcat.GracefulShutdown         : Graceful shutdown complete
2026-05-28T21:32:19.064+02:00  INFO 37108 --- [dawBB] [           main] j.LocalContainerEntityManagerFactoryBean : Closing JPA EntityManagerFactory for persistence unit 'default'
2026-05-28T21:32:19.064+02:00  INFO 37108 --- [dawBB] [           main] com.zaxxer.hikari.HikariDataSource       : HikariPool-39 - Shutdown initiated...
2026-05-28T21:32:19.069+02:00  INFO 37108 --- [dawBB] [           main] com.zaxxer.hikari.HikariDataSource       : HikariPool-39 - Shutdown completed.
]]></system-out>
  </testcase>
  <testcase name="obtenerMateriaExistente" classname="En el controlador de materias" time="0.072">
    <system-out><![CDATA[
  .   ____          _            __ _ _
 /\\ / ___'_ __ _ _(_)_ __  __ _ \ \ \ \
( ( )\___ | '_ | '_| | '_ \/ _` | \ \ \ \
 \\/  ___)| |_)| | | | | || (_| |  ) ) ) )
  '  |____| .__|_| |_|_| |_\__, | / / / /
 =========|_|==============|___/=/_/_/_/

 :: Spring Boot ::                (v4.0.3)

2026-05-28T21:32:19.082+02:00  INFO 37108 --- [dawBB] [           main] B.dawBB.MateriasEndpointsTests           : Starting MateriasEndpointsTests using Java 21.0.10 with PID 37108 (started by andre in C:\Users\andre\Desktop\CURSO2526\SEGUNDO_CUATRI\DAW\pau-pevau-backend-boys\dawBB)
2026-05-28T21:32:19.082+02:00  INFO 37108 --- [dawBB] [           main] B.dawBB.MateriasEndpointsTests           : No active profile set, falling back to 1 default profile: "default"
2026-05-28T21:32:19.178+02:00  INFO 37108 --- [dawBB] [           main] .s.d.r.c.RepositoryConfigurationDelegate : Bootstrapping Spring Data JPA repositories in DEFAULT mode.
2026-05-28T21:32:19.185+02:00  INFO 37108 --- [dawBB] [           main] .s.d.r.c.RepositoryConfigurationDelegate : Finished Spring Data repository scanning in 5 ms. Found 4 JPA repository interfaces.
2026-05-28T21:32:19.217+02:00  INFO 37108 --- [dawBB] [           main] o.s.boot.tomcat.TomcatWebServer          : Tomcat initialized with port 0 (http)
2026-05-28T21:32:19.218+02:00  INFO 37108 --- [dawBB] [           main] o.apache.catalina.core.StandardService   : Starting service [Tomcat]
2026-05-28T21:32:19.218+02:00  INFO 37108 --- [dawBB] [           main] o.apache.catalina.core.StandardEngine    : Starting Servlet engine: [Apache Tomcat/11.0.18]
2026-05-28T21:32:19.238+02:00  INFO 37108 --- [dawBB] [           main] b.w.c.s.WebApplicationContextInitializer : Root WebApplicationContext: initialization completed in 155 ms
2026-05-28T21:32:19.254+02:00  INFO 37108 --- [dawBB] [           main] org.hibernate.orm.jpa                    : HHH008540: Processing PersistenceUnitInfo [name: default]
2026-05-28T21:32:19.266+02:00  INFO 37108 --- [dawBB] [           main] o.s.o.j.p.SpringPersistenceUnitInfo      : No LoadTimeWeaver setup: ignoring JPA class transformer
2026-05-28T21:32:19.267+02:00  INFO 37108 --- [dawBB] [           main] com.zaxxer.hikari.HikariDataSource       : HikariPool-40 - Starting...
2026-05-28T21:32:19.268+02:00  INFO 37108 --- [dawBB] [           main] com.zaxxer.hikari.pool.HikariPool        : HikariPool-40 - Added connection conn313: url=jdbc:h2:./daw user=SA
2026-05-28T21:32:19.268+02:00  INFO 37108 --- [dawBB] [           main] com.zaxxer.hikari.HikariDataSource       : HikariPool-40 - Start completed.
2026-05-28T21:32:19.268+02:00  WARN 37108 --- [dawBB] [           main] org.hibernate.orm.deprecation            : HHH90000025: H2Dialect does not need to be specified explicitly using 'hibernate.dialect' (remove the property setting and it will be selected by default)
2026-05-28T21:32:19.268+02:00  INFO 37108 --- [dawBB] [           main] org.hibernate.orm.connections.pooling    : HHH10001005: Database info:
	Database JDBC URL [jdbc:h2:./daw]
	Database driver: H2 JDBC Driver
	Database dialect: H2Dialect
	Database version: 2.4.240
	Default catalog/schema: DAW/PUBLIC
	Autocommit mode: undefined/unknown
	Isolation level: READ_COMMITTED [default READ_COMMITTED]
	JDBC fetch size: 100
	Pool: DataSourceConnectionProvider
	Minimum pool size: undefined/unknown
	Maximum pool size: undefined/unknown
2026-05-28T21:32:19.302+02:00  INFO 37108 --- [dawBB] [           main] org.hibernate.orm.core                   : HHH000489: No JTA platform available (set 'hibernate.transaction.jta.platform' to enable JTA platform integration)
2026-05-28T21:32:19.305+02:00  INFO 37108 --- [dawBB] [           main] j.LocalContainerEntityManagerFactoryBean : Initialized JPA EntityManagerFactory for persistence unit 'default'
2026-05-28T21:32:19.342+02:00  WARN 37108 --- [dawBB] [           main] JpaBaseConfiguration$JpaWebConfiguration : spring.jpa.open-in-view is enabled by default. Therefore, database queries may be performed during view rendering. Explicitly configure spring.jpa.open-in-view to disable this warning
2026-05-28T21:32:19.423+02:00  INFO 37108 --- [dawBB] [           main] o.s.boot.tomcat.TomcatWebServer          : Tomcat started on port 55817 (http) with context path '/'
2026-05-28T21:32:19.424+02:00  INFO 37108 --- [dawBB] [           main] B.dawBB.MateriasEndpointsTests           : Started MateriasEndpointsTests in 0.352 seconds (process running for 66.871)
2026-05-28T21:32:19.424+02:00  WARN 37108 --- [dawBB] [           main] o.s.core.events.SpringDocAppInitializer  : SpringDoc /v3/api-docs endpoint is enabled by default. To disable it in production, set the property 'springdoc.api-docs.enabled=false'
2026-05-28T21:32:19.424+02:00  WARN 37108 --- [dawBB] [           main] o.s.core.events.SpringDocAppInitializer  : SpringDoc /swagger-ui.html endpoint is enabled by default. To disable it in production, set the property 'springdoc.swagger-ui.enabled=false'
Hibernate: 
    select
        m1_0.id,
        m1_0.eliminada,
        m1_0.nombre 
    from
        materias m1_0
Hibernate: 
    select
        p1_0.fk_materia,
        p1_0.id,
        p1_0.eliminada,
        p1_0.fk_slot,
        s1_0.id,
        s1_0.fk_convocatoria,
        c1_0.id_convocatoria,
        c1_0.actual,
        c1_0.fecha_fin,
        c1_0.fecha_inicio,
        c1_0.nombre,
        s1_0.eliminado,
        s1_0.fin,
        s1_0.inicio 
    from
        pruebas p1_0 
    left join
        slots s1_0 
            on s1_0.id=p1_0.fk_slot 
    left join
        convocatorias c1_0 
            on c1_0.id_convocatoria=s1_0.fk_convocatoria 
    where
        p1_0.fk_materia=?
Hibernate: 
    select
        p1_0.fk_materia,
        p1_0.id,
        p1_0.eliminada,
        p1_0.fk_slot,
        s1_0.id,
        s1_0.fk_convocatoria,
        c1_0.id_convocatoria,
        c1_0.actual,
        c1_0.fecha_fin,
        c1_0.fecha_inicio,
        c1_0.nombre,
        s1_0.eliminado,
        s1_0.fin,
        s1_0.inicio 
    from
        pruebas p1_0 
    left join
        slots s1_0 
            on s1_0.id=p1_0.fk_slot 
    left join
        convocatorias c1_0 
            on c1_0.id_convocatoria=s1_0.fk_convocatoria 
    where
        p1_0.fk_materia=?
Hibernate: 
    select
        p1_0.fk_materia,
        p1_0.id,
        p1_0.eliminada,
        p1_0.fk_slot,
        s1_0.id,
        s1_0.fk_convocatoria,
        c1_0.id_convocatoria,
        c1_0.actual,
        c1_0.fecha_fin,
        c1_0.fecha_inicio,
        c1_0.nombre,
        s1_0.eliminado,
        s1_0.fin,
        s1_0.inicio 
    from
        pruebas p1_0 
    left join
        slots s1_0 
            on s1_0.id=p1_0.fk_slot 
    left join
        convocatorias c1_0 
            on c1_0.id_convocatoria=s1_0.fk_convocatoria 
    where
        p1_0.fk_materia=?
Hibernate: 
    delete 
    from
        materias 
    where
        id=?
Hibernate: 
    delete 
    from
        materias 
    where
        id=?
Hibernate: 
    delete 
    from
        materias 
    where
        id=?
Hibernate: 
    insert 
    into
        materias
        (eliminada, nombre, id) 
    values
        (?, ?, default)
2026-05-28T21:32:19.444+02:00  INFO 37108 --- [dawBB] [-auto-40-exec-1] o.a.c.c.C.[Tomcat-1].[localhost].[/]     : Initializing Spring DispatcherServlet 'dispatcherServlet'
2026-05-28T21:32:19.444+02:00  INFO 37108 --- [dawBB] [-auto-40-exec-1] o.s.web.servlet.DispatcherServlet        : Initializing Servlet 'dispatcherServlet'
2026-05-28T21:32:19.445+02:00  INFO 37108 --- [dawBB] [-auto-40-exec-1] o.s.web.servlet.DispatcherServlet        : Completed initialization in 1 ms
2026-05-28T21:32:19.446+02:00  INFO 37108 --- [dawBB] [-auto-40-exec-1] B.dawBB.seguridad.JwtRequestFilter       : usuario = test_user
Hibernate: 
    select
        m1_0.id,
        m1_0.eliminada,
        m1_0.nombre 
    from
        materias m1_0 
    where
        m1_0.id=?
2026-05-28T21:32:19.457+02:00  INFO 37108 --- [dawBB] [           main] o.s.boot.tomcat.GracefulShutdown         : Commencing graceful shutdown. Waiting for active requests to complete
2026-05-28T21:32:19.476+02:00  INFO 37108 --- [dawBB] [tomcat-shutdown] o.s.boot.tomcat.GracefulShutdown         : Graceful shutdown complete
2026-05-28T21:32:19.478+02:00  INFO 37108 --- [dawBB] [           main] j.LocalContainerEntityManagerFactoryBean : Closing JPA EntityManagerFactory for persistence unit 'default'
2026-05-28T21:32:19.478+02:00  INFO 37108 --- [dawBB] [           main] com.zaxxer.hikari.HikariDataSource       : HikariPool-40 - Shutdown initiated...
[...]
2026-05-28T21:32:24.448+02:00  INFO 37108 --- [dawBB] [           main] j.LocalContainerEntityManagerFactoryBean : Closing JPA EntityManagerFactory for persistence unit 'default'
2026-05-28T21:32:24.449+02:00  INFO 37108 --- [dawBB] [           main] com.zaxxer.hikari.HikariDataSource       : HikariPool-52 - Shutdown initiated...
2026-05-28T21:32:24.462+02:00  INFO 37108 --- [dawBB] [           main] com.zaxxer.hikari.HikariDataSource       : HikariPool-52 - Shutdown completed.
]]></system-out>
  </testcase>
  <testcase name="actualizarMateriaSinAutenticacion" classname="En el controlador de materias" time="0.042">
    <system-out><![CDATA[
  .   ____          _            __ _ _
 /\\ / ___'_ __ _ _(_)_ __  __ _ \ \ \ \
( ( )\___ | '_ | '_| | '_ \/ _` | \ \ \ \
 \\/  ___)| |_)| | | | | || (_| |  ) ) ) )
  '  |____| .__|_| |_|_| |_\__, | / / / /
 =========|_|==============|___/=/_/_/_/

 :: Spring Boot ::                (v4.0.3)

2026-05-28T21:32:24.474+02:00  INFO 37108 --- [dawBB] [           main] B.dawBB.MateriasEndpointsTests           : Starting MateriasEndpointsTests using Java 21.0.10 with PID 37108 (started by andre in C:\Users\andre\Desktop\CURSO2526\SEGUNDO_CUATRI\DAW\pau-pevau-backend-boys\dawBB)
2026-05-28T21:32:24.474+02:00  INFO 37108 --- [dawBB] [           main] B.dawBB.MateriasEndpointsTests           : No active profile set, falling back to 1 default profile: "default"
2026-05-28T21:32:24.561+02:00  INFO 37108 --- [dawBB] [           main] .s.d.r.c.RepositoryConfigurationDelegate : Bootstrapping Spring Data JPA repositories in DEFAULT mode.
2026-05-28T21:32:24.569+02:00  INFO 37108 --- [dawBB] [           main] .s.d.r.c.RepositoryConfigurationDelegate : Finished Spring Data repository scanning in 6 ms. Found 4 JPA repository interfaces.
2026-05-28T21:32:24.599+02:00  INFO 37108 --- [dawBB] [           main] o.s.boot.tomcat.TomcatWebServer          : Tomcat initialized with port 0 (http)
2026-05-28T21:32:24.600+02:00  INFO 37108 --- [dawBB] [           main] o.apache.catalina.core.StandardService   : Starting service [Tomcat]
2026-05-28T21:32:24.600+02:00  INFO 37108 --- [dawBB] [           main] o.apache.catalina.core.StandardEngine    : Starting Servlet engine: [Apache Tomcat/11.0.18]
2026-05-28T21:32:24.620+02:00  INFO 37108 --- [dawBB] [           main] b.w.c.s.WebApplicationContextInitializer : Root WebApplicationContext: initialization completed in 145 ms
2026-05-28T21:32:24.637+02:00  INFO 37108 --- [dawBB] [           main] org.hibernate.orm.jpa                    : HHH008540: Processing PersistenceUnitInfo [name: default]
2026-05-28T21:32:24.650+02:00  INFO 37108 --- [dawBB] [           main] o.s.o.j.p.SpringPersistenceUnitInfo      : No LoadTimeWeaver setup: ignoring JPA class transformer
2026-05-28T21:32:24.651+02:00  INFO 37108 --- [dawBB] [           main] com.zaxxer.hikari.HikariDataSource       : HikariPool-53 - Starting...
2026-05-28T21:32:24.652+02:00  INFO 37108 --- [dawBB] [           main] com.zaxxer.hikari.pool.HikariPool        : HikariPool-53 - Added connection conn385: url=jdbc:h2:./daw user=SA
2026-05-28T21:32:24.652+02:00  INFO 37108 --- [dawBB] [           main] com.zaxxer.hikari.HikariDataSource       : HikariPool-53 - Start completed.
2026-05-28T21:32:24.652+02:00  WARN 37108 --- [dawBB] [           main] org.hibernate.orm.deprecation            : HHH90000025: H2Dialect does not need to be specified explicitly using 'hibernate.dialect' (remove the property setting and it will be selected by default)
2026-05-28T21:32:24.652+02:00  INFO 37108 --- [dawBB] [           main] org.hibernate.orm.connections.pooling    : HHH10001005: Database info:
	Database JDBC URL [jdbc:h2:./daw]
	Database driver: H2 JDBC Driver
	Database dialect: H2Dialect
	Database version: 2.4.240
	Default catalog/schema: DAW/PUBLIC
	Autocommit mode: undefined/unknown
	Isolation level: READ_COMMITTED [default READ_COMMITTED]
	JDBC fetch size: 100
	Pool: DataSourceConnectionProvider
	Minimum pool size: undefined/unknown
	Maximum pool size: undefined/unknown
2026-05-28T21:32:24.679+02:00  INFO 37108 --- [dawBB] [           main] org.hibernate.orm.core                   : HHH000489: No JTA platform available (set 'hibernate.transaction.jta.platform' to enable JTA platform integration)
2026-05-28T21:32:24.681+02:00  INFO 37108 --- [dawBB] [           main] j.LocalContainerEntityManagerFactoryBean : Initialized JPA EntityManagerFactory for persistence unit 'default'
2026-05-28T21:32:24.711+02:00  WARN 37108 --- [dawBB] [           main] JpaBaseConfiguration$JpaWebConfiguration : spring.jpa.open-in-view is enabled by default. Therefore, database queries may be performed during view rendering. Explicitly configure spring.jpa.open-in-view to disable this warning
2026-05-28T21:32:24.804+02:00  INFO 37108 --- [dawBB] [           main] o.s.boot.tomcat.TomcatWebServer          : Tomcat started on port 55850 (http) with context path '/'
2026-05-28T21:32:24.805+02:00  INFO 37108 --- [dawBB] [           main] B.dawBB.MateriasEndpointsTests           : Started MateriasEndpointsTests in 0.34 seconds (process running for 72.252)
2026-05-28T21:32:24.805+02:00  WARN 37108 --- [dawBB] [           main] o.s.core.events.SpringDocAppInitializer  : SpringDoc /v3/api-docs endpoint is enabled by default. To disable it in production, set the property 'springdoc.api-docs.enabled=false'
2026-05-28T21:32:24.805+02:00  WARN 37108 --- [dawBB] [           main] o.s.core.events.SpringDocAppInitializer  : SpringDoc /swagger-ui.html endpoint is enabled by default. To disable it in production, set the property 'springdoc.swagger-ui.enabled=false'
Hibernate: 
    select
        m1_0.id,
        m1_0.eliminada,
        m1_0.nombre 
    from
        materias m1_0
2026-05-28T21:32:24.815+02:00  INFO 37108 --- [dawBB] [-auto-53-exec-1] o.a.c.c.C.[Tomcat-2].[localhost].[/]     : Initializing Spring DispatcherServlet 'dispatcherServlet'
2026-05-28T21:32:24.815+02:00  INFO 37108 --- [dawBB] [-auto-53-exec-1] o.s.web.servlet.DispatcherServlet        : Initializing Servlet 'dispatcherServlet'
2026-05-28T21:32:24.816+02:00  INFO 37108 --- [dawBB] [-auto-53-exec-1] o.s.web.servlet.DispatcherServlet        : Completed initialization in 1 ms
2026-05-28T21:32:24.816+02:00  INFO 37108 --- [dawBB] [-auto-53-exec-1] B.dawBB.seguridad.JwtRequestFilter       : El token no comienza con Bearer
2026-05-28T21:32:24.819+02:00  INFO 37108 --- [dawBB] [           main] o.s.boot.tomcat.GracefulShutdown         : Commencing graceful shutdown. Waiting for active requests to complete
2026-05-28T21:32:24.840+02:00  INFO 37108 --- [dawBB] [tomcat-shutdown] o.s.boot.tomcat.GracefulShutdown         : Graceful shutdown complete
2026-05-28T21:32:24.841+02:00  INFO 37108 --- [dawBB] [           main] j.LocalContainerEntityManagerFactoryBean : Closing JPA EntityManagerFactory for persistence unit 'default'
2026-05-28T21:32:24.842+02:00  INFO 37108 --- [dawBB] [           main] com.zaxxer.hikari.HikariDataSource       : HikariPool-53 - Shutdown initiated...
2026-05-28T21:32:24.846+02:00  INFO 37108 --- [dawBB] [           main] com.zaxxer.hikari.HikariDataSource       : HikariPool-53 - Shutdown completed.
]]></system-out>
  </testcase>
  <testcase name="coberturaMasivaMateriasYSeguridad" classname="En el controlador de materias" time="0.056">
    <system-out><![CDATA[
  .   ____          _            __ _ _
 /\\ / ___'_ __ _ _(_)_ __  __ _ \ \ \ \
( ( )\___ | '_ | '_| | '_ \/ _` | \ \ \ \
 \\/  ___)| |_)| | | | | || (_| |  ) ) ) )
  '  |____| .__|_| |_|_| |_\__, | / / / /
 =========|_|==============|___/=/_/_/_/

 :: Spring Boot ::                (v4.0.3)

2026-05-28T21:32:24.862+02:00  INFO 37108 --- [dawBB] [           main] B.dawBB.MateriasEndpointsTests           : Starting MateriasEndpointsTests using Java 21.0.10 with PID 37108 (started by andre in C:\Users\andre\Desktop\CURSO2526\SEGUNDO_CUATRI\DAW\pau-pevau-backend-boys\dawBB)
2026-05-28T21:32:24.862+02:00  INFO 37108 --- [dawBB] [           main] B.dawBB.MateriasEndpointsTests           : No active profile set, falling back to 1 default profile: "default"
2026-05-28T21:32:24.948+02:00  INFO 37108 --- [dawBB] [           main] .s.d.r.c.RepositoryConfigurationDelegate : Bootstrapping Spring Data JPA repositories in DEFAULT mode.
2026-05-28T21:32:24.954+02:00  INFO 37108 --- [dawBB] [           main] .s.d.r.c.RepositoryConfigurationDelegate : Finished Spring Data repository scanning in 5 ms. Found 4 JPA repository interfaces.
2026-05-28T21:32:24.985+02:00  INFO 37108 --- [dawBB] [           main] o.s.boot.tomcat.TomcatWebServer          : Tomcat initialized with port 0 (http)
2026-05-28T21:32:24.985+02:00  INFO 37108 --- [dawBB] [           main] o.apache.catalina.core.StandardService   : Starting service [Tomcat]
2026-05-28T21:32:24.986+02:00  INFO 37108 --- [dawBB] [           main] o.apache.catalina.core.StandardEngine    : Starting Servlet engine: [Apache Tomcat/11.0.18]
2026-05-28T21:32:25.003+02:00  INFO 37108 --- [dawBB] [           main] b.w.c.s.WebApplicationContextInitializer : Root WebApplicationContext: initialization completed in 141 ms
2026-05-28T21:32:25.021+02:00  INFO 37108 --- [dawBB] [           main] org.hibernate.orm.jpa                    : HHH008540: Processing PersistenceUnitInfo [name: default]
2026-05-28T21:32:25.035+02:00  INFO 37108 --- [dawBB] [           main] o.s.o.j.p.SpringPersistenceUnitInfo      : No LoadTimeWeaver setup: ignoring JPA class transformer
2026-05-28T21:32:25.036+02:00  INFO 37108 --- [dawBB] [           main] com.zaxxer.hikari.HikariDataSource       : HikariPool-54 - Starting...
2026-05-28T21:32:25.037+02:00  INFO 37108 --- [dawBB] [           main] com.zaxxer.hikari.pool.HikariPool        : HikariPool-54 - Added connection conn389: url=jdbc:h2:./daw user=SA
2026-05-28T21:32:25.037+02:00  INFO 37108 --- [dawBB] [           main] com.zaxxer.hikari.HikariDataSource       : HikariPool-54 - Start completed.
2026-05-28T21:32:25.037+02:00  WARN 37108 --- [dawBB] [           main] org.hibernate.orm.deprecation            : HHH90000025: H2Dialect does not need to be specified explicitly using 'hibernate.dialect' (remove the property setting and it will be selected by default)
2026-05-28T21:32:25.038+02:00  INFO 37108 --- [dawBB] [           main] org.hibernate.orm.connections.pooling    : HHH10001005: Database info:
	Database JDBC URL [jdbc:h2:./daw]
	Database driver: H2 JDBC Driver
	Database dialect: H2Dialect
	Database version: 2.4.240
	Default catalog/schema: DAW/PUBLIC
	Autocommit mode: undefined/unknown
	Isolation level: READ_COMMITTED [default READ_COMMITTED]
	JDBC fetch size: 100
	Pool: DataSourceConnectionProvider
	Minimum pool size: undefined/unknown
	Maximum pool size: undefined/unknown
2026-05-28T21:32:25.064+02:00  INFO 37108 --- [dawBB] [           main] org.hibernate.orm.core                   : HHH000489: No JTA platform available (set 'hibernate.transaction.jta.platform' to enable JTA platform integration)
2026-05-28T21:32:25.065+02:00  INFO 37108 --- [dawBB] [           main] j.LocalContainerEntityManagerFactoryBean : Initialized JPA EntityManagerFactory for persistence unit 'default'
2026-05-28T21:32:25.093+02:00  WARN 37108 --- [dawBB] [           main] JpaBaseConfiguration$JpaWebConfiguration : spring.jpa.open-in-view is enabled by default. Therefore, database queries may be performed during view rendering. Explicitly configure spring.jpa.open-in-view to disable this warning
2026-05-28T21:32:25.177+02:00  INFO 37108 --- [dawBB] [           main] o.s.boot.tomcat.TomcatWebServer          : Tomcat started on port 55853 (http) with context path '/'
2026-05-28T21:32:25.178+02:00  INFO 37108 --- [dawBB] [           main] B.dawBB.MateriasEndpointsTests           : Started MateriasEndpointsTests in 0.328 seconds (process running for 72.626)
2026-05-28T21:32:25.179+02:00  WARN 37108 --- [dawBB] [           main] o.s.core.events.SpringDocAppInitializer  : SpringDoc /v3/api-docs endpoint is enabled by default. To disable it in production, set the property 'springdoc.api-docs.enabled=false'
2026-05-28T21:32:25.179+02:00  WARN 37108 --- [dawBB] [           main] o.s.core.events.SpringDocAppInitializer  : SpringDoc /swagger-ui.html endpoint is enabled by default. To disable it in production, set the property 'springdoc.swagger-ui.enabled=false'
Hibernate: 
    select
        m1_0.id,
        m1_0.eliminada,
        m1_0.nombre 
    from
        materias m1_0
2026-05-28T21:32:25.186+02:00  INFO 37108 --- [dawBB] [           main] o.s.boot.tomcat.GracefulShutdown         : Commencing graceful shutdown. Waiting for active requests to complete
2026-05-28T21:32:25.207+02:00  INFO 37108 --- [dawBB] [tomcat-shutdown] o.s.boot.tomcat.GracefulShutdown         : Graceful shutdown complete
2026-05-28T21:32:25.208+02:00  INFO 37108 --- [dawBB] [           main] j.LocalContainerEntityManagerFactoryBean : Closing JPA EntityManagerFactory for persistence unit 'default'
2026-05-28T21:32:25.209+02:00  INFO 37108 --- [dawBB] [           main] com.zaxxer.hikari.HikariDataSource       : HikariPool-54 - Shutdown initiated...
2026-05-28T21:32:25.233+02:00  INFO 37108 --- [dawBB] [           main] com.zaxxer.hikari.HikariDataSource       : HikariPool-54 - Shutdown completed.
]]></system-out>
  </testcase>
  <testcase name="obtenerMateriasSinAutenticacion" classname="En el controlador de materias" time="0.046">
    <system-out><![CDATA[
  .   ____          _            __ _ _
 /\\ / ___'_ __ _ _(_)_ __  __ _ \ \ \ \
( ( )\___ | '_ | '_| | '_ \/ _` | \ \ \ \
 \\/  ___)| |_)| | | | | || (_| |  ) ) ) )
  '  |____| .__|_| |_|_| |_\__, | / / / /
 =========|_|==============|___/=/_/_/_/

 :: Spring Boot ::                (v4.0.3)

2026-05-28T21:32:25.247+02:00  INFO 37108 --- [dawBB] [           main] B.dawBB.MateriasEndpointsTests           : Starting MateriasEndpointsTests using Java 21.0.10 with PID 37108 (started by andre in C:\Users\andre\Desktop\CURSO2526\SEGUNDO_CUATRI\DAW\pau-pevau-backend-boys\dawBB)
2026-05-28T21:32:25.248+02:00  INFO 37108 --- [dawBB] [           main] B.dawBB.MateriasEndpointsTests           : No active profile set, falling back to 1 default profile: "default"
2026-05-28T21:32:25.336+02:00  INFO 37108 --- [dawBB] [           main] .s.d.r.c.RepositoryConfigurationDelegate : Bootstrapping Spring Data JPA repositories in DEFAULT mode.
2026-05-28T21:32:25.342+02:00  INFO 37108 --- [dawBB] [           main] .s.d.r.c.RepositoryConfigurationDelegate : Finished Spring Data repository scanning in 5 ms. Found 4 JPA repository interfaces.
2026-05-28T21:32:25.403+02:00  INFO 37108 --- [dawBB] [           main] o.s.boot.tomcat.TomcatWebServer          : Tomcat initialized with port 0 (http)
2026-05-28T21:32:25.404+02:00  INFO 37108 --- [dawBB] [           main] o.apache.catalina.core.StandardService   : Starting service [Tomcat]
2026-05-28T21:32:25.404+02:00  INFO 37108 --- [dawBB] [           main] o.apache.catalina.core.StandardEngine    : Starting Servlet engine: [Apache Tomcat/11.0.18]
2026-05-28T21:32:25.423+02:00  INFO 37108 --- [dawBB] [           main] b.w.c.s.WebApplicationContextInitializer : Root WebApplicationContext: initialization completed in 175 ms
2026-05-28T21:32:25.443+02:00  INFO 37108 --- [dawBB] [           main] org.hibernate.orm.jpa                    : HHH008540: Processing PersistenceUnitInfo [name: default]
2026-05-28T21:32:25.457+02:00  INFO 37108 --- [dawBB] [           main] o.s.o.j.p.SpringPersistenceUnitInfo      : No LoadTimeWeaver setup: ignoring JPA class transformer
2026-05-28T21:32:25.457+02:00  INFO 37108 --- [dawBB] [           main] com.zaxxer.hikari.HikariDataSource       : HikariPool-55 - Starting...
2026-05-28T21:32:25.459+02:00  INFO 37108 --- [dawBB] [           main] com.zaxxer.hikari.pool.HikariPool        : HikariPool-55 - Added connection conn393: url=jdbc:h2:./daw user=SA
2026-05-28T21:32:25.459+02:00  INFO 37108 --- [dawBB] [           main] com.zaxxer.hikari.HikariDataSource       : HikariPool-55 - Start completed.
2026-05-28T21:32:25.459+02:00  WARN 37108 --- [dawBB] [           main] org.hibernate.orm.deprecation            : HHH90000025: H2Dialect does not need to be specified explicitly using 'hibernate.dialect' (remove the property setting and it will be selected by default)
2026-05-28T21:32:25.460+02:00  INFO 37108 --- [dawBB] [           main] org.hibernate.orm.connections.pooling    : HHH10001005: Database info:
	Database JDBC URL [jdbc:h2:./daw]
	Database driver: H2 JDBC Driver
	Database dialect: H2Dialect
	Database version: 2.4.240
	Default catalog/schema: DAW/PUBLIC
	Autocommit mode: undefined/unknown
	Isolation level: READ_COMMITTED [default READ_COMMITTED]
	JDBC fetch size: 100
	Pool: DataSourceConnectionProvider
	Minimum pool size: undefined/unknown
	Maximum pool size: undefined/unknown
2026-05-28T21:32:25.491+02:00  INFO 37108 --- [dawBB] [           main] org.hibernate.orm.core                   : HHH000489: No JTA platform available (set 'hibernate.transaction.jta.platform' to enable JTA platform integration)
2026-05-28T21:32:25.493+02:00  INFO 37108 --- [dawBB] [           main] j.LocalContainerEntityManagerFactoryBean : Initialized JPA EntityManagerFactory for persistence unit 'default'
2026-05-28T21:32:25.525+02:00  WARN 37108 --- [dawBB] [           main] JpaBaseConfiguration$JpaWebConfiguration : spring.jpa.open-in-view is enabled by default. Therefore, database queries may be performed during view rendering. Explicitly configure spring.jpa.open-in-view to disable this warning
2026-05-28T21:32:25.610+02:00  INFO 37108 --- [dawBB] [           main] o.s.boot.tomcat.TomcatWebServer          : Tomcat started on port 55855 (http) with context path '/'
2026-05-28T21:32:25.612+02:00  INFO 37108 --- [dawBB] [           main] B.dawBB.MateriasEndpointsTests           : Started MateriasEndpointsTests in 0.373 seconds (process running for 73.059)
2026-05-28T21:32:25.612+02:00  WARN 37108 --- [dawBB] [           main] o.s.core.events.SpringDocAppInitializer  : SpringDoc /v3/api-docs endpoint is enabled by default. To disable it in production, set the property 'springdoc.api-docs.enabled=false'
2026-05-28T21:32:25.612+02:00  WARN 37108 --- [dawBB] [           main] o.s.core.events.SpringDocAppInitializer  : SpringDoc /swagger-ui.html endpoint is enabled by default. To disable it in production, set the property 'springdoc.swagger-ui.enabled=false'
Hibernate: 
    select
        m1_0.id,
        m1_0.eliminada,
        m1_0.nombre 
    from
        materias m1_0
2026-05-28T21:32:25.623+02:00  INFO 37108 --- [dawBB] [-auto-55-exec-1] o.a.c.c.C.[Tomcat-2].[localhost].[/]     : Initializing Spring DispatcherServlet 'dispatcherServlet'
2026-05-28T21:32:25.623+02:00  INFO 37108 --- [dawBB] [-auto-55-exec-1] o.s.web.servlet.DispatcherServlet        : Initializing Servlet 'dispatcherServlet'
2026-05-28T21:32:25.624+02:00  INFO 37108 --- [dawBB] [-auto-55-exec-1] o.s.web.servlet.DispatcherServlet        : Completed initialization in 1 ms
2026-05-28T21:32:25.624+02:00  INFO 37108 --- [dawBB] [-auto-55-exec-1] B.dawBB.seguridad.JwtRequestFilter       : El token no comienza con Bearer
2026-05-28T21:32:25.628+02:00  INFO 37108 --- [dawBB] [           main] o.s.boot.tomcat.GracefulShutdown         : Commencing graceful shutdown. Waiting for active requests to complete
2026-05-28T21:32:25.648+02:00  INFO 37108 --- [dawBB] [tomcat-shutdown] o.s.boot.tomcat.GracefulShutdown         : Graceful shutdown complete
2026-05-28T21:32:25.650+02:00  INFO 37108 --- [dawBB] [           main] j.LocalContainerEntityManagerFactoryBean : Closing JPA EntityManagerFactory for persistence unit 'default'
2026-05-28T21:32:25.650+02:00  INFO 37108 --- [dawBB] [           main] com.zaxxer.hikari.HikariDataSource       : HikariPool-55 - Shutdown initiated...
2026-05-28T21:32:25.657+02:00  INFO 37108 --- [dawBB] [           main] com.zaxxer.hikari.HikariDataSource       : HikariPool-55 - Shutdown completed.
]]></system-out>
  </testcase>
</testsuite>