<?xml version="1.0" encoding="UTF-8"?>
<testsuite xmlns:xsi="http://www.w3.org/2001/XMLSchema-instance" xsi:noNamespaceSchemaLocation="https://maven.apache.org/surefire/maven-surefire-plugin/xsd/surefire-test-report.xsd" version="3.0.2" name="BackendBoys.dawBB.ConvocatoriasEndPointsTests" time="60.57" tests="28" errors="0" skipped="0" failures="0" flakes="0">
  <properties>
[...]
</properties>
  <testcase name="coberturaExtraConvocatoria" classname="En el controlador de convocatorias" time="2.72">
    <system-out><![CDATA[21:31:14.517 [main] INFO org.springframework.test.context.support.AnnotationConfigContextLoaderUtils -- Could not detect default configuration classes for test class [BackendBoys.dawBB.ConvocatoriasEndPointsTests]: ConvocatoriasEndPointsTests does not declare any static, non-private, non-final, nested classes annotated with @Configuration.
21:31:14.822 [main] INFO org.springframework.boot.test.context.SpringBootTestContextBootstrapper -- Found @SpringBootConfiguration BackendBoys.dawBB.DawBbApplication for test class BackendBoys.dawBB.ConvocatoriasEndPointsTests

  .   ____          _            __ _ _
 /\\ / ___'_ __ _ _(_)_ __  __ _ \ \ \ \
( ( )\___ | '_ | '_| | '_ \/ _` | \ \ \ \
 \\/  ___)| |_)| | | | | || (_| |  ) ) ) )
  '  |____| .__|_| |_|_| |_\__, | / / / /
 =========|_|==============|___/=/_/_/_/

 :: Spring Boot ::                (v4.0.3)

2026-05-28T21:31:15.605+02:00  INFO 37108 --- [dawBB] [           main] B.dawBB.ConvocatoriasEndPointsTests      : Starting ConvocatoriasEndPointsTests using Java 21.0.10 with PID 37108 (started by andre in C:\Users\andre\Desktop\CURSO2526\SEGUNDO_CUATRI\DAW\pau-pevau-backend-boys\dawBB)
2026-05-28T21:31:15.610+02:00  INFO 37108 --- [dawBB] [           main] B.dawBB.ConvocatoriasEndPointsTests      : No active profile set, falling back to 1 default profile: "default"
2026-05-28T21:31:17.232+02:00  INFO 37108 --- [dawBB] [           main] .s.d.r.c.RepositoryConfigurationDelegate : Bootstrapping Spring Data JPA repositories in DEFAULT mode.
2026-05-28T21:31:17.348+02:00  INFO 37108 --- [dawBB] [           main] .s.d.r.c.RepositoryConfigurationDelegate : Finished Spring Data repository scanning in 95 ms. Found 4 JPA repository interfaces.
2026-05-28T21:31:18.350+02:00  INFO 37108 --- [dawBB] [           main] o.s.boot.tomcat.TomcatWebServer          : Tomcat initialized with port 0 (http)
2026-05-28T21:31:18.374+02:00  INFO 37108 --- [dawBB] [           main] o.apache.catalina.core.StandardService   : Starting service [Tomcat]
2026-05-28T21:31:18.375+02:00  INFO 37108 --- [dawBB] [           main] o.apache.catalina.core.StandardEngine    : Starting Servlet engine: [Apache Tomcat/11.0.18]
2026-05-28T21:31:18.464+02:00  INFO 37108 --- [dawBB] [           main] b.w.c.s.WebApplicationContextInitializer : Root WebApplicationContext: initialization completed in 2807 ms
2026-05-28T21:31:19.092+02:00  INFO 37108 --- [dawBB] [           main] org.hibernate.orm.jpa                    : HHH008540: Processing PersistenceUnitInfo [name: default]
2026-05-28T21:31:19.415+02:00  INFO 37108 --- [dawBB] [           main] org.hibernate.orm.core                   : HHH000001: Hibernate ORM core version 7.2.4.Final
2026-05-28T21:31:21.502+02:00  INFO 37108 --- [dawBB] [           main] o.s.o.j.p.SpringPersistenceUnitInfo      : No LoadTimeWeaver setup: ignoring JPA class transformer
2026-05-28T21:31:21.661+02:00  INFO 37108 --- [dawBB] [           main] com.zaxxer.hikari.HikariDataSource       : HikariPool-1 - Starting...
2026-05-28T21:31:23.205+02:00  INFO 37108 --- [dawBB] [           main] com.zaxxer.hikari.pool.HikariPool        : HikariPool-1 - Added connection conn0: url=jdbc:h2:./daw user=SA
2026-05-28T21:31:23.211+02:00  INFO 37108 --- [dawBB] [           main] com.zaxxer.hikari.HikariDataSource       : HikariPool-1 - Start completed.
2026-05-28T21:31:23.321+02:00  WARN 37108 --- [dawBB] [           main] org.hibernate.orm.deprecation            : HHH90000025: H2Dialect does not need to be specified explicitly using 'hibernate.dialect' (remove the property setting and it will be selected by default)
2026-05-28T21:31:23.427+02:00  INFO 37108 --- [dawBB] [           main] org.hibernate.orm.connections.pooling    : HHH10001005: Database info:
	Database JDBC URL [jdbc:h2:./daw]
	Database driver: H2 JDBC Driver
	Database dialect: H2Dialect
	Database version: 2.4.240
	Default catalog/schema: DAW/PUBLIC
	Autocommit mode: undefined/unknown
	Isolation level: READ_COMMITTED [default READ_COMMITTED]
	JDBC fetch size: 100
	Pool: DataSourceConnectionProvider
	Minimum pool size: undefined/unknown
	Maximum pool size: undefined/unknown
2026-05-28T21:31:27.671+02:00  INFO 37108 --- [dawBB] [           main] org.hibernate.orm.core                   : HHH000489: No JTA platform available (set 'hibernate.transaction.jta.platform' to enable JTA platform integration)
2026-05-28T21:31:27.925+02:00  INFO 37108 --- [dawBB] [           main] j.LocalContainerEntityManagerFactoryBean : Initialized JPA EntityManagerFactory for persistence unit 'default'
2026-05-28T21:31:28.331+02:00  INFO 37108 --- [dawBB] [           main] o.s.d.j.r.query.QueryEnhancerFactories   : Hibernate is in classpath; If applicable, HQL parser will be used.
2026-05-28T21:31:30.181+02:00  WARN 37108 --- [dawBB] [           main] JpaBaseConfiguration$JpaWebConfiguration : spring.jpa.open-in-view is enabled by default. Therefore, database queries may be performed during view rendering. Explicitly configure spring.jpa.open-in-view to disable this warning
2026-05-28T21:31:33.824+02:00  INFO 37108 --- [dawBB] [           main] o.s.boot.tomcat.TomcatWebServer          : Tomcat started on port 64867 (http) with context path '/'
2026-05-28T21:31:33.857+02:00  INFO 37108 --- [dawBB] [           main] B.dawBB.ConvocatoriasEndPointsTests      : Started ConvocatoriasEndPointsTests in 18.709 seconds (process running for 21.304)
2026-05-28T21:31:33.875+02:00  WARN 37108 --- [dawBB] [           main] o.s.core.events.SpringDocAppInitializer  : SpringDoc /v3/api-docs endpoint is enabled by default. To disable it in production, set the property 'springdoc.api-docs.enabled=false'
2026-05-28T21:31:33.875+02:00  WARN 37108 --- [dawBB] [           main] o.s.core.events.SpringDocAppInitializer  : SpringDoc /swagger-ui.html endpoint is enabled by default. To disable it in production, set the property 'springdoc.swagger-ui.enabled=false'
Hibernate: 
    select
        c1_0.id_convocatoria,
        c1_0.actual,
        c1_0.fecha_fin,
        c1_0.fecha_inicio,
        c1_0.nombre 
    from
        convocatorias c1_0
Hibernate: 
    select
        s1_0.fk_convocatoria,
        s1_0.id,
        s1_0.eliminado,
        s1_0.fin,
        s1_0.inicio 
    from
        slots s1_0 
    where
        s1_0.fk_convocatoria=?
Hibernate: 
    select
        p1_0.fk_slot,
        p1_0.id,
        p1_0.eliminada,
        p1_0.fk_materia,
        m1_0.id,
        m1_0.eliminada,
        m1_0.nombre 
    from
        pruebas p1_0 
    left join
        materias m1_0 
            on m1_0.id=p1_0.fk_materia 
    where
        p1_0.fk_slot=?
Hibernate: 
    select
        s1_0.fk_convocatoria,
        s1_0.id,
        s1_0.eliminado,
        s1_0.fin,
        s1_0.inicio 
    from
        slots s1_0 
    where
        s1_0.fk_convocatoria=?
Hibernate: 
    select
        p1_0.fk_slot,
        p1_0.id,
        p1_0.eliminada,
        p1_0.fk_materia,
        m1_0.id,
        m1_0.eliminada,
        m1_0.nombre 
    from
        pruebas p1_0 
    left join
        materias m1_0 
            on m1_0.id=p1_0.fk_materia 
    where
        p1_0.fk_slot=?
Hibernate: 
    delete 
    from
        convocatoria_materia 
    where
        id_convocatoria=?
Hibernate: 
    delete 
    from
        convocatoria_materia 
    where
        id_convocatoria=?
Hibernate: 
    delete 
    from
        slots 
    where
        id=?
Hibernate: 
    delete 
    from
        convocatorias 
    where
        id_convocatoria=?
Hibernate: 
    delete 
    from
        slots 
    where
        id=?
Hibernate: 
    delete 
    from
        convocatorias 
    where
        id_convocatoria=?
2026-05-28T21:31:36.422+02:00  INFO 37108 --- [dawBB] [           main] o.s.boot.tomcat.GracefulShutdown         : Commencing graceful shutdown. Waiting for active requests to complete
2026-05-28T21:31:36.508+02:00  INFO 37108 --- [dawBB] [tomcat-shutdown] o.s.boot.tomcat.GracefulShutdown         : Graceful shutdown complete
2026-05-28T21:31:36.518+02:00  INFO 37108 --- [dawBB] [           main] j.LocalContainerEntityManagerFactoryBean : Closing JPA EntityManagerFactory for persistence unit 'default'
2026-05-28T21:31:36.523+02:00  INFO 37108 --- [dawBB] [           main] com.zaxxer.hikari.HikariDataSource       : HikariPool-1 - Shutdown initiated...
2026-05-28T21:31:36.574+02:00  INFO 37108 --- [dawBB] [           main] com.zaxxer.hikari.HikariDataSource       : HikariPool-1 - Shutdown completed.
]]></system-out>
    <system-err><![CDATA[Mockito is currently self-attaching to enable the inline-mock-maker. This will no longer work in future releases of the JDK. Please add Mockito as an agent to your build as described in Mockito's documentation: https://javadoc.io/doc/org.mockito/mockito-core/latest/org.mockito/org/mockito/Mockito.html#0.3
WARNING: A Java agent has been loaded dynamically (C:\Users\andre\.m2\repository\net\bytebuddy\byte-buddy-agent\1.17.8\byte-buddy-agent-1.17.8.jar)
WARNING: If a serviceability tool is in use, please run with -XX:+EnableDynamicAgentLoading to hide this warning
WARNING: If a serviceability tool is not in use, please run with -Djdk.instrument.traceUsage for more information
WARNING: Dynamic loading of agents will be disallowed by default in a future release
]]></system-err>
  </testcase>
  <testcase name="obtenerConvocatoriasSinAutenticacion" classname="En el controlador de convocatorias" time="0.74">
    <system-out><![CDATA[
  .   ____          _            __ _ _
 /\\ / ___'_ __ _ _(_)_ __  __ _ \ \ \ \
( ( )\___ | '_ | '_| | '_ \/ _` | \ \ \ \
 \\/  ___)| |_)| | | | | || (_| |  ) ) ) )
  '  |____| .__|_| |_|_| |_\__, | / / / /
 =========|_|==============|___/=/_/_/_/

 :: Spring Boot ::                (v4.0.3)

2026-05-28T21:31:36.682+02:00  INFO 37108 --- [dawBB] [           main] B.dawBB.ConvocatoriasEndPointsTests      : Starting ConvocatoriasEndPointsTests using Java 21.0.10 with PID 37108 (started by andre in C:\Users\andre\Desktop\CURSO2526\SEGUNDO_CUATRI\DAW\pau-pevau-backend-boys\dawBB)
2026-05-28T21:31:36.682+02:00  INFO 37108 --- [dawBB] [           main] B.dawBB.ConvocatoriasEndPointsTests      : No active profile set, falling back to 1 default profile: "default"
2026-05-28T21:31:37.430+02:00  INFO 37108 --- [dawBB] [           main] .s.d.r.c.RepositoryConfigurationDelegate : Bootstrapping Spring Data JPA repositories in DEFAULT mode.
2026-05-28T21:31:37.479+02:00  INFO 37108 --- [dawBB] [           main] .s.d.r.c.RepositoryConfigurationDelegate : Finished Spring Data repository scanning in 45 ms. Found 4 JPA repository interfaces.
2026-05-28T21:31:37.704+02:00  INFO 37108 --- [dawBB] [           main] o.s.boot.tomcat.TomcatWebServer          : Tomcat initialized with port 0 (http)
2026-05-28T21:31:37.707+02:00  INFO 37108 --- [dawBB] [           main] o.apache.catalina.core.StandardService   : Starting service [Tomcat]
2026-05-28T21:31:37.708+02:00  INFO 37108 --- [dawBB] [           main] o.apache.catalina.core.StandardEngine    : Starting Servlet engine: [Apache Tomcat/11.0.18]
2026-05-28T21:31:37.793+02:00  INFO 37108 --- [dawBB] [           main] b.w.c.s.WebApplicationContextInitializer : Root WebApplicationContext: initialization completed in 1107 ms
2026-05-28T21:31:37.898+02:00  INFO 37108 --- [dawBB] [           main] org.hibernate.orm.jpa                    : HHH008540: Processing PersistenceUnitInfo [name: default]
2026-05-28T21:31:37.992+02:00  INFO 37108 --- [dawBB] [           main] o.s.o.j.p.SpringPersistenceUnitInfo      : No LoadTimeWeaver setup: ignoring JPA class transformer
2026-05-28T21:31:37.994+02:00  INFO 37108 --- [dawBB] [           main] com.zaxxer.hikari.HikariDataSource       : HikariPool-2 - Starting...
2026-05-28T21:31:38.036+02:00  INFO 37108 --- [dawBB] [           main] com.zaxxer.hikari.pool.HikariPool        : HikariPool-2 - Added connection conn10: url=jdbc:h2:./daw user=SA
2026-05-28T21:31:38.036+02:00  INFO 37108 --- [dawBB] [           main] com.zaxxer.hikari.HikariDataSource       : HikariPool-2 - Start completed.
2026-05-28T21:31:38.038+02:00  WARN 37108 --- [dawBB] [           main] org.hibernate.orm.deprecation            : HHH90000025: H2Dialect does not need to be specified explicitly using 'hibernate.dialect' (remove the property setting and it will be selected by default)
2026-05-28T21:31:38.039+02:00  INFO 37108 --- [dawBB] [           main] org.hibernate.orm.connections.pooling    : HHH10001005: Database info:
	Database JDBC URL [jdbc:h2:./daw]
	Database driver: H2 JDBC Driver
	Database dialect: H2Dialect
	Database version: 2.4.240
	Default catalog/schema: DAW/PUBLIC
	Autocommit mode: undefined/unknown
	Isolation level: READ_COMMITTED [default READ_COMMITTED]
	JDBC fetch size: 100
	Pool: DataSourceConnectionProvider
	Minimum pool size: undefined/unknown
	Maximum pool size: undefined/unknown
2026-05-28T21:31:38.204+02:00  INFO 37108 --- [dawBB] [           main] org.hibernate.orm.core                   : HHH000489: No JTA platform available (set 'hibernate.transaction.jta.platform' to enable JTA platform integration)
2026-05-28T21:31:38.216+02:00  INFO 37108 --- [dawBB] [           main] j.LocalContainerEntityManagerFactoryBean : Initialized JPA EntityManagerFactory for persistence unit 'default'
2026-05-28T21:31:38.428+02:00  WARN 37108 --- [dawBB] [           main] JpaBaseConfiguration$JpaWebConfiguration : spring.jpa.open-in-view is enabled by default. Therefore, database queries may be performed during view rendering. Explicitly configure spring.jpa.open-in-view to disable this warning
2026-05-28T21:31:38.909+02:00  INFO 37108 --- [dawBB] [           main] o.s.boot.tomcat.TomcatWebServer          : Tomcat started on port 54969 (http) with context path '/'
2026-05-28T21:31:38.919+02:00  INFO 37108 --- [dawBB] [           main] B.dawBB.ConvocatoriasEndPointsTests      : Started ConvocatoriasEndPointsTests in 2.304 seconds (process running for 26.367)
2026-05-28T21:31:38.921+02:00  WARN 37108 --- [dawBB] [           main] o.s.core.events.SpringDocAppInitializer  : SpringDoc /v3/api-docs endpoint is enabled by default. To disable it in production, set the property 'springdoc.api-docs.enabled=false'
2026-05-28T21:31:38.922+02:00  WARN 37108 --- [dawBB] [           main] o.s.core.events.SpringDocAppInitializer  : SpringDoc /swagger-ui.html endpoint is enabled by default. To disable it in production, set the property 'springdoc.swagger-ui.enabled=false'
Hibernate: 
    select
        c1_0.id_convocatoria,
        c1_0.actual,
        c1_0.fecha_fin,
        c1_0.fecha_inicio,
        c1_0.nombre 
    from
        convocatorias c1_0
2026-05-28T21:31:39.426+02:00  INFO 37108 --- [dawBB] [o-auto-2-exec-1] o.a.c.c.C.[Tomcat].[localhost].[/]       : Initializing Spring DispatcherServlet 'dispatcherServlet'
2026-05-28T21:31:39.427+02:00  INFO 37108 --- [dawBB] [o-auto-2-exec-1] o.s.web.servlet.DispatcherServlet        : Initializing Servlet 'dispatcherServlet'
2026-05-28T21:31:39.430+02:00  INFO 37108 --- [dawBB] [o-auto-2-exec-1] o.s.web.servlet.DispatcherServlet        : Completed initialization in 2 ms
2026-05-28T21:31:39.477+02:00  INFO 37108 --- [dawBB] [o-auto-2-exec-1] B.dawBB.seguridad.JwtRequestFilter       : El token no comienza con Bearer
2026-05-28T21:31:39.576+02:00  INFO 37108 --- [dawBB] [           main] o.s.boot.tomcat.GracefulShutdown         : Commencing graceful shutdown. Waiting for active requests to complete
2026-05-28T21:31:39.603+02:00  INFO 37108 --- [dawBB] [tomcat-shutdown] o.s.boot.tomcat.GracefulShutdown         : Graceful shutdown complete
2026-05-28T21:31:39.615+02:00  INFO 37108 --- [dawBB] [           main] j.LocalContainerEntityManagerFactoryBean : Closing JPA EntityManagerFactory for persistence unit 'default'
2026-05-28T21:31:39.617+02:00  INFO 37108 --- [dawBB] [           main] com.zaxxer.hikari.HikariDataSource       : HikariPool-2 - Shutdown initiated...
2026-05-28T21:31:39.663+02:00  INFO 37108 --- [dawBB] [           main] com.zaxxer.hikari.HikariDataSource       : HikariPool-2 - Shutdown completed.
]]></system-out>
  </testcase>
  <testcase name="crearConvocatoriaDevuelveLocation" classname="En el controlador de convocatorias" time="1.884">
    <system-out><![CDATA[
  .   ____          _            __ _ _
 /\\ / ___'_ __ _ _(_)_ __  __ _ \ \ \ \
( ( )\___ | '_ | '_| | '_ \/ _` | \ \ \ \
 \\/  ___)| |_)| | | | | || (_| |  ) ) ) )
  '  |____| .__|_| |_|_| |_\__, | / / / /
 =========|_|==============|___/=/_/_/_/

 :: Spring Boot ::                (v4.0.3)

2026-05-28T21:31:39.721+02:00  INFO 37108 --- [dawBB] [           main] B.dawBB.ConvocatoriasEndPointsTests      : Starting ConvocatoriasEndPointsTests using Java 21.0.10 with PID 37108 (started by andre in C:\Users\andre\Desktop\CURSO2526\SEGUNDO_CUATRI\DAW\pau-pevau-backend-boys\dawBB)
2026-05-28T21:31:39.721+02:00  INFO 37108 --- [dawBB] [           main] B.dawBB.ConvocatoriasEndPointsTests      : No active profile set, falling back to 1 default profile: "default"
2026-05-28T21:31:40.202+02:00  INFO 37108 --- [dawBB] [           main] .s.d.r.c.RepositoryConfigurationDelegate : Bootstrapping Spring Data JPA repositories in DEFAULT mode.
2026-05-28T21:31:40.229+02:00  INFO 37108 --- [dawBB] [           main] .s.d.r.c.RepositoryConfigurationDelegate : Finished Spring Data repository scanning in 23 ms. Found 4 JPA repository interfaces.
2026-05-28T21:31:40.398+02:00  INFO 37108 --- [dawBB] [           main] o.s.boot.tomcat.TomcatWebServer          : Tomcat initialized with port 0 (http)
2026-05-28T21:31:40.408+02:00  INFO 37108 --- [dawBB] [           main] o.apache.catalina.core.StandardService   : Starting service [Tomcat]
2026-05-28T21:31:40.409+02:00  INFO 37108 --- [dawBB] [           main] o.apache.catalina.core.StandardEngine    : Starting Servlet engine: [Apache Tomcat/11.0.18]
2026-05-28T21:31:40.472+02:00  INFO 37108 --- [dawBB] [           main] b.w.c.s.WebApplicationContextInitializer : Root WebApplicationContext: initialization completed in 747 ms
2026-05-28T21:31:40.537+02:00  INFO 37108 --- [dawBB] [           main] org.hibernate.orm.jpa                    : HHH008540: Processing PersistenceUnitInfo [name: default]
2026-05-28T21:31:40.581+02:00  INFO 37108 --- [dawBB] [           main] o.s.o.j.p.SpringPersistenceUnitInfo      : No LoadTimeWeaver setup: ignoring JPA class transformer
2026-05-28T21:31:40.583+02:00  INFO 37108 --- [dawBB] [           main] com.zaxxer.hikari.HikariDataSource       : HikariPool-3 - Starting...
2026-05-28T21:31:40.619+02:00  INFO 37108 --- [dawBB] [           main] com.zaxxer.hikari.pool.HikariPool        : HikariPool-3 - Added connection conn20: url=jdbc:h2:./daw user=SA
2026-05-28T21:31:40.619+02:00  INFO 37108 --- [dawBB] [           main] com.zaxxer.hikari.HikariDataSource       : HikariPool-3 - Start completed.
2026-05-28T21:31:40.620+02:00  WARN 37108 --- [dawBB] [           main] org.hibernate.orm.deprecation            : HHH90000025: H2Dialect does not need to be specified explicitly using 'hibernate.dialect' (remove the property setting and it will be selected by default)
2026-05-28T21:31:40.622+02:00  INFO 37108 --- [dawBB] [           main] org.hibernate.orm.connections.pooling    : HHH10001005: Database info:
	Database JDBC URL [jdbc:h2:./daw]
	Database driver: H2 JDBC Driver
	Database dialect: H2Dialect
	Database version: 2.4.240
	Default catalog/schema: DAW/PUBLIC
	Autocommit mode: undefined/unknown
	Isolation level: READ_COMMITTED [default READ_COMMITTED]
	JDBC fetch size: 100
	Pool: DataSourceConnectionProvider
	Minimum pool size: undefined/unknown
	Maximum pool size: undefined/unknown
2026-05-28T21:31:40.743+02:00  INFO 37108 --- [dawBB] [           main] org.hibernate.orm.core                   : HHH000489: No JTA platform available (set 'hibernate.transaction.jta.platform' to enable JTA platform integration)
2026-05-28T21:31:40.753+02:00  INFO 37108 --- [dawBB] [           main] j.LocalContainerEntityManagerFactoryBean : Initialized JPA EntityManagerFactory for persistence unit 'default'
2026-05-28T21:31:40.894+02:00  WARN 37108 --- [dawBB] [           main] JpaBaseConfiguration$JpaWebConfiguration : spring.jpa.open-in-view is enabled by default. Therefore, database queries may be performed during view rendering. Explicitly configure spring.jpa.open-in-view to disable this warning
2026-05-28T21:31:41.214+02:00  INFO 37108 --- [dawBB] [           main] o.s.boot.tomcat.TomcatWebServer          : Tomcat started on port 54972 (http) with context path '/'
2026-05-28T21:31:41.219+02:00  INFO 37108 --- [dawBB] [           main] B.dawBB.ConvocatoriasEndPointsTests      : Started ConvocatoriasEndPointsTests in 1.544 seconds (process running for 28.667)
2026-05-28T21:31:41.221+02:00  WARN 37108 --- [dawBB] [           main] o.s.core.events.SpringDocAppInitializer  : SpringDoc /v3/api-docs endpoint is enabled by default. To disable it in production, set the property 'springdoc.api-docs.enabled=false'
2026-05-28T21:31:41.221+02:00  WARN 37108 --- [dawBB] [           main] o.s.core.events.SpringDocAppInitializer  : SpringDoc /swagger-ui.html endpoint is enabled by default. To disable it in production, set the property 'springdoc.swagger-ui.enabled=false'
Hibernate: 
    select
        c1_0.id_convocatoria,
        c1_0.actual,
        c1_0.fecha_fin,
        c1_0.fecha_inicio,
        c1_0.nombre 
    from
        convocatorias c1_0
2026-05-28T21:31:41.336+02:00  INFO 37108 --- [dawBB] [o-auto-3-exec-1] o.a.c.c.C.[Tomcat].[localhost].[/]       : Initializing Spring DispatcherServlet 'dispatcherServlet'
2026-05-28T21:31:41.336+02:00  INFO 37108 --- [dawBB] [o-auto-3-exec-1] o.s.web.servlet.DispatcherServlet        : Initializing Servlet 'dispatcherServlet'
2026-05-28T21:31:41.338+02:00  INFO 37108 --- [dawBB] [o-auto-3-exec-1] o.s.web.servlet.DispatcherServlet        : Completed initialization in 2 ms
2026-05-28T21:31:41.466+02:00  INFO 37108 --- [dawBB] [o-auto-3-exec-1] B.dawBB.seguridad.JwtRequestFilter       : usuario = test_user
Hibernate: 
    select
        c1_0.id_convocatoria,
        c1_0.actual,
        c1_0.fecha_fin,
        c1_0.fecha_inicio,
        c1_0.nombre 
    from
        convocatorias c1_0 
    where
        c1_0.actual=true
Hibernate: 
    insert 
    into
        convocatorias
        (actual, fecha_fin, fecha_inicio, nombre, id_convocatoria) 
    values
        (?, ?, ?, ?, default)
2026-05-28T21:31:42.989+02:00  INFO 37108 --- [dawBB] [           main] o.s.boot.tomcat.GracefulShutdown         : Commencing graceful shutdown. Waiting for active requests to complete
2026-05-28T21:31:43.019+02:00  INFO 37108 --- [dawBB] [tomcat-shutdown] o.s.boot.tomcat.GracefulShutdown         : Graceful shutdown complete
2026-05-28T21:31:43.024+02:00  INFO 37108 --- [dawBB] [           main] j.LocalContainerEntityManagerFactoryBean : Closing JPA EntityManagerFactory for persistence unit 'default'
2026-05-28T21:31:43.029+02:00  INFO 37108 --- [dawBB] [           main] com.zaxxer.hikari.HikariDataSource       : HikariPool-3 - Shutdown initiated...
2026-05-28T21:31:43.098+02:00  INFO 37108 --- [dawBB] [           main] com.zaxxer.hikari.HikariDataSource       : HikariPool-3 - Shutdown completed.
]]></system-out>
  </testcase>
  <testcase name="coberturaGetAuthenticatedUser" classname="En el controlador de convocatorias" time="1.504">
    <system-out><![CDATA[
  .   ____          _            __ _ _
 /\\ / ___'_ __ _ _(_)_ __  __ _ \ \ \ \
( ( )\___ | '_ | '_| | '_ \/ _` | \ \ \ \
 \\/  ___)| |_)| | | | | || (_| |  ) ) ) )
  '  |____| .__|_| |_|_| |_\__, | / / / /
 =========|_|==============|___/=/_/_/_/

 :: Spring Boot ::                (v4.0.3)

2026-05-28T21:31:43.204+02:00  INFO 37108 --- [dawBB] [           main] B.dawBB.ConvocatoriasEndPointsTests      : Starting ConvocatoriasEndPointsTests using Java 21.0.10 with PID 37108 (started by andre in C:\Users\andre\Desktop\CURSO2526\SEGUNDO_CUATRI\DAW\pau-pevau-backend-boys\dawBB)
2026-05-28T21:31:43.205+02:00  INFO 37108 --- [dawBB] [           main] B.dawBB.ConvocatoriasEndPointsTests      : No active profile set, falling back to 1 default profile: "default"
2026-05-28T21:31:43.619+02:00  INFO 37108 --- [dawBB] [           main] .s.d.r.c.RepositoryConfigurationDelegate : Bootstrapping Spring Data JPA repositories in DEFAULT mode.
2026-05-28T21:31:43.648+02:00  INFO 37108 --- [dawBB] [           main] .s.d.r.c.RepositoryConfigurationDelegate : Finished Spring Data repository scanning in 25 ms. Found 4 JPA repository interfaces.
2026-05-28T21:31:43.802+02:00  INFO 37108 --- [dawBB] [           main] o.s.boot.tomcat.TomcatWebServer          : Tomcat initialized with port 0 (http)
2026-05-28T21:31:43.803+02:00  INFO 37108 --- [dawBB] [           main] o.apache.catalina.core.StandardService   : Starting service [Tomcat]
2026-05-28T21:31:43.804+02:00  INFO 37108 --- [dawBB] [           main] o.apache.catalina.core.StandardEngine    : Starting Servlet engine: [Apache Tomcat/11.0.18]
2026-05-28T21:31:43.908+02:00  INFO 37108 --- [dawBB] [           main] b.w.c.s.WebApplicationContextInitializer : Root WebApplicationContext: initialization completed in 699 ms
2026-05-28T21:31:43.971+02:00  INFO 37108 --- [dawBB] [           main] org.hibernate.orm.jpa                    : HHH008540: Processing PersistenceUnitInfo [name: default]
2026-05-28T21:31:44.065+02:00  INFO 37108 --- [dawBB] [           main] o.s.o.j.p.SpringPersistenceUnitInfo      : No LoadTimeWeaver setup: ignoring JPA class transformer
2026-05-28T21:31:44.067+02:00  INFO 37108 --- [dawBB] [           main] com.zaxxer.hikari.HikariDataSource       : HikariPool-4 - Starting...
2026-05-28T21:31:44.115+02:00  INFO 37108 --- [dawBB] [           main] com.zaxxer.hikari.pool.HikariPool        : HikariPool-4 - Added connection conn30: url=jdbc:h2:./daw user=SA
2026-05-28T21:31:44.116+02:00  INFO 37108 --- [dawBB] [           main] com.zaxxer.hikari.HikariDataSource       : HikariPool-4 - Start completed.
2026-05-28T21:31:44.116+02:00  WARN 37108 --- [dawBB] [           main] org.hibernate.orm.deprecation            : HHH90000025: H2Dialect does not need to be specified explicitly using 'hibernate.dialect' (remove the property setting and it will be selected by default)
2026-05-28T21:31:44.117+02:00  INFO 37108 --- [dawBB] [           main] org.hibernate.orm.connections.pooling    : HHH10001005: Database info:
	Database JDBC URL [jdbc:h2:./daw]
	Database driver: H2 JDBC Driver
	Database dialect: H2Dialect
	Database version: 2.4.240
	Default catalog/schema: DAW/PUBLIC
	Autocommit mode: undefined/unknown
	Isolation level: READ_COMMITTED [default READ_COMMITTED]
	JDBC fetch size: 100
	Pool: DataSourceConnectionProvider
	Minimum pool size: undefined/unknown
	Maximum pool size: undefined/unknown
2026-05-28T21:31:44.341+02:00  INFO 37108 --- [dawBB] [           main] org.hibernate.orm.core                   : HHH000489: No JTA platform available (set 'hibernate.transaction.jta.platform' to enable JTA platform integration)
2026-05-28T21:31:44.349+02:00  INFO 37108 --- [dawBB] [           main] j.LocalContainerEntityManagerFactoryBean : Initialized JPA EntityManagerFactory for persistence unit 'default'
2026-05-28T21:31:44.519+02:00  WARN 37108 --- [dawBB] [           main] JpaBaseConfiguration$JpaWebConfiguration : spring.jpa.open-in-view is enabled by default. Therefore, database queries may be performed during view rendering. Explicitly configure spring.jpa.open-in-view to disable this warning
2026-05-28T21:31:44.818+02:00  INFO 37108 --- [dawBB] [           main] o.s.boot.tomcat.TomcatWebServer          : Tomcat started on port 58367 (http) with context path '/'
2026-05-28T21:31:44.823+02:00  INFO 37108 --- [dawBB] [           main] B.dawBB.ConvocatoriasEndPointsTests      : Started ConvocatoriasEndPointsTests in 1.701 seconds (process running for 32.27)
2026-05-28T21:31:44.824+02:00  WARN 37108 --- [dawBB] [           main] o.s.core.events.SpringDocAppInitializer  : SpringDoc /v3/api-docs endpoint is enabled by default. To disable it in production, set the property 'springdoc.api-docs.enabled=false'
2026-05-28T21:31:44.825+02:00  WARN 37108 --- [dawBB] [           main] o.s.core.events.SpringDocAppInitializer  : SpringDoc /swagger-ui.html endpoint is enabled by default. To disable it in production, set the property 'springdoc.swagger-ui.enabled=false'
Hibernate: 
    select
        c1_0.id_convocatoria,
        c1_0.actual,
        c1_0.fecha_fin,
        c1_0.fecha_inicio,
        c1_0.nombre 
    from
        convocatorias c1_0
Hibernate: 
    select
        s1_0.fk_convocatoria,
        s1_0.id,
        s1_0.eliminado,
        s1_0.fin,
        s1_0.inicio 
    from
        slots s1_0 
    where
        s1_0.fk_convocatoria=?
Hibernate: 
    delete 
    from
        convocatoria_materia 
    where
        id_convocatoria=?
Hibernate: 
    delete 
    from
        convocatorias 
    where
        id_convocatoria=?
2026-05-28T21:31:46.165+02:00  INFO 37108 --- [dawBB] [           main] o.s.boot.tomcat.GracefulShutdown         : Commencing graceful shutdown. Waiting for active requests to complete
2026-05-28T21:31:46.205+02:00  INFO 37108 --- [dawBB] [tomcat-shutdown] o.s.boot.tomcat.GracefulShutdown         : Graceful shutdown complete
2026-05-28T21:31:46.221+02:00  INFO 37108 --- [dawBB] [           main] j.LocalContainerEntityManagerFactoryBean : Closing JPA EntityManagerFactory for persistence unit 'default'
2026-05-28T21:31:46.224+02:00  INFO 37108 --- [dawBB] [           main] com.zaxxer.hikari.HikariDataSource       : HikariPool-4 - Shutdown initiated...
2026-05-28T21:31:46.312+02:00  INFO 37108 --- [dawBB] [           main] com.zaxxer.hikari.HikariDataSource       : HikariPool-4 - Shutdown completed.
]]></system-out>
  </testcase>
  <testcase name="coberturaSwagger" classname="En el controlador de convocatorias" time="0.19">
    <system-out><![CDATA[
  .   ____          _            __ _ _
 /\\ / ___'_ __ _ _(_)_ __  __ _ \ \ \ \
( ( )\___ | '_ | '_| | '_ \/ _` | \ \ \ \
 \\/  ___)| |_)| | | | | || (_| |  ) ) ) )
  '  |____| .__|_| |_|_| |_\__, | / / / /
 =========|_|==============|___/=/_/_/_/

 :: Spring Boot ::                (v4.0.3)

2026-05-28T21:31:46.524+02:00  INFO 37108 --- [dawBB] [           main] B.dawBB.ConvocatoriasEndPointsTests      : Starting ConvocatoriasEndPointsTests using Java 21.0.10 with PID 37108 (started by andre in C:\Users\andre\Desktop\CURSO2526\SEGUNDO_CUATRI\DAW\pau-pevau-backend-boys\dawBB)
2026-05-28T21:31:46.525+02:00  INFO 37108 --- [dawBB] [           main] B.dawBB.ConvocatoriasEndPointsTests      : No active profile set, falling back to 1 default profile: "default"
2026-05-28T21:31:47.634+02:00  INFO 37108 --- [dawBB] [           main] .s.d.r.c.RepositoryConfigurationDelegate : Bootstrapping Spring Data JPA repositories in DEFAULT mode.
2026-05-28T21:31:47.699+02:00  INFO 37108 --- [dawBB] [           main] .s.d.r.c.RepositoryConfigurationDelegate : Finished Spring Data repository scanning in 58 ms. Found 4 JPA repository interfaces.
2026-05-28T21:31:48.129+02:00  INFO 37108 --- [dawBB] [           main] o.s.boot.tomcat.TomcatWebServer          : Tomcat initialized with port 0 (http)
2026-05-28T21:31:48.133+02:00  INFO 37108 --- [dawBB] [           main] o.apache.catalina.core.StandardService   : Starting service [Tomcat]
2026-05-28T21:31:48.136+02:00  INFO 37108 --- [dawBB] [           main] o.apache.catalina.core.StandardEngine    : Starting Servlet engine: [Apache Tomcat/11.0.18]
2026-05-28T21:31:48.277+02:00  INFO 37108 --- [dawBB] [           main] b.w.c.s.WebApplicationContextInitializer : Root WebApplicationContext: initialization completed in 1740 ms
2026-05-28T21:31:48.483+02:00  INFO 37108 --- [dawBB] [           main] org.hibernate.orm.jpa                    : HHH008540: Processing PersistenceUnitInfo [name: default]
2026-05-28T21:31:48.750+02:00  INFO 37108 --- [dawBB] [           main] o.s.o.j.p.SpringPersistenceUnitInfo      : No LoadTimeWeaver setup: ignoring JPA class transformer
2026-05-28T21:31:48.757+02:00  INFO 37108 --- [dawBB] [           main] com.zaxxer.hikari.HikariDataSource       : HikariPool-5 - Starting...
2026-05-28T21:31:48.845+02:00  INFO 37108 --- [dawBB] [           main] com.zaxxer.hikari.pool.HikariPool        : HikariPool-5 - Added connection conn40: url=jdbc:h2:./daw user=SA
2026-05-28T21:31:48.848+02:00  INFO 37108 --- [dawBB] [           main] com.zaxxer.hikari.HikariDataSource       : HikariPool-5 - Start completed.
2026-05-28T21:31:48.857+02:00  WARN 37108 --- [dawBB] [           main] org.hibernate.orm.deprecation            : HHH90000025: H2Dialect does not need to be specified explicitly using 'hibernate.dialect' (remove the property setting and it will be selected by default)
2026-05-28T21:31:48.861+02:00  INFO 37108 --- [dawBB] [           main] org.hibernate.orm.connections.pooling    : HHH10001005: Database info:
	Database JDBC URL [jdbc:h2:./daw]
	Database driver: H2 JDBC Driver
	Database dialect: H2Dialect
	Database version: 2.4.240
	Default catalog/schema: DAW/PUBLIC
	Autocommit mode: undefined/unknown
	Isolation level: READ_COMMITTED [default READ_COMMITTED]
	JDBC fetch size: 100
	Pool: DataSourceConnectionProvider
	Minimum pool size: undefined/unknown
	Maximum pool size: undefined/unknown
2026-05-28T21:31:49.347+02:00  INFO 37108 --- [dawBB] [           main] org.hibernate.orm.core                   : HHH000489: No JTA platform available (set 'hibernate.transaction.jta.platform' to enable JTA platform integration)
2026-05-28T21:31:49.405+02:00  INFO 37108 --- [dawBB] [           main] j.LocalContainerEntityManagerFactoryBean : Initialized JPA EntityManagerFactory for persistence unit 'default'
2026-05-28T21:31:50.316+02:00  WARN 37108 --- [dawBB] [           main] JpaBaseConfiguration$JpaWebConfiguration : spring.jpa.open-in-view is enabled by default. Therefore, database queries may be performed during view rendering. Explicitly configure spring.jpa.open-in-view to disable this warning
2026-05-28T21:31:52.144+02:00  INFO 37108 --- [dawBB] [           main] o.s.boot.tomcat.TomcatWebServer          : Tomcat started on port 58370 (http) with context path '/'
2026-05-28T21:31:52.159+02:00  INFO 37108 --- [dawBB] [           main] B.dawBB.ConvocatoriasEndPointsTests      : Started ConvocatoriasEndPointsTests in 5.802 seconds (process running for 39.607)
2026-05-28T21:31:52.162+02:00  WARN 37108 --- [dawBB] [           main] o.s.core.events.SpringDocAppInitializer  : SpringDoc /v3/api-docs endpoint is enabled by default. To disable it in production, set the property 'springdoc.api-docs.enabled=false'
2026-05-28T21:31:52.162+02:00  WARN 37108 --- [dawBB] [           main] o.s.core.events.SpringDocAppInitializer  : SpringDoc /swagger-ui.html endpoint is enabled by default. To disable it in production, set the property 'springdoc.swagger-ui.enabled=false'
Hibernate: 
    select
        c1_0.id_convocatoria,
        c1_0.actual,
        c1_0.fecha_fin,
        c1_0.fecha_inicio,
        c1_0.nombre 
    from
        convocatorias c1_0
2026-05-28T21:31:52.208+02:00  INFO 37108 --- [dawBB] [           main] o.s.boot.tomcat.GracefulShutdown         : Commencing graceful shutdown. Waiting for active requests to complete
2026-05-28T21:31:52.319+02:00  INFO 37108 --- [dawBB] [tomcat-shutdown] o.s.boot.tomcat.GracefulShutdown         : Graceful shutdown complete
2026-05-28T21:31:52.331+02:00  INFO 37108 --- [dawBB] [           main] j.LocalContainerEntityManagerFactoryBean : Closing JPA EntityManagerFactory for persistence unit 'default'
2026-05-28T21:31:52.334+02:00  INFO 37108 --- [dawBB] [           main] com.zaxxer.hikari.HikariDataSource       : HikariPool-5 - Shutdown initiated...
2026-05-28T21:31:52.347+02:00  INFO 37108 --- [dawBB] [           main] com.zaxxer.hikari.HikariDataSource       : HikariPool-5 - Shutdown completed.
]]></system-out>
  </testcase>
  <testcase name="coberturaMapperNulos" classname="En el controlador de convocatorias" time="0.17">
    <system-out><![CDATA[
  .   ____          _            __ _ _
 /\\ / ___'_ __ _ _(_)_ __  __ _ \ \ \ \
( ( )\___ | '_ | '_| | '_ \/ _` | \ \ \ \
 \\/  ___)| |_)| | | | | || (_| |  ) ) ) )
  '  |____| .__|_| |_|_| |_\__, | / / / /
 =========|_|==============|___/=/_/_/_/

 :: Spring Boot ::                (v4.0.3)

2026-05-28T21:31:52.701+02:00  INFO 37108 --- [dawBB] [           main] B.dawBB.ConvocatoriasEndPointsTests      : Starting ConvocatoriasEndPointsTests using Java 21.0.10 with PID 37108 (started by andre in C:\Users\andre\Desktop\CURSO2526\SEGUNDO_CUATRI\DAW\pau-pevau-backend-boys\dawBB)
2026-05-28T21:31:52.702+02:00  INFO 37108 --- [dawBB] [           main] B.dawBB.ConvocatoriasEndPointsTests      : No active profile set, falling back to 1 default profile: "default"
2026-05-28T21:31:53.526+02:00  INFO 37108 --- [dawBB] [           main] .s.d.r.c.RepositoryConfigurationDelegate : Bootstrapping Spring Data JPA repositories in DEFAULT mode.
2026-05-28T21:31:53.622+02:00  INFO 37108 --- [dawBB] [           main] .s.d.r.c.RepositoryConfigurationDelegate : Finished Spring Data repository scanning in 88 ms. Found 4 JPA repository interfaces.
2026-05-28T21:31:53.963+02:00  INFO 37108 --- [dawBB] [           main] o.s.boot.tomcat.TomcatWebServer          : Tomcat initialized with port 0 (http)
2026-05-28T21:31:53.968+02:00  INFO 37108 --- [dawBB] [           main] o.apache.catalina.core.StandardService   : Starting service [Tomcat]
2026-05-28T21:31:53.971+02:00  INFO 37108 --- [dawBB] [           main] o.apache.catalina.core.StandardEngine    : Starting Servlet engine: [Apache Tomcat/11.0.18]
2026-05-28T21:31:54.174+02:00  INFO 37108 --- [dawBB] [           main] b.w.c.s.WebApplicationContextInitializer : Root WebApplicationContext: initialization completed in 1466 ms
2026-05-28T21:31:54.303+02:00  INFO 37108 --- [dawBB] [           main] org.hibernate.orm.jpa                    : HHH008540: Processing PersistenceUnitInfo [name: default]
2026-05-28T21:31:54.722+02:00  INFO 37108 --- [dawBB] [           main] o.s.o.j.p.SpringPersistenceUnitInfo      : No LoadTimeWeaver setup: ignoring JPA class transformer
2026-05-28T21:31:54.727+02:00  INFO 37108 --- [dawBB] [           main] com.zaxxer.hikari.HikariDataSource       : HikariPool-6 - Starting...
2026-05-28T21:31:54.773+02:00  INFO 37108 --- [dawBB] [           main] com.zaxxer.hikari.pool.HikariPool        : HikariPool-6 - Added connection conn50: url=jdbc:h2:./daw user=SA
2026-05-28T21:31:54.773+02:00  INFO 37108 --- [dawBB] [           main] com.zaxxer.hikari.HikariDataSource       : HikariPool-6 - Start completed.
2026-05-28T21:31:54.777+02:00  WARN 37108 --- [dawBB] [           main] org.hibernate.orm.deprecation            : HHH90000025: H2Dialect does not need to be specified explicitly using 'hibernate.dialect' (remove the property setting and it will be selected by default)
2026-05-28T21:31:54.779+02:00  INFO 37108 --- [dawBB] [           main] org.hibernate.orm.connections.pooling    : HHH10001005: Database info:
	Database JDBC URL [jdbc:h2:./daw]
	Database driver: H2 JDBC Driver
	Database dialect: H2Dialect
	Database version: 2.4.240
	Default catalog/schema: DAW/PUBLIC
	Autocommit mode: undefined/unknown
	Isolation level: READ_COMMITTED [default READ_COMMITTED]
	JDBC fetch size: 100
	Pool: DataSourceConnectionProvider
	Minimum pool size: undefined/unknown
	Maximum pool size: undefined/unknown
2026-05-28T21:31:54.998+02:00  INFO 37108 --- [dawBB] [           main] org.hibernate.orm.core                   : HHH000489: No JTA platform available (set 'hibernate.transaction.jta.platform' to enable JTA platform integration)
2026-05-28T21:31:55.031+02:00  INFO 37108 --- [dawBB] [           main] j.LocalContainerEntityManagerFactoryBean : Initialized JPA EntityManagerFactory for persistence unit 'default'
2026-05-28T21:31:55.397+02:00  WARN 37108 --- [dawBB] [           main] JpaBaseConfiguration$JpaWebConfiguration : spring.jpa.open-in-view is enabled by default. Therefore, database queries may be performed during view rendering. Explicitly configure spring.jpa.open-in-view to disable this warning
2026-05-28T21:31:56.087+02:00  INFO 37108 --- [dawBB] [           main] o.s.boot.tomcat.TomcatWebServer          : Tomcat started on port 58372 (http) with context path '/'
2026-05-28T21:31:56.095+02:00  INFO 37108 --- [dawBB] [           main] B.dawBB.ConvocatoriasEndPointsTests      : Started ConvocatoriasEndPointsTests in 3.715 seconds (process running for 43.542)
2026-05-28T21:31:56.097+02:00  WARN 37108 --- [dawBB] [           main] o.s.core.events.SpringDocAppInitializer  : SpringDoc /v3/api-docs endpoint is enabled by default. To disable it in production, set the property 'springdoc.api-docs.enabled=false'
2026-05-28T21:31:56.099+02:00  WARN 37108 --- [dawBB] [           main] o.s.core.events.SpringDocAppInitializer  : SpringDoc /swagger-ui.html endpoint is enabled by default. To disable it in production, set the property 'springdoc.swagger-ui.enabled=false'
Hibernate: 
    select
        c1_0.id_convocatoria,
        c1_0.actual,
        c1_0.fecha_fin,
        c1_0.fecha_inicio,
        c1_0.nombre 
    from
        convocatorias c1_0
2026-05-28T21:31:56.141+02:00  INFO 37108 --- [dawBB] [           main] o.s.boot.tomcat.GracefulShutdown         : Commencing graceful shutdown. Waiting for active requests to complete
2026-05-28T21:31:56.189+02:00  INFO 37108 --- [dawBB] [tomcat-shutdown] o.s.boot.tomcat.GracefulShutdown         : Graceful shutdown complete
2026-05-28T21:31:56.194+02:00  INFO 37108 --- [dawBB] [           main] j.LocalContainerEntityManagerFactoryBean : Closing JPA EntityManagerFactory for persistence unit 'default'
2026-05-28T21:31:56.195+02:00  INFO 37108 --- [dawBB] [           main] com.zaxxer.hikari.HikariDataSource       : HikariPool-6 - Shutdown initiated...
2026-05-28T21:31:56.263+02:00  INFO 37108 --- [dawBB] [           main] com.zaxxer.hikari.HikariDataSource       : HikariPool-6 - Shutdown completed.
]]></system-out>
  </testcase>
  <testcase name="crearConvocatoriaSeGuardaComoActual" classname="En el controlador de convocatorias" time="0.227">
    <system-out><![CDATA[
  .   ____          _            __ _ _
 /\\ / ___'_ __ _ _(_)_ __  __ _ \ \ \ \
( ( )\___ | '_ | '_| | '_ \/ _` | \ \ \ \
 \\/  ___)| |_)| | | | | || (_| |  ) ) ) )
  '  |____| .__|_| |_|_| |_\__, | / / / /
 =========|_|==============|___/=/_/_/_/

 :: Spring Boot ::                (v4.0.3)

2026-05-28T21:31:56.365+02:00  INFO 37108 --- [dawBB] [           main] B.dawBB.ConvocatoriasEndPointsTests      : Starting ConvocatoriasEndPointsTests using Java 21.0.10 with PID 37108 (started by andre in C:\Users\andre\Desktop\CURSO2526\SEGUNDO_CUATRI\DAW\pau-pevau-backend-boys\dawBB)
2026-05-28T21:31:56.366+02:00  INFO 37108 --- [dawBB] [           main] B.dawBB.ConvocatoriasEndPointsTests      : No active profile set, falling back to 1 default profile: "default"
2026-05-28T21:31:56.948+02:00  INFO 37108 --- [dawBB] [           main] .s.d.r.c.RepositoryConfigurationDelegate : Bootstrapping Spring Data JPA repositories in DEFAULT mode.
2026-05-28T21:31:57.015+02:00  INFO 37108 --- [dawBB] [           main] .s.d.r.c.RepositoryConfigurationDelegate : Finished Spring Data repository scanning in 62 ms. Found 4 JPA repository interfaces.
2026-05-28T21:31:57.282+02:00  INFO 37108 --- [dawBB] [           main] o.s.boot.tomcat.TomcatWebServer          : Tomcat initialized with port 0 (http)
2026-05-28T21:31:57.285+02:00  INFO 37108 --- [dawBB] [           main] o.apache.catalina.core.StandardService   : Starting service [Tomcat]
2026-05-28T21:31:57.288+02:00  INFO 37108 --- [dawBB] [           main] o.apache.catalina.core.StandardEngine    : Starting Servlet engine: [Apache Tomcat/11.0.18]
2026-05-28T21:31:57.393+02:00  INFO 37108 --- [dawBB] [           main] b.w.c.s.WebApplicationContextInitializer : Root WebApplicationContext: initialization completed in 1013 ms
2026-05-28T21:31:57.484+02:00  INFO 37108 --- [dawBB] [           main] org.hibernate.orm.jpa                    : HHH008540: Processing PersistenceUnitInfo [name: default]
2026-05-28T21:31:57.693+02:00  INFO 37108 --- [dawBB] [           main] o.s.o.j.p.SpringPersistenceUnitInfo      : No LoadTimeWeaver setup: ignoring JPA class transformer
2026-05-28T21:31:57.697+02:00  INFO 37108 --- [dawBB] [           main] com.zaxxer.hikari.HikariDataSource       : HikariPool-7 - Starting...
2026-05-28T21:31:57.770+02:00  INFO 37108 --- [dawBB] [           main] com.zaxxer.hikari.pool.HikariPool        : HikariPool-7 - Added connection conn60: url=jdbc:h2:./daw user=SA
2026-05-28T21:31:57.771+02:00  INFO 37108 --- [dawBB] [           main] com.zaxxer.hikari.HikariDataSource       : HikariPool-7 - Start completed.
2026-05-28T21:31:57.772+02:00  WARN 37108 --- [dawBB] [           main] org.hibernate.orm.deprecation            : HHH90000025: H2Dialect does not need to be specified explicitly using 'hibernate.dialect' (remove the property setting and it will be selected by default)
2026-05-28T21:31:57.773+02:00  INFO 37108 --- [dawBB] [           main] org.hibernate.orm.connections.pooling    : HHH10001005: Database info:
	Database JDBC URL [jdbc:h2:./daw]
	Database driver: H2 JDBC Driver
	Database dialect: H2Dialect
	Database version: 2.4.240
	Default catalog/schema: DAW/PUBLIC
	Autocommit mode: undefined/unknown
	Isolation level: READ_COMMITTED [default READ_COMMITTED]
	JDBC fetch size: 100
	Pool: DataSourceConnectionProvider
	Minimum pool size: undefined/unknown
	Maximum pool size: undefined/unknown
2026-05-28T21:31:57.945+02:00  INFO 37108 --- [dawBB] [           main] org.hibernate.orm.core                   : HHH000489: No JTA platform available (set 'hibernate.transaction.jta.platform' to enable JTA platform integration)
2026-05-28T21:31:57.954+02:00  INFO 37108 --- [dawBB] [           main] j.LocalContainerEntityManagerFactoryBean : Initialized JPA EntityManagerFactory for persistence unit 'default'
2026-05-28T21:31:58.183+02:00  WARN 37108 --- [dawBB] [           main] JpaBaseConfiguration$JpaWebConfiguration : spring.jpa.open-in-view is enabled by default. Therefore, database queries may be performed during view rendering. Explicitly configure spring.jpa.open-in-view to disable this warning
2026-05-28T21:31:58.577+02:00  INFO 37108 --- [dawBB] [           main] o.s.boot.tomcat.TomcatWebServer          : Tomcat started on port 49924 (http) with context path '/'
2026-05-28T21:31:58.585+02:00  INFO 37108 --- [dawBB] [           main] B.dawBB.ConvocatoriasEndPointsTests      : Started ConvocatoriasEndPointsTests in 2.299 seconds (process running for 46.032)
2026-05-28T21:31:58.586+02:00  WARN 37108 --- [dawBB] [           main] o.s.core.events.SpringDocAppInitializer  : SpringDoc /v3/api-docs endpoint is enabled by default. To disable it in production, set the property 'springdoc.api-docs.enabled=false'
2026-05-28T21:31:58.587+02:00  WARN 37108 --- [dawBB] [           main] o.s.core.events.SpringDocAppInitializer  : SpringDoc /swagger-ui.html endpoint is enabled by default. To disable it in production, set the property 'springdoc.swagger-ui.enabled=false'
Hibernate: 
    select
        c1_0.id_convocatoria,
        c1_0.actual,
        c1_0.fecha_fin,
        c1_0.fecha_inicio,
        c1_0.nombre 
    from
        convocatorias c1_0
2026-05-28T21:31:58.622+02:00  INFO 37108 --- [dawBB] [o-auto-7-exec-1] o.a.c.c.C.[Tomcat].[localhost].[/]       : Initializing Spring DispatcherServlet 'dispatcherServlet'
2026-05-28T21:31:58.622+02:00  INFO 37108 --- [dawBB] [o-auto-7-exec-1] o.s.web.servlet.DispatcherServlet        : Initializing Servlet 'dispatcherServlet'
2026-05-28T21:31:58.626+02:00  INFO 37108 --- [dawBB] [o-auto-7-exec-1] o.s.web.servlet.DispatcherServlet        : Completed initialization in 4 ms
2026-05-28T21:31:58.630+02:00  INFO 37108 --- [dawBB] [o-auto-7-exec-1] B.dawBB.seguridad.JwtRequestFilter       : usuario = test_user
Hibernate: 
    select
        c1_0.id_convocatoria,
        c1_0.actual,
        c1_0.fecha_fin,
        c1_0.fecha_inicio,
        c1_0.nombre 
    from
        convocatorias c1_0 
    where
        c1_0.actual=true
Hibernate: 
    insert 
    into
        convocatorias
        (actual, fecha_fin, fecha_inicio, nombre, id_convocatoria) 
    values
        (?, ?, ?, ?, default)
Hibernate: 
    select
        c1_0.id_convocatoria,
        c1_0.actual,
        c1_0.fecha_fin,
        c1_0.fecha_inicio,
        c1_0.nombre 
    from
        convocatorias c1_0 
    where
        c1_0.id_convocatoria=?
2026-05-28T21:31:58.731+02:00  INFO 37108 --- [dawBB] [           main] o.s.boot.tomcat.GracefulShutdown         : Commencing graceful shutdown. Waiting for active requests to complete
2026-05-28T21:31:58.765+02:00  INFO 37108 --- [dawBB] [tomcat-shutdown] o.s.boot.tomcat.GracefulShutdown         : Graceful shutdown complete
2026-05-28T21:31:58.769+02:00  INFO 37108 --- [dawBB] [           main] j.LocalContainerEntityManagerFactoryBean : Closing JPA EntityManagerFactory for persistence unit 'default'
2026-05-28T21:31:58.770+02:00  INFO 37108 --- [dawBB] [           main] com.zaxxer.hikari.HikariDataSource       : HikariPool-7 - Shutdown initiated...
2026-05-28T21:31:58.807+02:00  INFO 37108 --- [dawBB] [           main] com.zaxxer.hikari.HikariDataSource       : HikariPool-7 - Shutdown completed.
]]></system-out>
  </testcase>
  <testcase name="obtenerConvocatoriasListaVacia" classname="En el controlador de convocatorias" time="0.13">
    <system-out><![CDATA[
  .   ____          _            __ _ _
 /\\ / ___'_ __ _ _(_)_ __  __ _ \ \ \ \
( ( )\___ | '_ | '_| | '_ \/ _` | \ \ \ \
 \\/  ___)| |_)| | | | | || (_| |  ) ) ) )
  '  |____| .__|_| |_|_| |_\__, | / / / /
 =========|_|==============|___/=/_/_/_/

 :: Spring Boot ::                (v4.0.3)

2026-05-28T21:31:58.876+02:00  INFO 37108 --- [dawBB] [           main] B.dawBB.ConvocatoriasEndPointsTests      : Starting ConvocatoriasEndPointsTests using Java 21.0.10 with PID 37108 (started by andre in C:\Users\andre\Desktop\CURSO2526\SEGUNDO_CUATRI\DAW\pau-pevau-backend-boys\dawBB)
2026-05-28T21:31:58.877+02:00  INFO 37108 --- [dawBB] [           main] B.dawBB.ConvocatoriasEndPointsTests      : No active profile set, falling back to 1 default profile: "default"
2026-05-28T21:31:59.172+02:00  INFO 37108 --- [dawBB] [           main] .s.d.r.c.RepositoryConfigurationDelegate : Bootstrapping Spring Data JPA repositories in DEFAULT mode.
2026-05-28T21:31:59.186+02:00  INFO 37108 --- [dawBB] [           main] .s.d.r.c.RepositoryConfigurationDelegate : Finished Spring Data repository scanning in 11 ms. Found 4 JPA repository interfaces.
2026-05-28T21:31:59.260+02:00  INFO 37108 --- [dawBB] [           main] o.s.boot.tomcat.TomcatWebServer          : Tomcat initialized with port 0 (http)
2026-05-28T21:31:59.262+02:00  INFO 37108 --- [dawBB] [           main] o.apache.catalina.core.StandardService   : Starting service [Tomcat]
2026-05-28T21:31:59.263+02:00  INFO 37108 --- [dawBB] [           main] o.apache.catalina.core.StandardEngine    : Starting Servlet engine: [Apache Tomcat/11.0.18]
2026-05-28T21:31:59.289+02:00  INFO 37108 --- [dawBB] [           main] b.w.c.s.WebApplicationContextInitializer : Root WebApplicationContext: initialization completed in 408 ms
2026-05-28T21:31:59.319+02:00  INFO 37108 --- [dawBB] [           main] org.hibernate.orm.jpa                    : HHH008540: Processing PersistenceUnitInfo [name: default]
2026-05-28T21:31:59.379+02:00  INFO 37108 --- [dawBB] [           main] o.s.o.j.p.SpringPersistenceUnitInfo      : No LoadTimeWeaver setup: ignoring JPA class transformer
2026-05-28T21:31:59.380+02:00  INFO 37108 --- [dawBB] [           main] com.zaxxer.hikari.HikariDataSource       : HikariPool-8 - Starting...
2026-05-28T21:31:59.394+02:00  INFO 37108 --- [dawBB] [           main] com.zaxxer.hikari.pool.HikariPool        : HikariPool-8 - Added connection conn70: url=jdbc:h2:./daw user=SA
2026-05-28T21:31:59.394+02:00  INFO 37108 --- [dawBB] [           main] com.zaxxer.hikari.HikariDataSource       : HikariPool-8 - Start completed.
2026-05-28T21:31:59.395+02:00  WARN 37108 --- [dawBB] [           main] org.hibernate.orm.deprecation            : HHH90000025: H2Dialect does not need to be specified explicitly using 'hibernate.dialect' (remove the property setting and it will be selected by default)
2026-05-28T21:31:59.396+02:00  INFO 37108 --- [dawBB] [           main] org.hibernate.orm.connections.pooling    : HHH10001005: Database info:
	Database JDBC URL [jdbc:h2:./daw]
	Database driver: H2 JDBC Driver
	Database dialect: H2Dialect
	Database version: 2.4.240
	Default catalog/schema: DAW/PUBLIC
	Autocommit mode: undefined/unknown
	Isolation level: READ_COMMITTED [default READ_COMMITTED]
	JDBC fetch size: 100
	Pool: DataSourceConnectionProvider
	Minimum pool size: undefined/unknown
	Maximum pool size: undefined/unknown
2026-05-28T21:31:59.460+02:00  INFO 37108 --- [dawBB] [           main] org.hibernate.orm.core                   : HHH000489: No JTA platform available (set 'hibernate.transaction.jta.platform' to enable JTA platform integration)
2026-05-28T21:31:59.464+02:00  INFO 37108 --- [dawBB] [           main] j.LocalContainerEntityManagerFactoryBean : Initialized JPA EntityManagerFactory for persistence unit 'default'
2026-05-28T21:31:59.548+02:00  WARN 37108 --- [dawBB] [           main] JpaBaseConfiguration$JpaWebConfiguration : spring.jpa.open-in-view is enabled by default. Therefore, database queries may be performed during view rendering. Explicitly configure spring.jpa.open-in-view to disable this warning
2026-05-28T21:31:59.705+02:00  INFO 37108 --- [dawBB] [           main] o.s.boot.tomcat.TomcatWebServer          : Tomcat started on port 49927 (http) with context path '/'
2026-05-28T21:31:59.708+02:00  INFO 37108 --- [dawBB] [           main] B.dawBB.ConvocatoriasEndPointsTests      : Started ConvocatoriasEndPointsTests in 0.884 seconds (process running for 47.155)
2026-05-28T21:31:59.709+02:00  WARN 37108 --- [dawBB] [           main] o.s.core.events.SpringDocAppInitializer  : SpringDoc /v3/api-docs endpoint is enabled by default. To disable it in production, set the property 'springdoc.api-docs.enabled=false'
2026-05-28T21:31:59.709+02:00  WARN 37108 --- [dawBB] [           main] o.s.core.events.SpringDocAppInitializer  : SpringDoc /swagger-ui.html endpoint is enabled by default. To disable it in production, set the property 'springdoc.swagger-ui.enabled=false'
Hibernate: 
    select
        c1_0.id_convocatoria,
        c1_0.actual,
        c1_0.fecha_fin,
        c1_0.fecha_inicio,
        c1_0.nombre 
    from
        convocatorias c1_0
Hibernate: 
    select
        s1_0.fk_convocatoria,
        s1_0.id,
        s1_0.eliminado,
        s1_0.fin,
        s1_0.inicio 
    from
        slots s1_0 
    where
        s1_0.fk_convocatoria=?
Hibernate: 
    delete 
    from
        convocatoria_materia 
    where
        id_convocatoria=?
Hibernate: 
    delete 
    from
        convocatorias 
    where
        id_convocatoria=?
2026-05-28T21:31:59.732+02:00  INFO 37108 --- [dawBB] [o-auto-8-exec-1] o.a.c.c.C.[Tomcat].[localhost].[/]       : Initializing Spring DispatcherServlet 'dispatcherServlet'
2026-05-28T21:31:59.733+02:00  INFO 37108 --- [dawBB] [o-auto-8-exec-1] o.s.web.servlet.DispatcherServlet        : Initializing Servlet 'dispatcherServlet'
2026-05-28T21:31:59.734+02:00  INFO 37108 --- [dawBB] [o-auto-8-exec-1] o.s.web.servlet.DispatcherServlet        : Completed initialization in 1 ms
2026-05-28T21:31:59.735+02:00  INFO 37108 --- [dawBB] [o-auto-8-exec-1] B.dawBB.seguridad.JwtRequestFilter       : usuario = test_user
Hibernate: 
    select
        c1_0.id_convocatoria,
        c1_0.actual,
        c1_0.fecha_fin,
        c1_0.fecha_inicio,
        c1_0.nombre 
    from
        convocatorias c1_0
2026-05-28T21:31:59.793+02:00  INFO 37108 --- [dawBB] [           main] o.s.boot.tomcat.GracefulShutdown         : Commencing graceful shutdown. Waiting for active requests to complete
2026-05-28T21:31:59.814+02:00  INFO 37108 --- [dawBB] [tomcat-shutdown] o.s.boot.tomcat.GracefulShutdown         : Graceful shutdown complete
2026-05-28T21:31:59.819+02:00  INFO 37108 --- [dawBB] [           main] j.LocalContainerEntityManagerFactoryBean : Closing JPA EntityManagerFactory for persistence unit 'default'
2026-05-28T21:31:59.819+02:00  INFO 37108 --- [dawBB] [           main] com.zaxxer.hikari.HikariDataSource       : HikariPool-8 - Shutdown initiated...
2026-05-28T21:31:59.837+02:00  INFO 37108 --- [dawBB] [           main] com.zaxxer.hikari.HikariDataSource       : HikariPool-8 - Shutdown completed.
]]></system-out>
  </testcase>
  <testcase name="crearConvocatoriaSinAutenticacion" classname="En el controlador de convocatorias" time="0.088">
    <system-out><![CDATA[
  .   ____          _            __ _ _
 /\\ / ___'_ __ _ _(_)_ __  __ _ \ \ \ \
( ( )\___ | '_ | '_| | '_ \/ _` | \ \ \ \
 \\/  ___)| |_)| | | | | || (_| |  ) ) ) )
  '  |____| .__|_| |_|_| |_\__, | / / / /
 =========|_|==============|___/=/_/_/_/

 :: Spring Boot ::                (v4.0.3)

2026-05-28T21:31:59.860+02:00  INFO 37108 --- [dawBB] [           main] B.dawBB.ConvocatoriasEndPointsTests      : Starting ConvocatoriasEndPointsTests using Java 21.0.10 with PID 37108 (started by andre in C:\Users\andre\Desktop\CURSO2526\SEGUNDO_CUATRI\DAW\pau-pevau-backend-boys\dawBB)
2026-05-28T21:31:59.860+02:00  INFO 37108 --- [dawBB] [           main] B.dawBB.ConvocatoriasEndPointsTests      : No active profile set, falling back to 1 default profile: "default"
2026-05-28T21:32:00.016+02:00  INFO 37108 --- [dawBB] [           main] .s.d.r.c.RepositoryConfigurationDelegate : Bootstrapping Spring Data JPA repositories in DEFAULT mode.
2026-05-28T21:32:00.027+02:00  INFO 37108 --- [dawBB] [           main] .s.d.r.c.RepositoryConfigurationDelegate : Finished Spring Data repository scanning in 9 ms. Found 4 JPA repository interfaces.
2026-05-28T21:32:00.073+02:00  INFO 37108 --- [dawBB] [           main] o.s.boot.tomcat.TomcatWebServer          : Tomcat initialized with port 0 (http)
2026-05-28T21:32:00.074+02:00  INFO 37108 --- [dawBB] [           main] o.apache.catalina.core.StandardService   : Starting service [Tomcat]
2026-05-28T21:32:00.075+02:00  INFO 37108 --- [dawBB] [           main] o.apache.catalina.core.StandardEngine    : Starting Servlet engine: [Apache Tomcat/11.0.18]
2026-05-28T21:32:00.106+02:00  INFO 37108 --- [dawBB] [           main] b.w.c.s.WebApplicationContextInitializer : Root WebApplicationContext: initialization completed in 244 ms
2026-05-28T21:32:00.131+02:00  INFO 37108 --- [dawBB] [           main] org.hibernate.orm.jpa                    : HHH008540: Processing PersistenceUnitInfo [name: default]
2026-05-28T21:32:00.175+02:00  INFO 37108 --- [dawBB] [           main] o.s.o.j.p.SpringPersistenceUnitInfo      : No LoadTimeWeaver setup: ignoring JPA class transformer
2026-05-28T21:32:00.175+02:00  INFO 37108 --- [dawBB] [           main] com.zaxxer.hikari.HikariDataSource       : HikariPool-9 - Starting...
2026-05-28T21:32:00.191+02:00  INFO 37108 --- [dawBB] [           main] com.zaxxer.hikari.pool.HikariPool        : HikariPool-9 - Added connection conn80: url=jdbc:h2:./daw user=SA
2026-05-28T21:32:00.191+02:00  INFO 37108 --- [dawBB] [           main] com.zaxxer.hikari.HikariDataSource       : HikariPool-9 - Start completed.
2026-05-28T21:32:00.191+02:00  WARN 37108 --- [dawBB] [           main] org.hibernate.orm.deprecation            : HHH90000025: H2Dialect does not need to be specified explicitly using 'hibernate.dialect' (remove the property setting and it will be selected by default)
2026-05-28T21:32:00.192+02:00  INFO 37108 --- [dawBB] [           main] org.hibernate.orm.connections.pooling    : HHH10001005: Database info:
	Database JDBC URL [jdbc:h2:./daw]
	Database driver: H2 JDBC Driver
	Database dialect: H2Dialect
	Database version: 2.4.240
	Default catalog/schema: DAW/PUBLIC
	Autocommit mode: undefined/unknown
	Isolation level: READ_COMMITTED [default READ_COMMITTED]
	JDBC fetch size: 100
	Pool: DataSourceConnectionProvider
	Minimum pool size: undefined/unknown
	Maximum pool size: undefined/unknown
2026-05-28T21:32:00.248+02:00  INFO 37108 --- [dawBB] [           main] org.hibernate.orm.core                   : HHH000489: No JTA platform available (set 'hibernate.transaction.jta.platform' to enable JTA platform integration)
2026-05-28T21:32:00.252+02:00  INFO 37108 --- [dawBB] [           main] j.LocalContainerEntityManagerFactoryBean : Initialized JPA EntityManagerFactory for persistence unit 'default'
2026-05-28T21:32:00.320+02:00  WARN 37108 --- [dawBB] [           main] JpaBaseConfiguration$JpaWebConfiguration : spring.jpa.open-in-view is enabled by default. Therefore, database queries may be performed during view rendering. Explicitly configure spring.jpa.open-in-view to disable this warning
2026-05-28T21:32:00.453+02:00  INFO 37108 --- [dawBB] [           main] o.s.boot.tomcat.TomcatWebServer          : Tomcat started on port 49930 (http) with context path '/'
2026-05-28T21:32:00.456+02:00  INFO 37108 --- [dawBB] [           main] B.dawBB.ConvocatoriasEndPointsTests      : Started ConvocatoriasEndPointsTests in 0.612 seconds (process running for 47.903)
2026-05-28T21:32:00.457+02:00  WARN 37108 --- [dawBB] [           main] o.s.core.events.SpringDocAppInitializer  : SpringDoc /v3/api-docs endpoint is enabled by default. To disable it in production, set the property 'springdoc.api-docs.enabled=false'
2026-05-28T21:32:00.457+02:00  WARN 37108 --- [dawBB] [           main] o.s.core.events.SpringDocAppInitializer  : SpringDoc /swagger-ui.html endpoint is enabled by default. To disable it in production, set the property 'springdoc.swagger-ui.enabled=false'
Hibernate: 
    select
        c1_0.id_convocatoria,
        c1_0.actual,
        c1_0.fecha_fin,
        c1_0.fecha_inicio,
        c1_0.nombre 
    from
        convocatorias c1_0
2026-05-28T21:32:00.470+02:00  INFO 37108 --- [dawBB] [o-auto-9-exec-1] o.a.c.c.C.[Tomcat].[localhost].[/]       : Initializing Spring DispatcherServlet 'dispatcherServlet'
2026-05-28T21:32:00.470+02:00  INFO 37108 --- [dawBB] [o-auto-9-exec-1] o.s.web.servlet.DispatcherServlet        : Initializing Servlet 'dispatcherServlet'
2026-05-28T21:32:00.471+02:00  INFO 37108 --- [dawBB] [o-auto-9-exec-1] o.s.web.servlet.DispatcherServlet        : Completed initialization in 1 ms
2026-05-28T21:32:00.472+02:00  INFO 37108 --- [dawBB] [o-auto-9-exec-1] B.dawBB.seguridad.JwtRequestFilter       : El token no comienza con Bearer
Hibernate: 
    select
        c1_0.id_convocatoria,
        c1_0.actual,
        c1_0.fecha_fin,
        c1_0.fecha_inicio,
        c1_0.nombre 
    from
        convocatorias c1_0
2026-05-28T21:32:00.498+02:00  INFO 37108 --- [dawBB] [           main] o.s.boot.tomcat.GracefulShutdown         : Commencing graceful shutdown. Waiting for active requests to complete
2026-05-28T21:32:00.520+02:00  INFO 37108 --- [dawBB] [tomcat-shutdown] o.s.boot.tomcat.GracefulShutdown         : Graceful shutdown complete
2026-05-28T21:32:00.523+02:00  INFO 37108 --- [dawBB] [           main] j.LocalContainerEntityManagerFactoryBean : Closing JPA EntityManagerFactory for persistence unit 'default'
2026-05-28T21:32:00.524+02:00  INFO 37108 --- [dawBB] [           main] com.zaxxer.hikari.HikariDataSource       : HikariPool-9 - Shutdown initiated...
2026-05-28T21:32:00.544+02:00  INFO 37108 --- [dawBB] [           main] com.zaxxer.hikari.HikariDataSource       : HikariPool-9 - Shutdown completed.
]]></system-out>
  </testcase>
  <testcase name="coberturaRamasSeguridadYJwt" classname="En el controlador de convocatorias" time="0.071">
    <system-out><![CDATA[
  .   ____          _            __ _ _
 /\\ / ___'_ __ _ _(_)_ __  __ _ \ \ \ \
( ( )\___ | '_ | '_| | '_ \/ _` | \ \ \ \
 \\/  ___)| |_)| | | | | || (_| |  ) ) ) )
  '  |____| .__|_| |_|_| |_\__, | / / / /
 =========|_|==============|___/=/_/_/_/

 :: Spring Boot ::                (v4.0.3)

2026-05-28T21:32:00.564+02:00  INFO 37108 --- [dawBB] [           main] B.dawBB.ConvocatoriasEndPointsTests      : Starting ConvocatoriasEndPointsTests using Java 21.0.10 with PID 37108 (started by andre in C:\Users\andre\Desktop\CURSO2526\SEGUNDO_CUATRI\DAW\pau-pevau-backend-boys\dawBB)
2026-05-28T21:32:00.564+02:00  INFO 37108 --- [dawBB] [           main] B.dawBB.ConvocatoriasEndPointsTests      : No active profile set, falling back to 1 default profile: "default"
2026-05-28T21:32:00.698+02:00  INFO 37108 --- [dawBB] [           main] .s.d.r.c.RepositoryConfigurationDelegate : Bootstrapping Spring Data JPA repositories in DEFAULT mode.
2026-05-28T21:32:00.708+02:00  INFO 37108 --- [dawBB] [           main] .s.d.r.c.RepositoryConfigurationDelegate : Finished Spring Data repository scanning in 9 ms. Found 4 JPA repository interfaces.
2026-05-28T21:32:00.768+02:00  INFO 37108 --- [dawBB] [           main] o.s.boot.tomcat.TomcatWebServer          : Tomcat initialized with port 0 (http)
2026-05-28T21:32:00.769+02:00  INFO 37108 --- [dawBB] [           main] o.apache.catalina.core.StandardService   : Starting service [Tomcat]
2026-05-28T21:32:00.769+02:00  INFO 37108 --- [dawBB] [           main] o.apache.catalina.core.StandardEngine    : Starting Servlet engine: [Apache Tomcat/11.0.18]
2026-05-28T21:32:00.792+02:00  INFO 37108 --- [dawBB] [           main] b.w.c.s.WebApplicationContextInitializer : Root WebApplicationContext: initialization completed in 227 ms
2026-05-28T21:32:00.817+02:00  INFO 37108 --- [dawBB] [           main] org.hibernate.orm.jpa                    : HHH008540: Processing PersistenceUnitInfo [name: default]
2026-05-28T21:32:00.855+02:00  INFO 37108 --- [dawBB] [           main] o.s.o.j.p.SpringPersistenceUnitInfo      : No LoadTimeWeaver setup: ignoring JPA class transformer
2026-05-28T21:32:00.856+02:00  INFO 37108 --- [dawBB] [           main] com.zaxxer.hikari.HikariDataSource       : HikariPool-10 - Starting...
2026-05-28T21:32:00.869+02:00  INFO 37108 --- [dawBB] [           main] com.zaxxer.hikari.pool.HikariPool        : HikariPool-10 - Added connection conn89: url=jdbc:h2:./daw user=SA
2026-05-28T21:32:00.872+02:00  INFO 37108 --- [dawBB] [           main] com.zaxxer.hikari.HikariDataSource       : HikariPool-10 - Start completed.
2026-05-28T21:32:00.872+02:00  WARN 37108 --- [dawBB] [           main] org.hibernate.orm.deprecation            : HHH90000025: H2Dialect does not need to be specified explicitly using 'hibernate.dialect' (remove the property setting and it will be selected by default)
2026-05-28T21:32:00.873+02:00  INFO 37108 --- [dawBB] [           main] org.hibernate.orm.connections.pooling    : HHH10001005: Database info:
	Database JDBC URL [jdbc:h2:./daw]
	Database driver: H2 JDBC Driver
	Database dialect: H2Dialect
	Database version: 2.4.240
	Default catalog/schema: DAW/PUBLIC
	Autocommit mode: undefined/unknown
	Isolation level: READ_COMMITTED [default READ_COMMITTED]
	JDBC fetch size: 100
	Pool: DataSourceConnectionProvider
	Minimum pool size: undefined/unknown
	Maximum pool size: undefined/unknown
2026-05-28T21:32:00.929+02:00  INFO 37108 --- [dawBB] [           main] org.hibernate.orm.core                   : HHH000489: No JTA platform available (set 'hibernate.transaction.jta.platform' to enable JTA platform integration)
2026-05-28T21:32:00.932+02:00  INFO 37108 --- [dawBB] [           main] j.LocalContainerEntityManagerFactoryBean : Initialized JPA EntityManagerFactory for persistence unit 'default'
2026-05-28T21:32:01.001+02:00  WARN 37108 --- [dawBB] [           main] JpaBaseConfiguration$JpaWebConfiguration : spring.jpa.open-in-view is enabled by default. Therefore, database queries may be performed during view rendering. Explicitly configure spring.jpa.open-in-view to disable this warning
2026-05-28T21:32:01.137+02:00  INFO 37108 --- [dawBB] [           main] o.s.boot.tomcat.TomcatWebServer          : Tomcat started on port 54634 (http) with context path '/'
2026-05-28T21:32:01.139+02:00  INFO 37108 --- [dawBB] [           main] B.dawBB.ConvocatoriasEndPointsTests      : Started ConvocatoriasEndPointsTests in 0.59 seconds (process running for 48.587)
2026-05-28T21:32:01.140+02:00  WARN 37108 --- [dawBB] [           main] o.s.core.events.SpringDocAppInitializer  : SpringDoc /v3/api-docs endpoint is enabled by default. To disable it in production, set the property 'springdoc.api-docs.enabled=false'
2026-05-28T21:32:01.140+02:00  WARN 37108 --- [dawBB] [           main] o.s.core.events.SpringDocAppInitializer  : SpringDoc /swagger-ui.html endpoint is enabled by default. To disable it in production, set the property 'springdoc.swagger-ui.enabled=false'
Hibernate: 
    select
        c1_0.id_convocatoria,
        c1_0.actual,
        c1_0.fecha_fin,
        c1_0.fecha_inicio,
        c1_0.nombre 
    from
        convocatorias c1_0
2026-05-28T21:32:01.168+02:00  INFO 37108 --- [dawBB] [           main] o.s.boot.tomcat.GracefulShutdown         : Commencing graceful shutdown. Waiting for active requests to complete
2026-05-28T21:32:01.189+02:00  INFO 37108 --- [dawBB] [tomcat-shutdown] o.s.boot.tomcat.GracefulShutdown         : Graceful shutdown complete
2026-05-28T21:32:01.191+02:00  INFO 37108 --- [dawBB] [           main] j.LocalContainerEntityManagerFactoryBean : Closing JPA EntityManagerFactory for persistence unit 'default'
2026-05-28T21:32:01.192+02:00  INFO 37108 --- [dawBB] [           main] com.zaxxer.hikari.HikariDataSource       : HikariPool-10 - Shutdown initiated...
2026-05-28T21:32:01.210+02:00  INFO 37108 --- [dawBB] [           main] com.zaxxer.hikari.HikariDataSource       : HikariPool-10 - Shutdown completed.
]]></system-out>
  </testcase>
  <testcase name="obtenerConvocatoriaActualExistente" classname="En el controlador de convocatorias" time="0.13">
    <system-out><![CDATA[
  .   ____          _            __ _ _
 /\\ / ___'_ __ _ _(_)_ __  __ _ \ \ \ \
( ( )\___ | '_ | '_| | '_ \/ _` | \ \ \ \
 \\/  ___)| |_)| | | | | || (_| |  ) ) ) )
  '  |____| .__|_| |_|_| |_\__, | / / / /
 =========|_|==============|___/=/_/_/_/

 :: Spring Boot ::                (v4.0.3)

2026-05-28T21:32:01.230+02:00  INFO 37108 --- [dawBB] [           main] B.dawBB.ConvocatoriasEndPointsTests      : Starting ConvocatoriasEndPointsTests using Java 21.0.10 with PID 37108 (started by andre in C:\Users\andre\Desktop\CURSO2526\SEGUNDO_CUATRI\DAW\pau-pevau-backend-boys\dawBB)
2026-05-28T21:32:01.230+02:00  INFO 37108 --- [dawBB] [           main] B.dawBB.ConvocatoriasEndPointsTests      : No active profile set, falling back to 1 default profile: "default"
2026-05-28T21:32:01.365+02:00  INFO 37108 --- [dawBB] [           main] .s.d.r.c.RepositoryConfigurationDelegate : Bootstrapping Spring Data JPA repositories in DEFAULT mode.
2026-05-28T21:32:01.376+02:00  INFO 37108 --- [dawBB] [           main] .s.d.r.c.RepositoryConfigurationDelegate : Finished Spring Data repository scanning in 9 ms. Found 4 JPA repository interfaces.
2026-05-28T21:32:01.424+02:00  INFO 37108 --- [dawBB] [           main] o.s.boot.tomcat.TomcatWebServer          : Tomcat initialized with port 0 (http)
2026-05-28T21:32:01.425+02:00  INFO 37108 --- [dawBB] [           main] o.apache.catalina.core.StandardService   : Starting service [Tomcat]
2026-05-28T21:32:01.426+02:00  INFO 37108 --- [dawBB] [           main] o.apache.catalina.core.StandardEngine    : Starting Servlet engine: [Apache Tomcat/11.0.18]
2026-05-28T21:32:01.447+02:00  INFO 37108 --- [dawBB] [           main] b.w.c.s.WebApplicationContextInitializer : Root WebApplicationContext: initialization completed in 216 ms
2026-05-28T21:32:01.472+02:00  INFO 37108 --- [dawBB] [           main] org.hibernate.orm.jpa                    : HHH008540: Processing PersistenceUnitInfo [name: default]
2026-05-28T21:32:01.513+02:00  INFO 37108 --- [dawBB] [           main] o.s.o.j.p.SpringPersistenceUnitInfo      : No LoadTimeWeaver setup: ignoring JPA class transformer
2026-05-28T21:32:01.514+02:00  INFO 37108 --- [dawBB] [           main] com.zaxxer.hikari.HikariDataSource       : HikariPool-11 - Starting...
2026-05-28T21:32:01.527+02:00  INFO 37108 --- [dawBB] [           main] com.zaxxer.hikari.pool.HikariPool        : HikariPool-11 - Added connection conn97: url=jdbc:h2:./daw user=SA
2026-05-28T21:32:01.528+02:00  INFO 37108 --- [dawBB] [           main] com.zaxxer.hikari.HikariDataSource       : HikariPool-11 - Start completed.
2026-05-28T21:32:01.528+02:00  WARN 37108 --- [dawBB] [           main] org.hibernate.orm.deprecation            : HHH90000025: H2Dialect does not need to be specified explicitly using 'hibernate.dialect' (remove the property setting and it will be selected by default)
2026-05-28T21:32:01.529+02:00  INFO 37108 --- [dawBB] [           main] org.hibernate.orm.connections.pooling    : HHH10001005: Database info:
	Database JDBC URL [jdbc:h2:./daw]
	Database driver: H2 JDBC Driver
	Database dialect: H2Dialect
	Database version: 2.4.240
	Default catalog/schema: DAW/PUBLIC
	Autocommit mode: undefined/unknown
	Isolation level: READ_COMMITTED [default READ_COMMITTED]
	JDBC fetch size: 100
	Pool: DataSourceConnectionProvider
	Minimum pool size: undefined/unknown
	Maximum pool size: undefined/unknown
2026-05-28T21:32:01.579+02:00  INFO 37108 --- [dawBB] [           main] org.hibernate.orm.core                   : HHH000489: No JTA platform available (set 'hibernate.transaction.jta.platform' to enable JTA platform integration)
2026-05-28T21:32:01.582+02:00  INFO 37108 --- [dawBB] [           main] j.LocalContainerEntityManagerFactoryBean : Initialized JPA EntityManagerFactory for persistence unit 'default'
2026-05-28T21:32:01.647+02:00  WARN 37108 --- [dawBB] [           main] JpaBaseConfiguration$JpaWebConfiguration : spring.jpa.open-in-view is enabled by default. Therefore, database queries may be performed during view rendering. Explicitly configure spring.jpa.open-in-view to disable this warning
2026-05-28T21:32:01.785+02:00  INFO 37108 --- [dawBB] [           main] o.s.boot.tomcat.TomcatWebServer          : Tomcat started on port 54636 (http) with context path '/'
2026-05-28T21:32:01.786+02:00  INFO 37108 --- [dawBB] [           main] B.dawBB.ConvocatoriasEndPointsTests      : Started ConvocatoriasEndPointsTests in 0.57 seconds (process running for 49.234)
2026-05-28T21:32:01.787+02:00  WARN 37108 --- [dawBB] [           main] o.s.core.events.SpringDocAppInitializer  : SpringDoc /v3/api-docs endpoint is enabled by default. To disable it in production, set the property 'springdoc.api-docs.enabled=false'
2026-05-28T21:32:01.787+02:00  WARN 37108 --- [dawBB] [           main] o.s.core.events.SpringDocAppInitializer  : SpringDoc /swagger-ui.html endpoint is enabled by default. To disable it in production, set the property 'springdoc.swagger-ui.enabled=false'
Hibernate: 
    select
        c1_0.id_convocatoria,
        c1_0.actual,
        c1_0.fecha_fin,
        c1_0.fecha_inicio,
        c1_0.nombre 
    from
        convocatorias c1_0
Hibernate: 
    insert 
    into
        convocatorias
        (actual, fecha_fin, fecha_inicio, nombre, id_convocatoria) 
    values
        (?, ?, ?, ?, default)
2026-05-28T21:32:01.818+02:00  INFO 37108 --- [dawBB] [-auto-11-exec-1] o.a.c.c.C.[Tomcat].[localhost].[/]       : Initializing Spring DispatcherServlet 'dispatcherServlet'
2026-05-28T21:32:01.818+02:00  INFO 37108 --- [dawBB] [-auto-11-exec-1] o.s.web.servlet.DispatcherServlet        : Initializing Servlet 'dispatcherServlet'
2026-05-28T21:32:01.819+02:00  INFO 37108 --- [dawBB] [-auto-11-exec-1] o.s.web.servlet.DispatcherServlet        : Completed initialization in 1 ms
2026-05-28T21:32:01.820+02:00  INFO 37108 --- [dawBB] [-auto-11-exec-1] B.dawBB.seguridad.JwtRequestFilter       : usuario = test_user
Hibernate: 
    select
        c1_0.id_convocatoria,
        c1_0.actual,
        c1_0.fecha_fin,
        c1_0.fecha_inicio,
        c1_0.nombre 
    from
        convocatorias c1_0 
    order by
        c1_0.id_convocatoria desc 
    fetch
        first ? rows only
2026-05-28T21:32:01.877+02:00  INFO 37108 --- [dawBB] [           main] o.s.boot.tomcat.GracefulShutdown         : Commencing graceful shutdown. Waiting for active requests to complete
2026-05-28T21:32:01.901+02:00  INFO 37108 --- [dawBB] [tomcat-shutdown] o.s.boot.tomcat.GracefulShutdown         : Graceful shutdown complete
2026-05-28T21:32:01.903+02:00  INFO 37108 --- [dawBB] [           main] j.LocalContainerEntityManagerFactoryBean : Closing JPA EntityManagerFactory for persistence unit 'default'
2026-05-28T21:32:01.903+02:00  INFO 37108 --- [dawBB] [           main] com.zaxxer.hikari.HikariDataSource       : HikariPool-11 - Shutdown initiated...
2026-05-28T21:32:01.913+02:00  INFO 37108 --- [dawBB] [           main] com.zaxxer.hikari.HikariDataSource       : HikariPool-11 - Shutdown completed.
]]></system-out>
  </testcase>
  <testcase name="coberturaFinalArchivosRestantes" classname="En el controlador de convocatorias" time="0.073">
    <system-out><![CDATA[
  .   ____          _            __ _ _
 /\\ / ___'_ __ _ _(_)_ __  __ _ \ \ \ \
( ( )\___ | '_ | '_| | '_ \/ _` | \ \ \ \
 \\/  ___)| |_)| | | | | || (_| |  ) ) ) )
  '  |____| .__|_| |_|_| |_\__, | / / / /
 =========|_|==============|___/=/_/_/_/

 :: Spring Boot ::                (v4.0.3)

2026-05-28T21:32:01.936+02:00  INFO 37108 --- [dawBB] [           main] B.dawBB.ConvocatoriasEndPointsTests      : Starting ConvocatoriasEndPointsTests using Java 21.0.10 with PID 37108 (started by andre in C:\Users\andre\Desktop\CURSO2526\SEGUNDO_CUATRI\DAW\pau-pevau-backend-boys\dawBB)
2026-05-28T21:32:01.937+02:00  INFO 37108 --- [dawBB] [           main] B.dawBB.ConvocatoriasEndPointsTests      : No active profile set, falling back to 1 default profile: "default"
2026-05-28T21:32:02.065+02:00  INFO 37108 --- [dawBB] [           main] .s.d.r.c.RepositoryConfigurationDelegate : Bootstrapping Spring Data JPA repositories in DEFAULT mode.
2026-05-28T21:32:02.074+02:00  INFO 37108 --- [dawBB] [           main] .s.d.r.c.RepositoryConfigurationDelegate : Finished Spring Data repository scanning in 8 ms. Found 4 JPA repository interfaces.
2026-05-28T21:32:02.117+02:00  INFO 37108 --- [dawBB] [           main] o.s.boot.tomcat.TomcatWebServer          : Tomcat initialized with port 0 (http)
2026-05-28T21:32:02.118+02:00  INFO 37108 --- [dawBB] [           main] o.apache.catalina.core.StandardService   : Starting service [Tomcat]
2026-05-28T21:32:02.119+02:00  INFO 37108 --- [dawBB] [           main] o.apache.catalina.core.StandardEngine    : Starting Servlet engine: [Apache Tomcat/11.0.18]
2026-05-28T21:32:02.140+02:00  INFO 37108 --- [dawBB] [           main] b.w.c.s.WebApplicationContextInitializer : Root WebApplicationContext: initialization completed in 202 ms
2026-05-28T21:32:02.165+02:00  INFO 37108 --- [dawBB] [           main] org.hibernate.orm.jpa                    : HHH008540: Processing PersistenceUnitInfo [name: default]
2026-05-28T21:32:02.211+02:00  INFO 37108 --- [dawBB] [           main] o.s.o.j.p.SpringPersistenceUnitInfo      : No LoadTimeWeaver setup: ignoring JPA class transformer
2026-05-28T21:32:02.212+02:00  INFO 37108 --- [dawBB] [           main] com.zaxxer.hikari.HikariDataSource       : HikariPool-12 - Starting...
[...]
Hibernate: 
    select
        c1_0.id_convocatoria,
        c1_0.actual,
        c1_0.fecha_fin,
        c1_0.fecha_inicio,
        c1_0.nombre 
    from
        convocatorias c1_0
2026-05-28T21:32:13.064+02:00  INFO 37108 --- [dawBB] [           main] o.s.boot.tomcat.GracefulShutdown         : Commencing graceful shutdown. Waiting for active requests to complete
2026-05-28T21:32:13.086+02:00  INFO 37108 --- [dawBB] [tomcat-shutdown] o.s.boot.tomcat.GracefulShutdown         : Graceful shutdown complete
2026-05-28T21:32:13.088+02:00  INFO 37108 --- [dawBB] [           main] j.LocalContainerEntityManagerFactoryBean : Closing JPA EntityManagerFactory for persistence unit 'default'
2026-05-28T21:32:13.088+02:00  INFO 37108 --- [dawBB] [           main] com.zaxxer.hikari.HikariDataSource       : HikariPool-26 - Shutdown initiated...
2026-05-28T21:32:13.112+02:00  INFO 37108 --- [dawBB] [           main] com.zaxxer.hikari.HikariDataSource       : HikariPool-26 - Shutdown completed.
]]></system-out>
  </testcase>
  <testcase name="crearConvocatoriaValida" classname="En el controlador de convocatorias" time="0.077">
    <system-out><![CDATA[
  .   ____          _            __ _ _
 /\\ / ___'_ __ _ _(_)_ __  __ _ \ \ \ \
( ( )\___ | '_ | '_| | '_ \/ _` | \ \ \ \
 \\/  ___)| |_)| | | | | || (_| |  ) ) ) )
  '  |____| .__|_| |_|_| |_\__, | / / / /
 =========|_|==============|___/=/_/_/_/

 :: Spring Boot ::                (v4.0.3)

2026-05-28T21:32:13.129+02:00  INFO 37108 --- [dawBB] [           main] B.dawBB.ConvocatoriasEndPointsTests      : Starting ConvocatoriasEndPointsTests using Java 21.0.10 with PID 37108 (started by andre in C:\Users\andre\Desktop\CURSO2526\SEGUNDO_CUATRI\DAW\pau-pevau-backend-boys\dawBB)
2026-05-28T21:32:13.129+02:00  INFO 37108 --- [dawBB] [           main] B.dawBB.ConvocatoriasEndPointsTests      : No active profile set, falling back to 1 default profile: "default"
2026-05-28T21:32:13.226+02:00  INFO 37108 --- [dawBB] [           main] .s.d.r.c.RepositoryConfigurationDelegate : Bootstrapping Spring Data JPA repositories in DEFAULT mode.
2026-05-28T21:32:13.234+02:00  INFO 37108 --- [dawBB] [           main] .s.d.r.c.RepositoryConfigurationDelegate : Finished Spring Data repository scanning in 7 ms. Found 4 JPA repository interfaces.
2026-05-28T21:32:13.270+02:00  INFO 37108 --- [dawBB] [           main] o.s.boot.tomcat.TomcatWebServer          : Tomcat initialized with port 0 (http)
2026-05-28T21:32:13.271+02:00  INFO 37108 --- [dawBB] [           main] o.apache.catalina.core.StandardService   : Starting service [Tomcat]
2026-05-28T21:32:13.271+02:00  INFO 37108 --- [dawBB] [           main] o.apache.catalina.core.StandardEngine    : Starting Servlet engine: [Apache Tomcat/11.0.18]
2026-05-28T21:32:13.291+02:00  INFO 37108 --- [dawBB] [           main] b.w.c.s.WebApplicationContextInitializer : Root WebApplicationContext: initialization completed in 161 ms
2026-05-28T21:32:13.313+02:00  INFO 37108 --- [dawBB] [           main] org.hibernate.orm.jpa                    : HHH008540: Processing PersistenceUnitInfo [name: default]
2026-05-28T21:32:13.330+02:00  INFO 37108 --- [dawBB] [           main] o.s.o.j.p.SpringPersistenceUnitInfo      : No LoadTimeWeaver setup: ignoring JPA class transformer
2026-05-28T21:32:13.331+02:00  INFO 37108 --- [dawBB] [           main] com.zaxxer.hikari.HikariDataSource       : HikariPool-27 - Starting...
2026-05-28T21:32:13.344+02:00  INFO 37108 --- [dawBB] [           main] com.zaxxer.hikari.pool.HikariPool        : HikariPool-27 - Added connection conn233: url=jdbc:h2:./daw user=SA
2026-05-28T21:32:13.344+02:00  INFO 37108 --- [dawBB] [           main] com.zaxxer.hikari.HikariDataSource       : HikariPool-27 - Start completed.
2026-05-28T21:32:13.344+02:00  WARN 37108 --- [dawBB] [           main] org.hibernate.orm.deprecation            : HHH90000025: H2Dialect does not need to be specified explicitly using 'hibernate.dialect' (remove the property setting and it will be selected by default)
2026-05-28T21:32:13.345+02:00  INFO 37108 --- [dawBB] [           main] org.hibernate.orm.connections.pooling    : HHH10001005: Database info:
	Database JDBC URL [jdbc:h2:./daw]
	Database driver: H2 JDBC Driver
	Database dialect: H2Dialect
	Database version: 2.4.240
	Default catalog/schema: DAW/PUBLIC
	Autocommit mode: undefined/unknown
	Isolation level: READ_COMMITTED [default READ_COMMITTED]
	JDBC fetch size: 100
	Pool: DataSourceConnectionProvider
	Minimum pool size: undefined/unknown
	Maximum pool size: undefined/unknown
2026-05-28T21:32:13.388+02:00  INFO 37108 --- [dawBB] [           main] org.hibernate.orm.core                   : HHH000489: No JTA platform available (set 'hibernate.transaction.jta.platform' to enable JTA platform integration)
2026-05-28T21:32:13.391+02:00  INFO 37108 --- [dawBB] [           main] j.LocalContainerEntityManagerFactoryBean : Initialized JPA EntityManagerFactory for persistence unit 'default'
2026-05-28T21:32:13.452+02:00  WARN 37108 --- [dawBB] [           main] JpaBaseConfiguration$JpaWebConfiguration : spring.jpa.open-in-view is enabled by default. Therefore, database queries may be performed during view rendering. Explicitly configure spring.jpa.open-in-view to disable this warning
2026-05-28T21:32:13.558+02:00  INFO 37108 --- [dawBB] [           main] o.s.boot.tomcat.TomcatWebServer          : Tomcat started on port 55781 (http) with context path '/'
2026-05-28T21:32:13.560+02:00  INFO 37108 --- [dawBB] [           main] B.dawBB.ConvocatoriasEndPointsTests      : Started ConvocatoriasEndPointsTests in 0.443 seconds (process running for 61.007)
2026-05-28T21:32:13.561+02:00  WARN 37108 --- [dawBB] [           main] o.s.core.events.SpringDocAppInitializer  : SpringDoc /v3/api-docs endpoint is enabled by default. To disable it in production, set the property 'springdoc.api-docs.enabled=false'
2026-05-28T21:32:13.561+02:00  WARN 37108 --- [dawBB] [           main] o.s.core.events.SpringDocAppInitializer  : SpringDoc /swagger-ui.html endpoint is enabled by default. To disable it in production, set the property 'springdoc.swagger-ui.enabled=false'
Hibernate: 
    select
        c1_0.id_convocatoria,
        c1_0.actual,
        c1_0.fecha_fin,
        c1_0.fecha_inicio,
        c1_0.nombre 
    from
        convocatorias c1_0
2026-05-28T21:32:13.575+02:00  INFO 37108 --- [dawBB] [-auto-27-exec-1] o.a.c.c.C.[Tomcat].[localhost].[/]       : Initializing Spring DispatcherServlet 'dispatcherServlet'
2026-05-28T21:32:13.575+02:00  INFO 37108 --- [dawBB] [-auto-27-exec-1] o.s.web.servlet.DispatcherServlet        : Initializing Servlet 'dispatcherServlet'
2026-05-28T21:32:13.576+02:00  INFO 37108 --- [dawBB] [-auto-27-exec-1] o.s.web.servlet.DispatcherServlet        : Completed initialization in 1 ms
2026-05-28T21:32:13.577+02:00  INFO 37108 --- [dawBB] [-auto-27-exec-1] B.dawBB.seguridad.JwtRequestFilter       : usuario = test_user
Hibernate: 
    select
        c1_0.id_convocatoria,
        c1_0.actual,
        c1_0.fecha_fin,
        c1_0.fecha_inicio,
        c1_0.nombre 
    from
        convocatorias c1_0 
    where
        c1_0.actual=true
Hibernate: 
    insert 
    into
        convocatorias
        (actual, fecha_fin, fecha_inicio, nombre, id_convocatoria) 
    values
        (?, ?, ?, ?, default)
Hibernate: 
    select
        c1_0.id_convocatoria,
        c1_0.actual,
        c1_0.fecha_fin,
        c1_0.fecha_inicio,
        c1_0.nombre 
    from
        convocatorias c1_0
2026-05-28T21:32:13.597+02:00  INFO 37108 --- [dawBB] [           main] o.s.boot.tomcat.GracefulShutdown         : Commencing graceful shutdown. Waiting for active requests to complete
2026-05-28T21:32:13.628+02:00  INFO 37108 --- [dawBB] [tomcat-shutdown] o.s.boot.tomcat.GracefulShutdown         : Graceful shutdown complete
2026-05-28T21:32:13.629+02:00  INFO 37108 --- [dawBB] [           main] j.LocalContainerEntityManagerFactoryBean : Closing JPA EntityManagerFactory for persistence unit 'default'
2026-05-28T21:32:13.630+02:00  INFO 37108 --- [dawBB] [           main] com.zaxxer.hikari.HikariDataSource       : HikariPool-27 - Shutdown initiated...
2026-05-28T21:32:13.637+02:00  INFO 37108 --- [dawBB] [           main] com.zaxxer.hikari.HikariDataSource       : HikariPool-27 - Shutdown completed.
]]></system-out>
  </testcase>
  <testcase name="coberturaFinalRestante" classname="En el controlador de convocatorias" time="0.48">
    <system-out><![CDATA[
  .   ____          _            __ _ _
 /\\ / ___'_ __ _ _(_)_ __  __ _ \ \ \ \
( ( )\___ | '_ | '_| | '_ \/ _` | \ \ \ \
 \\/  ___)| |_)| | | | | || (_| |  ) ) ) )
  '  |____| .__|_| |_|_| |_\__, | / / / /
 =========|_|==============|___/=/_/_/_/

 :: Spring Boot ::                (v4.0.3)

2026-05-28T21:32:13.653+02:00  INFO 37108 --- [dawBB] [           main] B.dawBB.ConvocatoriasEndPointsTests      : Starting ConvocatoriasEndPointsTests using Java 21.0.10 with PID 37108 (started by andre in C:\Users\andre\Desktop\CURSO2526\SEGUNDO_CUATRI\DAW\pau-pevau-backend-boys\dawBB)
2026-05-28T21:32:13.653+02:00  INFO 37108 --- [dawBB] [           main] B.dawBB.ConvocatoriasEndPointsTests      : No active profile set, falling back to 1 default profile: "default"
2026-05-28T21:32:13.762+02:00  INFO 37108 --- [dawBB] [           main] .s.d.r.c.RepositoryConfigurationDelegate : Bootstrapping Spring Data JPA repositories in DEFAULT mode.
2026-05-28T21:32:13.771+02:00  INFO 37108 --- [dawBB] [           main] .s.d.r.c.RepositoryConfigurationDelegate : Finished Spring Data repository scanning in 7 ms. Found 4 JPA repository interfaces.
2026-05-28T21:32:13.808+02:00  INFO 37108 --- [dawBB] [           main] o.s.boot.tomcat.TomcatWebServer          : Tomcat initialized with port 0 (http)
2026-05-28T21:32:13.809+02:00  INFO 37108 --- [dawBB] [           main] o.apache.catalina.core.StandardService   : Starting service [Tomcat]
2026-05-28T21:32:13.809+02:00  INFO 37108 --- [dawBB] [           main] o.apache.catalina.core.StandardEngine    : Starting Servlet engine: [Apache Tomcat/11.0.18]
2026-05-28T21:32:13.831+02:00  INFO 37108 --- [dawBB] [           main] b.w.c.s.WebApplicationContextInitializer : Root WebApplicationContext: initialization completed in 177 ms
2026-05-28T21:32:13.849+02:00  INFO 37108 --- [dawBB] [           main] org.hibernate.orm.jpa                    : HHH008540: Processing PersistenceUnitInfo [name: default]
2026-05-28T21:32:13.866+02:00  INFO 37108 --- [dawBB] [           main] o.s.o.j.p.SpringPersistenceUnitInfo      : No LoadTimeWeaver setup: ignoring JPA class transformer
2026-05-28T21:32:13.867+02:00  INFO 37108 --- [dawBB] [           main] com.zaxxer.hikari.HikariDataSource       : HikariPool-28 - Starting...
2026-05-28T21:32:13.875+02:00  INFO 37108 --- [dawBB] [           main] com.zaxxer.hikari.pool.HikariPool        : HikariPool-28 - Added connection conn240: url=jdbc:h2:./daw user=SA
2026-05-28T21:32:13.876+02:00  INFO 37108 --- [dawBB] [           main] com.zaxxer.hikari.HikariDataSource       : HikariPool-28 - Start completed.
2026-05-28T21:32:13.876+02:00  WARN 37108 --- [dawBB] [           main] org.hibernate.orm.deprecation            : HHH90000025: H2Dialect does not need to be specified explicitly using 'hibernate.dialect' (remove the property setting and it will be selected by default)
2026-05-28T21:32:13.876+02:00  INFO 37108 --- [dawBB] [           main] org.hibernate.orm.connections.pooling    : HHH10001005: Database info:
	Database JDBC URL [jdbc:h2:./daw]
	Database driver: H2 JDBC Driver
	Database dialect: H2Dialect
	Database version: 2.4.240
	Default catalog/schema: DAW/PUBLIC
	Autocommit mode: undefined/unknown
	Isolation level: READ_COMMITTED [default READ_COMMITTED]
	JDBC fetch size: 100
	Pool: DataSourceConnectionProvider
	Minimum pool size: undefined/unknown
	Maximum pool size: undefined/unknown
2026-05-28T21:32:13.917+02:00  INFO 37108 --- [dawBB] [           main] org.hibernate.orm.core                   : HHH000489: No JTA platform available (set 'hibernate.transaction.jta.platform' to enable JTA platform integration)
2026-05-28T21:32:13.919+02:00  INFO 37108 --- [dawBB] [           main] j.LocalContainerEntityManagerFactoryBean : Initialized JPA EntityManagerFactory for persistence unit 'default'
2026-05-28T21:32:13.958+02:00  WARN 37108 --- [dawBB] [           main] JpaBaseConfiguration$JpaWebConfiguration : spring.jpa.open-in-view is enabled by default. Therefore, database queries may be performed during view rendering. Explicitly configure spring.jpa.open-in-view to disable this warning
2026-05-28T21:32:14.054+02:00  INFO 37108 --- [dawBB] [           main] o.s.boot.tomcat.TomcatWebServer          : Tomcat started on port 55785 (http) with context path '/'
2026-05-28T21:32:14.057+02:00  INFO 37108 --- [dawBB] [           main] B.dawBB.ConvocatoriasEndPointsTests      : Started ConvocatoriasEndPointsTests in 0.416 seconds (process running for 61.504)
2026-05-28T21:32:14.058+02:00  WARN 37108 --- [dawBB] [           main] o.s.core.events.SpringDocAppInitializer  : SpringDoc /v3/api-docs endpoint is enabled by default. To disable it in production, set the property 'springdoc.api-docs.enabled=false'
2026-05-28T21:32:14.058+02:00  WARN 37108 --- [dawBB] [           main] o.s.core.events.SpringDocAppInitializer  : SpringDoc /swagger-ui.html endpoint is enabled by default. To disable it in production, set the property 'springdoc.swagger-ui.enabled=false'
Hibernate: 
    select
        c1_0.id_convocatoria,
        c1_0.actual,
        c1_0.fecha_fin,
        c1_0.fecha_inicio,
        c1_0.nombre 
    from
        convocatorias c1_0
Hibernate: 
    select
        s1_0.fk_convocatoria,
        s1_0.id,
        s1_0.eliminado,
        s1_0.fin,
        s1_0.inicio 
    from
        slots s1_0 
    where
        s1_0.fk_convocatoria=?
Hibernate: 
    delete 
    from
        convocatoria_materia 
    where
        id_convocatoria=?
Hibernate: 
    delete 
    from
        convocatorias 
    where
        id_convocatoria=?

  .   ____          _            __ _ _
 /\\ / ___'_ __ _ _(_)_ __  __ _ \ \ \ \
( ( )\___ | '_ | '_| | '_ \/ _` | \ \ \ \
 \\/  ___)| |_)| | | | | || (_| |  ) ) ) )
  '  |____| .__|_| |_|_| |_\__, | / / / /
 =========|_|==============|___/=/_/_/_/

 :: Spring Boot ::                (v4.0.3)

2026-05-28T21:32:14.083+02:00  INFO 37108 --- [dawBB] [           main] BackendBoys.dawBB.DawBbApplication       : Starting DawBbApplication using Java 21.0.10 with PID 37108 (started by andre in C:\Users\andre\Desktop\CURSO2526\SEGUNDO_CUATRI\DAW\pau-pevau-backend-boys\dawBB)
2026-05-28T21:32:14.083+02:00  INFO 37108 --- [dawBB] [           main] BackendBoys.dawBB.DawBbApplication       : No active profile set, falling back to 1 default profile: "default"
2026-05-28T21:32:14.177+02:00  INFO 37108 --- [dawBB] [           main] .s.d.r.c.RepositoryConfigurationDelegate : Bootstrapping Spring Data JPA repositories in DEFAULT mode.
2026-05-28T21:32:14.184+02:00  INFO 37108 --- [dawBB] [           main] .s.d.r.c.RepositoryConfigurationDelegate : Finished Spring Data repository scanning in 6 ms. Found 4 JPA repository interfaces.
2026-05-28T21:32:14.219+02:00  INFO 37108 --- [dawBB] [           main] o.s.boot.tomcat.TomcatWebServer          : Tomcat initialized with port 0 (http)
2026-05-28T21:32:14.220+02:00  INFO 37108 --- [dawBB] [           main] o.apache.catalina.core.StandardService   : Starting service [Tomcat]
2026-05-28T21:32:14.220+02:00  INFO 37108 --- [dawBB] [           main] o.apache.catalina.core.StandardEngine    : Starting Servlet engine: [Apache Tomcat/11.0.18]
2026-05-28T21:32:14.248+02:00  INFO 37108 --- [dawBB] [           main] b.w.c.s.WebApplicationContextInitializer : Root WebApplicationContext: initialization completed in 164 ms
2026-05-28T21:32:14.273+02:00  INFO 37108 --- [dawBB] [           main] org.hibernate.orm.jpa                    : HHH008540: Processing PersistenceUnitInfo [name: default]
2026-05-28T21:32:14.289+02:00  INFO 37108 --- [dawBB] [           main] o.s.o.j.p.SpringPersistenceUnitInfo      : No LoadTimeWeaver setup: ignoring JPA class transformer
2026-05-28T21:32:14.289+02:00  INFO 37108 --- [dawBB] [           main] com.zaxxer.hikari.HikariDataSource       : HikariPool-29 - Starting...
2026-05-28T21:32:14.290+02:00  INFO 37108 --- [dawBB] [           main] com.zaxxer.hikari.pool.HikariPool        : HikariPool-29 - Added connection conn250: url=jdbc:h2:./daw user=SA
2026-05-28T21:32:14.290+02:00  INFO 37108 --- [dawBB] [           main] com.zaxxer.hikari.HikariDataSource       : HikariPool-29 - Start completed.
2026-05-28T21:32:14.291+02:00  WARN 37108 --- [dawBB] [           main] org.hibernate.orm.deprecation            : HHH90000025: H2Dialect does not need to be specified explicitly using 'hibernate.dialect' (remove the property setting and it will be selected by default)
2026-05-28T21:32:14.291+02:00  INFO 37108 --- [dawBB] [           main] org.hibernate.orm.connections.pooling    : HHH10001005: Database info:
	Database JDBC URL [jdbc:h2:./daw]
	Database driver: H2 JDBC Driver
	Database dialect: H2Dialect
	Database version: 2.4.240
	Default catalog/schema: DAW/PUBLIC
	Autocommit mode: undefined/unknown
	Isolation level: READ_COMMITTED [default READ_COMMITTED]
	JDBC fetch size: 100
	Pool: DataSourceConnectionProvider
	Minimum pool size: undefined/unknown
	Maximum pool size: undefined/unknown
2026-05-28T21:32:14.336+02:00  INFO 37108 --- [dawBB] [           main] org.hibernate.orm.core                   : HHH000489: No JTA platform available (set 'hibernate.transaction.jta.platform' to enable JTA platform integration)
2026-05-28T21:32:14.337+02:00  INFO 37108 --- [dawBB] [           main] j.LocalContainerEntityManagerFactoryBean : Initialized JPA EntityManagerFactory for persistence unit 'default'
2026-05-28T21:32:14.382+02:00  WARN 37108 --- [dawBB] [           main] JpaBaseConfiguration$JpaWebConfiguration : spring.jpa.open-in-view is enabled by default. Therefore, database queries may be performed during view rendering. Explicitly configure spring.jpa.open-in-view to disable this warning
2026-05-28T21:32:14.512+02:00  INFO 37108 --- [dawBB] [           main] o.s.boot.tomcat.TomcatWebServer          : Tomcat started on port 55786 (http) with context path '/'
2026-05-28T21:32:14.514+02:00  INFO 37108 --- [dawBB] [           main] BackendBoys.dawBB.DawBbApplication       : Started DawBbApplication in 0.44 seconds (process running for 61.962)
2026-05-28T21:32:14.514+02:00  WARN 37108 --- [dawBB] [           main] o.s.core.events.SpringDocAppInitializer  : SpringDoc /v3/api-docs endpoint is enabled by default. To disable it in production, set the property 'springdoc.api-docs.enabled=false'
2026-05-28T21:32:14.515+02:00  WARN 37108 --- [dawBB] [           main] o.s.core.events.SpringDocAppInitializer  : SpringDoc /swagger-ui.html endpoint is enabled by default. To disable it in production, set the property 'springdoc.swagger-ui.enabled=false'
2026-05-28T21:32:14.516+02:00  INFO 37108 --- [dawBB] [           main] o.s.boot.tomcat.GracefulShutdown         : Commencing graceful shutdown. Waiting for active requests to complete
2026-05-28T21:32:14.536+02:00  INFO 37108 --- [dawBB] [tomcat-shutdown] o.s.boot.tomcat.GracefulShutdown         : Graceful shutdown complete
2026-05-28T21:32:14.537+02:00  INFO 37108 --- [dawBB] [           main] j.LocalContainerEntityManagerFactoryBean : Closing JPA EntityManagerFactory for persistence unit 'default'
2026-05-28T21:32:14.537+02:00  INFO 37108 --- [dawBB] [           main] com.zaxxer.hikari.HikariDataSource       : HikariPool-28 - Shutdown initiated...
2026-05-28T21:32:14.538+02:00  INFO 37108 --- [dawBB] [           main] com.zaxxer.hikari.HikariDataSource       : HikariPool-28 - Shutdown completed.
]]></system-out>
  </testcase>
</testsuite>