<?xml version="1.0" encoding="UTF-8"?>
<testsuite xmlns:xsi="http://www.w3.org/2001/XMLSchema-instance" xsi:noNamespaceSchemaLocation="https://maven.apache.org/surefire/maven-surefire-plugin/xsd/surefire-test-report.xsd" version="3.0.2" name="BackendBoys.dawBB.SlotsEndpointsTests" time="4.5" tests="12" errors="0" skipped="0" failures="0" flakes="0">
  <properties>
[...]
</properties>
  <testcase name="actualizarSlotInexistente" classname="En el controlador de slots" time="0.041">
    <system-out><![CDATA[2026-05-28T21:32:32.719+02:00  INFO 37108 --- [dawBB] [           main] t.c.s.AnnotationConfigContextLoaderUtils : Could not detect default configuration classes for test class [BackendBoys.dawBB.SlotsEndpointsTests]: SlotsEndpointsTests does not declare any static, non-private, non-final, nested classes annotated with @Configuration.
2026-05-28T21:32:32.722+02:00  INFO 37108 --- [dawBB] [           main] .b.t.c.SpringBootTestContextBootstrapper : Found @SpringBootConfiguration BackendBoys.dawBB.DawBbApplication for test class BackendBoys.dawBB.SlotsEndpointsTests
Hibernate: 
    select
        s1_0.id,
        s1_0.fk_convocatoria,
        s1_0.eliminado,
        s1_0.fin,
        s1_0.inicio 
    from
        slots s1_0
Hibernate: 
    select
        c1_0.id_convocatoria,
        c1_0.actual,
        c1_0.fecha_fin,
        c1_0.fecha_inicio,
        c1_0.nombre 
    from
        convocatorias c1_0
2026-05-28T21:32:32.733+02:00  INFO 37108 --- [dawBB] [-auto-72-exec-2] B.dawBB.seguridad.JwtRequestFilter       : usuario = test_user
Hibernate: 
    select
        s1_0.id,
        s1_0.fk_convocatoria,
        c1_0.id_convocatoria,
        c1_0.actual,
        c1_0.fecha_fin,
        c1_0.fecha_inicio,
        c1_0.nombre,
        s1_0.eliminado,
        s1_0.fin,
        s1_0.inicio 
    from
        slots s1_0 
    join
        convocatorias c1_0 
            on c1_0.id_convocatoria=s1_0.fk_convocatoria 
    where
        s1_0.id=?
2026-05-28T21:32:32.740+02:00  INFO 37108 --- [dawBB] [           main] o.s.boot.tomcat.GracefulShutdown         : Commencing graceful shutdown. Waiting for active requests to complete
2026-05-28T21:32:32.759+02:00  INFO 37108 --- [dawBB] [tomcat-shutdown] o.s.boot.tomcat.GracefulShutdown         : Graceful shutdown complete
2026-05-28T21:32:32.760+02:00  INFO 37108 --- [dawBB] [           main] j.LocalContainerEntityManagerFactoryBean : Closing JPA EntityManagerFactory for persistence unit 'default'
2026-05-28T21:32:32.760+02:00  INFO 37108 --- [dawBB] [           main] com.zaxxer.hikari.HikariDataSource       : HikariPool-72 - Shutdown initiated...
2026-05-28T21:32:32.763+02:00  INFO 37108 --- [dawBB] [           main] com.zaxxer.hikari.HikariDataSource       : HikariPool-72 - Shutdown completed.
]]></system-out>
  </testcase>
  <testcase name="actualizarSlotExistente" classname="En el controlador de slots" time="0.061">
    <system-out><![CDATA[
  .   ____          _            __ _ _
 /\\ / ___'_ __ _ _(_)_ __  __ _ \ \ \ \
( ( )\___ | '_ | '_| | '_ \/ _` | \ \ \ \
 \\/  ___)| |_)| | | | | || (_| |  ) ) ) )
  '  |____| .__|_| |_|_| |_\__, | / / / /
 =========|_|==============|___/=/_/_/_/

 :: Spring Boot ::                (v4.0.3)

2026-05-28T21:32:32.776+02:00  INFO 37108 --- [dawBB] [           main] BackendBoys.dawBB.SlotsEndpointsTests    : Starting SlotsEndpointsTests using Java 21.0.10 with PID 37108 (started by andre in C:\Users\andre\Desktop\CURSO2526\SEGUNDO_CUATRI\DAW\pau-pevau-backend-boys\dawBB)
2026-05-28T21:32:32.776+02:00  INFO 37108 --- [dawBB] [           main] BackendBoys.dawBB.SlotsEndpointsTests    : No active profile set, falling back to 1 default profile: "default"
2026-05-28T21:32:32.860+02:00  INFO 37108 --- [dawBB] [           main] .s.d.r.c.RepositoryConfigurationDelegate : Bootstrapping Spring Data JPA repositories in DEFAULT mode.
2026-05-28T21:32:32.866+02:00  INFO 37108 --- [dawBB] [           main] .s.d.r.c.RepositoryConfigurationDelegate : Finished Spring Data repository scanning in 5 ms. Found 4 JPA repository interfaces.
2026-05-28T21:32:32.894+02:00  INFO 37108 --- [dawBB] [           main] o.s.boot.tomcat.TomcatWebServer          : Tomcat initialized with port 0 (http)
2026-05-28T21:32:32.895+02:00  INFO 37108 --- [dawBB] [           main] o.apache.catalina.core.StandardService   : Starting service [Tomcat]
2026-05-28T21:32:32.895+02:00  INFO 37108 --- [dawBB] [           main] o.apache.catalina.core.StandardEngine    : Starting Servlet engine: [Apache Tomcat/11.0.18]
2026-05-28T21:32:32.913+02:00  INFO 37108 --- [dawBB] [           main] b.w.c.s.WebApplicationContextInitializer : Root WebApplicationContext: initialization completed in 136 ms
2026-05-28T21:32:32.929+02:00  INFO 37108 --- [dawBB] [           main] org.hibernate.orm.jpa                    : HHH008540: Processing PersistenceUnitInfo [name: default]
2026-05-28T21:32:32.942+02:00  INFO 37108 --- [dawBB] [           main] o.s.o.j.p.SpringPersistenceUnitInfo      : No LoadTimeWeaver setup: ignoring JPA class transformer
2026-05-28T21:32:32.943+02:00  INFO 37108 --- [dawBB] [           main] com.zaxxer.hikari.HikariDataSource       : HikariPool-73 - Starting...
2026-05-28T21:32:32.944+02:00  INFO 37108 --- [dawBB] [           main] com.zaxxer.hikari.pool.HikariPool        : HikariPool-73 - Added connection conn479: url=jdbc:h2:./daw user=SA
2026-05-28T21:32:32.944+02:00  INFO 37108 --- [dawBB] [           main] com.zaxxer.hikari.HikariDataSource       : HikariPool-73 - Start completed.
2026-05-28T21:32:32.944+02:00  WARN 37108 --- [dawBB] [           main] org.hibernate.orm.deprecation            : HHH90000025: H2Dialect does not need to be specified explicitly using 'hibernate.dialect' (remove the property setting and it will be selected by default)
2026-05-28T21:32:32.944+02:00  INFO 37108 --- [dawBB] [           main] org.hibernate.orm.connections.pooling    : HHH10001005: Database info:
	Database JDBC URL [jdbc:h2:./daw]
	Database driver: H2 JDBC Driver
	Database dialect: H2Dialect
	Database version: 2.4.240
	Default catalog/schema: DAW/PUBLIC
	Autocommit mode: undefined/unknown
	Isolation level: READ_COMMITTED [default READ_COMMITTED]
	JDBC fetch size: 100
	Pool: DataSourceConnectionProvider
	Minimum pool size: undefined/unknown
	Maximum pool size: undefined/unknown
2026-05-28T21:32:32.967+02:00  INFO 37108 --- [dawBB] [           main] org.hibernate.orm.core                   : HHH000489: No JTA platform available (set 'hibernate.transaction.jta.platform' to enable JTA platform integration)
2026-05-28T21:32:32.968+02:00  INFO 37108 --- [dawBB] [           main] j.LocalContainerEntityManagerFactoryBean : Initialized JPA EntityManagerFactory for persistence unit 'default'
2026-05-28T21:32:32.998+02:00  WARN 37108 --- [dawBB] [           main] JpaBaseConfiguration$JpaWebConfiguration : spring.jpa.open-in-view is enabled by default. Therefore, database queries may be performed during view rendering. Explicitly configure spring.jpa.open-in-view to disable this warning
2026-05-28T21:32:33.080+02:00  INFO 37108 --- [dawBB] [           main] o.s.boot.tomcat.TomcatWebServer          : Tomcat started on port 55910 (http) with context path '/'
2026-05-28T21:32:33.082+02:00  INFO 37108 --- [dawBB] [           main] BackendBoys.dawBB.SlotsEndpointsTests    : Started SlotsEndpointsTests in 0.315 seconds (process running for 80.529)
2026-05-28T21:32:33.082+02:00  WARN 37108 --- [dawBB] [           main] o.s.core.events.SpringDocAppInitializer  : SpringDoc /v3/api-docs endpoint is enabled by default. To disable it in production, set the property 'springdoc.api-docs.enabled=false'
2026-05-28T21:32:33.082+02:00  WARN 37108 --- [dawBB] [           main] o.s.core.events.SpringDocAppInitializer  : SpringDoc /swagger-ui.html endpoint is enabled by default. To disable it in production, set the property 'springdoc.swagger-ui.enabled=false'
Hibernate: 
    select
        s1_0.id,
        s1_0.fk_convocatoria,
        s1_0.eliminado,
        s1_0.fin,
        s1_0.inicio 
    from
        slots s1_0
Hibernate: 
    select
        c1_0.id_convocatoria,
        c1_0.actual,
        c1_0.fecha_fin,
        c1_0.fecha_inicio,
        c1_0.nombre 
    from
        convocatorias c1_0
Hibernate: 
    insert 
    into
        convocatorias
        (actual, fecha_fin, fecha_inicio, nombre, id_convocatoria) 
    values
        (?, ?, ?, ?, default)
Hibernate: 
    insert 
    into
        slots
        (fk_convocatoria, eliminado, fin, inicio, id) 
    values
        (?, ?, ?, ?, default)
2026-05-28T21:32:33.096+02:00  INFO 37108 --- [dawBB] [-auto-73-exec-1] o.a.c.c.C.[Tomcat-2].[localhost].[/]     : Initializing Spring DispatcherServlet 'dispatcherServlet'
2026-05-28T21:32:33.096+02:00  INFO 37108 --- [dawBB] [-auto-73-exec-1] o.s.web.servlet.DispatcherServlet        : Initializing Servlet 'dispatcherServlet'
2026-05-28T21:32:33.097+02:00  INFO 37108 --- [dawBB] [-auto-73-exec-1] o.s.web.servlet.DispatcherServlet        : Completed initialization in 1 ms
2026-05-28T21:32:33.098+02:00  INFO 37108 --- [dawBB] [-auto-73-exec-1] B.dawBB.seguridad.JwtRequestFilter       : usuario = test_user
Hibernate: 
    select
        s1_0.id,
        s1_0.fk_convocatoria,
        c1_0.id_convocatoria,
        c1_0.actual,
        c1_0.fecha_fin,
        c1_0.fecha_inicio,
        c1_0.nombre,
        s1_0.eliminado,
        s1_0.fin,
        s1_0.inicio 
    from
        slots s1_0 
    join
        convocatorias c1_0 
            on c1_0.id_convocatoria=s1_0.fk_convocatoria 
    where
        s1_0.id=?
Hibernate: 
    update
        slots 
    set
        fk_convocatoria=?,
        eliminado=?,
        fin=?,
        inicio=? 
    where
        id=?
Hibernate: 
    select
        s1_0.id,
        s1_0.fk_convocatoria,
        c1_0.id_convocatoria,
        c1_0.actual,
        c1_0.fecha_fin,
        c1_0.fecha_inicio,
        c1_0.nombre,
        s1_0.eliminado,
        s1_0.fin,
        s1_0.inicio 
    from
        slots s1_0 
    join
        convocatorias c1_0 
            on c1_0.id_convocatoria=s1_0.fk_convocatoria 
    where
        s1_0.id=?
2026-05-28T21:32:33.115+02:00  INFO 37108 --- [dawBB] [           main] o.s.boot.tomcat.GracefulShutdown         : Commencing graceful shutdown. Waiting for active requests to complete
2026-05-28T21:32:33.135+02:00  INFO 37108 --- [dawBB] [tomcat-shutdown] o.s.boot.tomcat.GracefulShutdown         : Graceful shutdown complete
2026-05-28T21:32:33.136+02:00  INFO 37108 --- [dawBB] [           main] j.LocalContainerEntityManagerFactoryBean : Closing JPA EntityManagerFactory for persistence unit 'default'
2026-05-28T21:32:33.136+02:00  INFO 37108 --- [dawBB] [           main] com.zaxxer.hikari.HikariDataSource       : HikariPool-73 - Shutdown initiated...
2026-05-28T21:32:33.142+02:00  INFO 37108 --- [dawBB] [           main] com.zaxxer.hikari.HikariDataSource       : HikariPool-73 - Shutdown completed.
]]></system-out>
  </testcase>
  <testcase name="coberturaMasivaSlots" classname="En el controlador de slots" time="0.06">
    <system-out><![CDATA[
  .   ____          _            __ _ _
 /\\ / ___'_ __ _ _(_)_ __  __ _ \ \ \ \
( ( )\___ | '_ | '_| | '_ \/ _` | \ \ \ \
 \\/  ___)| |_)| | | | | || (_| |  ) ) ) )
  '  |____| .__|_| |_|_| |_\__, | / / / /
 =========|_|==============|___/=/_/_/_/

 :: Spring Boot ::                (v4.0.3)

2026-05-28T21:32:33.154+02:00  INFO 37108 --- [dawBB] [           main] BackendBoys.dawBB.SlotsEndpointsTests    : Starting SlotsEndpointsTests using Java 21.0.10 with PID 37108 (started by andre in C:\Users\andre\Desktop\CURSO2526\SEGUNDO_CUATRI\DAW\pau-pevau-backend-boys\dawBB)
2026-05-28T21:32:33.154+02:00  INFO 37108 --- [dawBB] [           main] BackendBoys.dawBB.SlotsEndpointsTests    : No active profile set, falling back to 1 default profile: "default"
2026-05-28T21:32:33.243+02:00  INFO 37108 --- [dawBB] [           main] .s.d.r.c.RepositoryConfigurationDelegate : Bootstrapping Spring Data JPA repositories in DEFAULT mode.
2026-05-28T21:32:33.249+02:00  INFO 37108 --- [dawBB] [           main] .s.d.r.c.RepositoryConfigurationDelegate : Finished Spring Data repository scanning in 5 ms. Found 4 JPA repository interfaces.
2026-05-28T21:32:33.279+02:00  INFO 37108 --- [dawBB] [           main] o.s.boot.tomcat.TomcatWebServer          : Tomcat initialized with port 0 (http)
2026-05-28T21:32:33.279+02:00  INFO 37108 --- [dawBB] [           main] o.apache.catalina.core.StandardService   : Starting service [Tomcat]
2026-05-28T21:32:33.279+02:00  INFO 37108 --- [dawBB] [           main] o.apache.catalina.core.StandardEngine    : Starting Servlet engine: [Apache Tomcat/11.0.18]
2026-05-28T21:32:33.297+02:00  INFO 37108 --- [dawBB] [           main] b.w.c.s.WebApplicationContextInitializer : Root WebApplicationContext: initialization completed in 142 ms
2026-05-28T21:32:33.313+02:00  INFO 37108 --- [dawBB] [           main] org.hibernate.orm.jpa                    : HHH008540: Processing PersistenceUnitInfo [name: default]
2026-05-28T21:32:33.325+02:00  INFO 37108 --- [dawBB] [           main] o.s.o.j.p.SpringPersistenceUnitInfo      : No LoadTimeWeaver setup: ignoring JPA class transformer
2026-05-28T21:32:33.326+02:00  INFO 37108 --- [dawBB] [           main] com.zaxxer.hikari.HikariDataSource       : HikariPool-74 - Starting...
2026-05-28T21:32:33.327+02:00  INFO 37108 --- [dawBB] [           main] com.zaxxer.hikari.pool.HikariPool        : HikariPool-74 - Added connection conn483: url=jdbc:h2:./daw user=SA
2026-05-28T21:32:33.327+02:00  INFO 37108 --- [dawBB] [           main] com.zaxxer.hikari.HikariDataSource       : HikariPool-74 - Start completed.
2026-05-28T21:32:33.327+02:00  WARN 37108 --- [dawBB] [           main] org.hibernate.orm.deprecation            : HHH90000025: H2Dialect does not need to be specified explicitly using 'hibernate.dialect' (remove the property setting and it will be selected by default)
2026-05-28T21:32:33.327+02:00  INFO 37108 --- [dawBB] [           main] org.hibernate.orm.connections.pooling    : HHH10001005: Database info:
	Database JDBC URL [jdbc:h2:./daw]
	Database driver: H2 JDBC Driver
	Database dialect: H2Dialect
	Database version: 2.4.240
	Default catalog/schema: DAW/PUBLIC
	Autocommit mode: undefined/unknown
	Isolation level: READ_COMMITTED [default READ_COMMITTED]
	JDBC fetch size: 100
	Pool: DataSourceConnectionProvider
	Minimum pool size: undefined/unknown
	Maximum pool size: undefined/unknown
2026-05-28T21:32:33.349+02:00  INFO 37108 --- [dawBB] [           main] org.hibernate.orm.core                   : HHH000489: No JTA platform available (set 'hibernate.transaction.jta.platform' to enable JTA platform integration)
2026-05-28T21:32:33.351+02:00  INFO 37108 --- [dawBB] [           main] j.LocalContainerEntityManagerFactoryBean : Initialized JPA EntityManagerFactory for persistence unit 'default'
2026-05-28T21:32:33.412+02:00  WARN 37108 --- [dawBB] [           main] JpaBaseConfiguration$JpaWebConfiguration : spring.jpa.open-in-view is enabled by default. Therefore, database queries may be performed during view rendering. Explicitly configure spring.jpa.open-in-view to disable this warning
2026-05-28T21:32:33.497+02:00  INFO 37108 --- [dawBB] [           main] o.s.boot.tomcat.TomcatWebServer          : Tomcat started on port 55913 (http) with context path '/'
2026-05-28T21:32:33.499+02:00  INFO 37108 --- [dawBB] [           main] BackendBoys.dawBB.SlotsEndpointsTests    : Started SlotsEndpointsTests in 0.354 seconds (process running for 80.947)
2026-05-28T21:32:33.499+02:00  WARN 37108 --- [dawBB] [           main] o.s.core.events.SpringDocAppInitializer  : SpringDoc /v3/api-docs endpoint is enabled by default. To disable it in production, set the property 'springdoc.api-docs.enabled=false'
2026-05-28T21:32:33.499+02:00  WARN 37108 --- [dawBB] [           main] o.s.core.events.SpringDocAppInitializer  : SpringDoc /swagger-ui.html endpoint is enabled by default. To disable it in production, set the property 'springdoc.swagger-ui.enabled=false'
Hibernate: 
    select
        s1_0.id,
        s1_0.fk_convocatoria,
        s1_0.eliminado,
        s1_0.fin,
        s1_0.inicio 
    from
        slots s1_0
Hibernate: 
    select
        c1_0.id_convocatoria,
        c1_0.actual,
        c1_0.fecha_fin,
        c1_0.fecha_inicio,
        c1_0.nombre 
    from
        convocatorias c1_0 
    where
        c1_0.id_convocatoria=?
Hibernate: 
    select
        p1_0.fk_slot,
        p1_0.id,
        p1_0.eliminada,
        p1_0.fk_materia,
        m1_0.id,
        m1_0.eliminada,
        m1_0.nombre 
    from
        pruebas p1_0 
    left join
        materias m1_0 
            on m1_0.id=p1_0.fk_materia 
    where
        p1_0.fk_slot=?
Hibernate: 
    delete 
    from
        slots 
    where
        id=?
Hibernate: 
    select
        c1_0.id_convocatoria,
        c1_0.actual,
        c1_0.fecha_fin,
        c1_0.fecha_inicio,
        c1_0.nombre 
    from
        convocatorias c1_0
Hibernate: 
    select
        s1_0.fk_convocatoria,
        s1_0.id,
        s1_0.eliminado,
        s1_0.fin,
        s1_0.inicio 
    from
        slots s1_0 
    where
        s1_0.fk_convocatoria=?
Hibernate: 
    delete 
    from
        convocatoria_materia 
    where
        id_convocatoria=?
Hibernate: 
    delete 
    from
        convocatorias 
    where
        id_convocatoria=?
Hibernate: 
    select
        s1_0.id,
        s1_0.fk_convocatoria,
        s1_0.eliminado,
        s1_0.fin,
        s1_0.inicio 
    from
        slots s1_0 
    left join
        convocatorias c1_0 
            on c1_0.id_convocatoria=s1_0.fk_convocatoria 
    where
        c1_0.actual=true
2026-05-28T21:32:33.525+02:00  INFO 37108 --- [dawBB] [           main] o.s.boot.tomcat.GracefulShutdown         : Commencing graceful shutdown. Waiting for active requests to complete
2026-05-28T21:32:33.544+02:00  INFO 37108 --- [dawBB] [tomcat-shutdown] o.s.boot.tomcat.GracefulShutdown         : Graceful shutdown complete
2026-05-28T21:32:33.546+02:00  INFO 37108 --- [dawBB] [           main] j.LocalContainerEntityManagerFactoryBean : Closing JPA EntityManagerFactory for persistence unit 'default'
2026-05-28T21:32:33.546+02:00  INFO 37108 --- [dawBB] [           main] com.zaxxer.hikari.HikariDataSource       : HikariPool-74 - Shutdown initiated...
2026-05-28T21:32:33.557+02:00  INFO 37108 --- [dawBB] [           main] com.zaxxer.hikari.HikariDataSource       : HikariPool-74 - Shutdown completed.
]]></system-out>
  </testcase>
  <testcase name="obtenerSlotExistente" classname="En el controlador de slots" time="0.081">
    <system-out><![CDATA[
  .   ____          _            __ _ _
 /\\ / ___'_ __ _ _(_)_ __  __ _ \ \ \ \
( ( )\___ | '_ | '_| | '_ \/ _` | \ \ \ \
 \\/  ___)| |_)| | | | | || (_| |  ) ) ) )
  '  |____| .__|_| |_|_| |_\__, | / / / /
 =========|_|==============|___/=/_/_/_/

 :: Spring Boot ::                (v4.0.3)

2026-05-28T21:32:33.576+02:00  INFO 37108 --- [dawBB] [           main] BackendBoys.dawBB.SlotsEndpointsTests    : Starting SlotsEndpointsTests using Java 21.0.10 with PID 37108 (started by andre in C:\Users\andre\Desktop\CURSO2526\SEGUNDO_CUATRI\DAW\pau-pevau-backend-boys\dawBB)
2026-05-28T21:32:33.576+02:00  INFO 37108 --- [dawBB] [           main] BackendBoys.dawBB.SlotsEndpointsTests    : No active profile set, falling back to 1 default profile: "default"
2026-05-28T21:32:33.659+02:00  INFO 37108 --- [dawBB] [           main] .s.d.r.c.RepositoryConfigurationDelegate : Bootstrapping Spring Data JPA repositories in DEFAULT mode.
2026-05-28T21:32:33.666+02:00  INFO 37108 --- [dawBB] [           main] .s.d.r.c.RepositoryConfigurationDelegate : Finished Spring Data repository scanning in 5 ms. Found 4 JPA repository interfaces.
2026-05-28T21:32:33.697+02:00  INFO 37108 --- [dawBB] [           main] o.s.boot.tomcat.TomcatWebServer          : Tomcat initialized with port 0 (http)
2026-05-28T21:32:33.698+02:00  INFO 37108 --- [dawBB] [           main] o.apache.catalina.core.StandardService   : Starting service [Tomcat]
2026-05-28T21:32:33.698+02:00  INFO 37108 --- [dawBB] [           main] o.apache.catalina.core.StandardEngine    : Starting Servlet engine: [Apache Tomcat/11.0.18]
2026-05-28T21:32:33.716+02:00  INFO 37108 --- [dawBB] [           main] b.w.c.s.WebApplicationContextInitializer : Root WebApplicationContext: initialization completed in 139 ms
2026-05-28T21:32:33.733+02:00  INFO 37108 --- [dawBB] [           main] org.hibernate.orm.jpa                    : HHH008540: Processing PersistenceUnitInfo [name: default]
2026-05-28T21:32:33.746+02:00  INFO 37108 --- [dawBB] [           main] o.s.o.j.p.SpringPersistenceUnitInfo      : No LoadTimeWeaver setup: ignoring JPA class transformer
2026-05-28T21:32:33.747+02:00  INFO 37108 --- [dawBB] [           main] com.zaxxer.hikari.HikariDataSource       : HikariPool-75 - Starting...
2026-05-28T21:32:33.748+02:00  INFO 37108 --- [dawBB] [           main] com.zaxxer.hikari.pool.HikariPool        : HikariPool-75 - Added connection conn488: url=jdbc:h2:./daw user=SA
2026-05-28T21:32:33.748+02:00  INFO 37108 --- [dawBB] [           main] com.zaxxer.hikari.HikariDataSource       : HikariPool-75 - Start completed.
2026-05-28T21:32:33.749+02:00  WARN 37108 --- [dawBB] [           main] org.hibernate.orm.deprecation            : HHH90000025: H2Dialect does not need to be specified explicitly using 'hibernate.dialect' (remove the property setting and it will be selected by default)
2026-05-28T21:32:33.749+02:00  INFO 37108 --- [dawBB] [           main] org.hibernate.orm.connections.pooling    : HHH10001005: Database info:
	Database JDBC URL [jdbc:h2:./daw]
	Database driver: H2 JDBC Driver
	Database dialect: H2Dialect
	Database version: 2.4.240
	Default catalog/schema: DAW/PUBLIC
	Autocommit mode: undefined/unknown
	Isolation level: READ_COMMITTED [default READ_COMMITTED]
	JDBC fetch size: 100
	Pool: DataSourceConnectionProvider
	Minimum pool size: undefined/unknown
	Maximum pool size: undefined/unknown
2026-05-28T21:32:33.778+02:00  INFO 37108 --- [dawBB] [           main] org.hibernate.orm.core                   : HHH000489: No JTA platform available (set 'hibernate.transaction.jta.platform' to enable JTA platform integration)
2026-05-28T21:32:33.780+02:00  INFO 37108 --- [dawBB] [           main] j.LocalContainerEntityManagerFactoryBean : Initialized JPA EntityManagerFactory for persistence unit 'default'
2026-05-28T21:32:33.807+02:00  WARN 37108 --- [dawBB] [           main] JpaBaseConfiguration$JpaWebConfiguration : spring.jpa.open-in-view is enabled by default. Therefore, database queries may be performed during view rendering. Explicitly configure spring.jpa.open-in-view to disable this warning
2026-05-28T21:32:33.896+02:00  INFO 37108 --- [dawBB] [           main] o.s.boot.tomcat.TomcatWebServer          : Tomcat started on port 55915 (http) with context path '/'
2026-05-28T21:32:33.897+02:00  INFO 37108 --- [dawBB] [           main] BackendBoys.dawBB.SlotsEndpointsTests    : Started SlotsEndpointsTests in 0.333 seconds (process running for 81.345)
2026-05-28T21:32:33.898+02:00  WARN 37108 --- [dawBB] [           main] o.s.core.events.SpringDocAppInitializer  : SpringDoc /v3/api-docs endpoint is enabled by default. To disable it in production, set the property 'springdoc.api-docs.enabled=false'
2026-05-28T21:32:33.898+02:00  WARN 37108 --- [dawBB] [           main] o.s.core.events.SpringDocAppInitializer  : SpringDoc /swagger-ui.html endpoint is enabled by default. To disable it in production, set the property 'springdoc.swagger-ui.enabled=false'
Hibernate: 
    select
        s1_0.id,
        s1_0.fk_convocatoria,
        s1_0.eliminado,
        s1_0.fin,
        s1_0.inicio 
    from
        slots s1_0
Hibernate: 
    select
        c1_0.id_convocatoria,
        c1_0.actual,
        c1_0.fecha_fin,
        c1_0.fecha_inicio,
        c1_0.nombre 
    from
        convocatorias c1_0
Hibernate: 
    insert 
    into
        convocatorias
        (actual, fecha_fin, fecha_inicio, nombre, id_convocatoria) 
    values
        (?, ?, ?, ?, default)
Hibernate: 
    insert 
    into
        slots
        (fk_convocatoria, eliminado, fin, inicio, id) 
    values
        (?, ?, ?, ?, default)
2026-05-28T21:32:33.913+02:00  INFO 37108 --- [dawBB] [-auto-75-exec-1] o.a.c.c.C.[Tomcat-2].[localhost].[/]     : Initializing Spring DispatcherServlet 'dispatcherServlet'
2026-05-28T21:32:33.913+02:00  INFO 37108 --- [dawBB] [-auto-75-exec-1] o.s.web.servlet.DispatcherServlet        : Initializing Servlet 'dispatcherServlet'
2026-05-28T21:32:33.915+02:00  INFO 37108 --- [dawBB] [-auto-75-exec-1] o.s.web.servlet.DispatcherServlet        : Completed initialization in 2 ms
2026-05-28T21:32:33.916+02:00  INFO 37108 --- [dawBB] [-auto-75-exec-1] B.dawBB.seguridad.JwtRequestFilter       : usuario = test_user
Hibernate: 
    select
        s1_0.id,
        s1_0.fk_convocatoria,
        c1_0.id_convocatoria,
        c1_0.actual,
        c1_0.fecha_fin,
        c1_0.fecha_inicio,
        c1_0.nombre,
        s1_0.eliminado,
        s1_0.fin,
        s1_0.inicio 
    from
        slots s1_0 
    join
        convocatorias c1_0 
            on c1_0.id_convocatoria=s1_0.fk_convocatoria 
    where
        s1_0.id=?
2026-05-28T21:32:33.928+02:00  INFO 37108 --- [dawBB] [           main] o.s.boot.tomcat.GracefulShutdown         : Commencing graceful shutdown. Waiting for active requests to complete
2026-05-28T21:32:33.949+02:00  INFO 37108 --- [dawBB] [tomcat-shutdown] o.s.boot.tomcat.GracefulShutdown         : Graceful shutdown complete
2026-05-28T21:32:33.950+02:00  INFO 37108 --- [dawBB] [           main] j.LocalContainerEntityManagerFactoryBean : Closing JPA EntityManagerFactory for persistence unit 'default'
2026-05-28T21:32:33.950+02:00  INFO 37108 --- [dawBB] [           main] com.zaxxer.hikari.HikariDataSource       : HikariPool-75 - Shutdown initiated...
2026-05-28T21:32:33.977+02:00  INFO 37108 --- [dawBB] [           main] com.zaxxer.hikari.HikariDataSource       : HikariPool-75 - Shutdown completed.
]]></system-out>
  </testcase>
  <testcase name="obtenerSlotsConvocatoriaActual" classname="En el controlador de slots" time="0.088">
    <system-out><![CDATA[
  .   ____          _            __ _ _
 /\\ / ___'_ __ _ _(_)_ __  __ _ \ \ \ \
( ( )\___ | '_ | '_| | '_ \/ _` | \ \ \ \
 \\/  ___)| |_)| | | | | || (_| |  ) ) ) )
  '  |____| .__|_| |_|_| |_\__, | / / / /
 =========|_|==============|___/=/_/_/_/

 :: Spring Boot ::                (v4.0.3)

2026-05-28T21:32:33.990+02:00  INFO 37108 --- [dawBB] [           main] BackendBoys.dawBB.SlotsEndpointsTests    : Starting SlotsEndpointsTests using Java 21.0.10 with PID 37108 (started by andre in C:\Users\andre\Desktop\CURSO2526\SEGUNDO_CUATRI\DAW\pau-pevau-backend-boys\dawBB)
2026-05-28T21:32:33.990+02:00  INFO 37108 --- [dawBB] [           main] BackendBoys.dawBB.SlotsEndpointsTests    : No active profile set, falling back to 1 default profile: "default"
2026-05-28T21:32:34.075+02:00  INFO 37108 --- [dawBB] [           main] .s.d.r.c.RepositoryConfigurationDelegate : Bootstrapping Spring Data JPA repositories in DEFAULT mode.
2026-05-28T21:32:34.081+02:00  INFO 37108 --- [dawBB] [           main] .s.d.r.c.RepositoryConfigurationDelegate : Finished Spring Data repository scanning in 5 ms. Found 4 JPA repository interfaces.
2026-05-28T21:32:34.115+02:00  INFO 37108 --- [dawBB] [           main] o.s.boot.tomcat.TomcatWebServer          : Tomcat initialized with port 0 (http)
2026-05-28T21:32:34.115+02:00  INFO 37108 --- [dawBB] [           main] o.apache.catalina.core.StandardService   : Starting service [Tomcat]
2026-05-28T21:32:34.115+02:00  INFO 37108 --- [dawBB] [           main] o.apache.catalina.core.StandardEngine    : Starting Servlet engine: [Apache Tomcat/11.0.18]
2026-05-28T21:32:34.133+02:00  INFO 37108 --- [dawBB] [           main] b.w.c.s.WebApplicationContextInitializer : Root WebApplicationContext: initialization completed in 142 ms
2026-05-28T21:32:34.148+02:00  INFO 37108 --- [dawBB] [           main] org.hibernate.orm.jpa                    : HHH008540: Processing PersistenceUnitInfo [name: default]
2026-05-28T21:32:34.161+02:00  INFO 37108 --- [dawBB] [           main] o.s.o.j.p.SpringPersistenceUnitInfo      : No LoadTimeWeaver setup: ignoring JPA class transformer
2026-05-28T21:32:34.162+02:00  INFO 37108 --- [dawBB] [           main] com.zaxxer.hikari.HikariDataSource       : HikariPool-76 - Starting...
2026-05-28T21:32:34.163+02:00  INFO 37108 --- [dawBB] [           main] com.zaxxer.hikari.pool.HikariPool        : HikariPool-76 - Added connection conn493: url=jdbc:h2:./daw user=SA
2026-05-28T21:32:34.163+02:00  INFO 37108 --- [dawBB] [           main] com.zaxxer.hikari.HikariDataSource       : HikariPool-76 - Start completed.
2026-05-28T21:32:34.163+02:00  WARN 37108 --- [dawBB] [           main] org.hibernate.orm.deprecation            : HHH90000025: H2Dialect does not need to be specified explicitly using 'hibernate.dialect' (remove the property setting and it will be selected by default)
2026-05-28T21:32:34.163+02:00  INFO 37108 --- [dawBB] [           main] org.hibernate.orm.connections.pooling    : HHH10001005: Database info:
	Database JDBC URL [jdbc:h2:./daw]
	Database driver: H2 JDBC Driver
	Database dialect: H2Dialect
	Database version: 2.4.240
	Default catalog/schema: DAW/PUBLIC
	Autocommit mode: undefined/unknown
	Isolation level: READ_COMMITTED [default READ_COMMITTED]
	JDBC fetch size: 100
	Pool: DataSourceConnectionProvider
	Minimum pool size: undefined/unknown
	Maximum pool size: undefined/unknown
2026-05-28T21:32:34.189+02:00  INFO 37108 --- [dawBB] [           main] org.hibernate.orm.core                   : HHH000489: No JTA platform available (set 'hibernate.transaction.jta.platform' to enable JTA platform integration)
2026-05-28T21:32:34.190+02:00  INFO 37108 --- [dawBB] [           main] j.LocalContainerEntityManagerFactoryBean : Initialized JPA EntityManagerFactory for persistence unit 'default'
2026-05-28T21:32:34.219+02:00  WARN 37108 --- [dawBB] [           main] JpaBaseConfiguration$JpaWebConfiguration : spring.jpa.open-in-view is enabled by default. Therefore, database queries may be performed during view rendering. Explicitly configure spring.jpa.open-in-view to disable this warning
2026-05-28T21:32:34.301+02:00  INFO 37108 --- [dawBB] [           main] o.s.boot.tomcat.TomcatWebServer          : Tomcat started on port 55918 (http) with context path '/'
2026-05-28T21:32:34.302+02:00  INFO 37108 --- [dawBB] [           main] BackendBoys.dawBB.SlotsEndpointsTests    : Started SlotsEndpointsTests in 0.321 seconds (process running for 81.75)
2026-05-28T21:32:34.303+02:00  WARN 37108 --- [dawBB] [           main] o.s.core.events.SpringDocAppInitializer  : SpringDoc /v3/api-docs endpoint is enabled by default. To disable it in production, set the property 'springdoc.api-docs.enabled=false'
2026-05-28T21:32:34.303+02:00  WARN 37108 --- [dawBB] [           main] o.s.core.events.SpringDocAppInitializer  : SpringDoc /swagger-ui.html endpoint is enabled by default. To disable it in production, set the property 'springdoc.swagger-ui.enabled=false'
Hibernate: 
    select
        s1_0.id,
        s1_0.fk_convocatoria,
        s1_0.eliminado,
        s1_0.fin,
        s1_0.inicio 
    from
        slots s1_0
Hibernate: 
    select
        c1_0.id_convocatoria,
        c1_0.actual,
        c1_0.fecha_fin,
        c1_0.fecha_inicio,
        c1_0.nombre 
    from
        convocatorias c1_0 
    where
        c1_0.id_convocatoria=?
Hibernate: 
    select
        p1_0.fk_slot,
        p1_0.id,
        p1_0.eliminada,
        p1_0.fk_materia,
        m1_0.id,
        m1_0.eliminada,
        m1_0.nombre 
    from
        pruebas p1_0 
    left join
        materias m1_0 
            on m1_0.id=p1_0.fk_materia 
    where
        p1_0.fk_slot=?
Hibernate: 
    delete 
    from
        slots 
    where
        id=?
Hibernate: 
    select
        c1_0.id_convocatoria,
        c1_0.actual,
        c1_0.fecha_fin,
        c1_0.fecha_inicio,
        c1_0.nombre 
    from
        convocatorias c1_0
Hibernate: 
    select
        s1_0.fk_convocatoria,
        s1_0.id,
        s1_0.eliminado,
        s1_0.fin,
        s1_0.inicio 
    from
        slots s1_0 
    where
        s1_0.fk_convocatoria=?
Hibernate: 
    delete 
    from
        convocatoria_materia 
    where
        id_convocatoria=?
Hibernate: 
    delete 
    from
        convocatorias 
    where
        id_convocatoria=?
Hibernate: 
    insert 
    into
        convocatorias
        (actual, fecha_fin, fecha_inicio, nombre, id_convocatoria) 
    values
        (?, ?, ?, ?, default)
Hibernate: 
    insert 
    into
        convocatorias
        (actual, fecha_fin, fecha_inicio, nombre, id_convocatoria) 
    values
        (?, ?, ?, ?, default)
Hibernate: 
    insert 
    into
        slots
        (fk_convocatoria, eliminado, fin, inicio, id) 
    values
        (?, ?, ?, ?, default)
Hibernate: 
    insert 
    into
        slots
        (fk_convocatoria, eliminado, fin, inicio, id) 
    values
        (?, ?, ?, ?, default)
2026-05-28T21:32:34.323+02:00  INFO 37108 --- [dawBB] [-auto-76-exec-1] o.a.c.c.C.[Tomcat-2].[localhost].[/]     : Initializing Spring DispatcherServlet 'dispatcherServlet'
2026-05-28T21:32:34.323+02:00  INFO 37108 --- [dawBB] [-auto-76-exec-1] o.s.web.servlet.DispatcherServlet        : Initializing Servlet 'dispatcherServlet'
2026-05-28T21:32:34.324+02:00  INFO 37108 --- [dawBB] [-auto-76-exec-1] o.s.web.servlet.DispatcherServlet        : Completed initialization in 1 ms
2026-05-28T21:32:34.325+02:00  INFO 37108 --- [dawBB] [-auto-76-exec-1] B.dawBB.seguridad.JwtRequestFilter       : usuario = test_user
Hibernate: 
    select
        s1_0.id,
        s1_0.fk_convocatoria,
        s1_0.eliminado,
        s1_0.fin,
        s1_0.inicio 
    from
        slots s1_0 
    left join
        convocatorias c1_0 
            on c1_0.id_convocatoria=s1_0.fk_convocatoria 
    where
        c1_0.actual=true
Hibernate: 
    select
        c1_0.id_convocatoria,
        c1_0.actual,
        c1_0.fecha_fin,
        c1_0.fecha_inicio,
        c1_0.nombre 
    from
        convocatorias c1_0 
    where
        c1_0.id_convocatoria=?
2026-05-28T21:32:34.336+02:00  INFO 37108 --- [dawBB] [           main] o.s.boot.tomcat.GracefulShutdown         : Commencing graceful shutdown. Waiting for active requests to complete
2026-05-28T21:32:34.357+02:00  INFO 37108 --- [dawBB] [tomcat-shutdown] o.s.boot.tomcat.GracefulShutdown         : Graceful shutdown complete
2026-05-28T21:32:34.358+02:00  INFO 37108 --- [dawBB] [           main] j.LocalContainerEntityManagerFactoryBean : Closing JPA EntityManagerFactory for persistence unit 'default'
2026-05-28T21:32:34.358+02:00  INFO 37108 --- [dawBB] [           main] com.zaxxer.hikari.HikariDataSource       : HikariPool-76 - Shutdown initiated...
2026-05-28T21:32:34.388+02:00  INFO 37108 --- [dawBB] [           main] com.zaxxer.hikari.HikariDataSource       : HikariPool-76 - Shutdown completed.
]]></system-out>
  </testcase>
  <testcase name="crearSlotValido" classname="En el controlador de slots" time="0.086">
    <system-out><![CDATA[
  .   ____          _            __ _ _
 /\\ / ___'_ __ _ _(_)_ __  __ _ \ \ \ \
( ( )\___ | '_ | '_| | '_ \/ _` | \ \ \ \
 \\/  ___)| |_)| | | | | || (_| |  ) ) ) )
  '  |____| .__|_| |_|_| |_\__, | / / / /
 =========|_|==============|___/=/_/_/_/

 :: Spring Boot ::                (v4.0.3)

2026-05-28T21:32:34.410+02:00  INFO 37108 --- [dawBB] [           main] BackendBoys.dawBB.SlotsEndpointsTests    : Starting SlotsEndpointsTests using Java 21.0.10 with PID 37108 (started by andre in C:\Users\andre\Desktop\CURSO2526\SEGUNDO_CUATRI\DAW\pau-pevau-backend-boys\dawBB)
2026-05-28T21:32:34.410+02:00  INFO 37108 --- [dawBB] [           main] BackendBoys.dawBB.SlotsEndpointsTests    : No active profile set, falling back to 1 default profile: "default"
2026-05-28T21:32:34.492+02:00  INFO 37108 --- [dawBB] [           main] .s.d.r.c.RepositoryConfigurationDelegate : Bootstrapping Spring Data JPA repositories in DEFAULT mode.
2026-05-28T21:32:34.498+02:00  INFO 37108 --- [dawBB] [           main] .s.d.r.c.RepositoryConfigurationDelegate : Finished Spring Data repository scanning in 5 ms. Found 4 JPA repository interfaces.
2026-05-28T21:32:34.532+02:00  INFO 37108 --- [dawBB] [           main] o.s.boot.tomcat.TomcatWebServer          : Tomcat initialized with port 0 (http)
2026-05-28T21:32:34.532+02:00  INFO 37108 --- [dawBB] [           main] o.apache.catalina.core.StandardService   : Starting service [Tomcat]
2026-05-28T21:32:34.532+02:00  INFO 37108 --- [dawBB] [           main] o.apache.catalina.core.StandardEngine    : Starting Servlet engine: [Apache Tomcat/11.0.18]
2026-05-28T21:32:34.549+02:00  INFO 37108 --- [dawBB] [           main] b.w.c.s.WebApplicationContextInitializer : Root WebApplicationContext: initialization completed in 138 ms
2026-05-28T21:32:34.566+02:00  INFO 37108 --- [dawBB] [           main] org.hibernate.orm.jpa                    : HHH008540: Processing PersistenceUnitInfo [name: default]
2026-05-28T21:32:34.580+02:00  INFO 37108 --- [dawBB] [           main] o.s.o.j.p.SpringPersistenceUnitInfo      : No LoadTimeWeaver setup: ignoring JPA class transformer
2026-05-28T21:32:34.581+02:00  INFO 37108 --- [dawBB] [           main] com.zaxxer.hikari.HikariDataSource       : HikariPool-77 - Starting...
2026-05-28T21:32:34.582+02:00  INFO 37108 --- [dawBB] [           main] com.zaxxer.hikari.pool.HikariPool        : HikariPool-77 - Added connection conn498: url=jdbc:h2:./daw user=SA
2026-05-28T21:32:34.582+02:00  INFO 37108 --- [dawBB] [           main] com.zaxxer.hikari.HikariDataSource       : HikariPool-77 - Start completed.
2026-05-28T21:32:34.582+02:00  WARN 37108 --- [dawBB] [           main] org.hibernate.orm.deprecation            : HHH90000025: H2Dialect does not need to be specified explicitly using 'hibernate.dialect' (remove the property setting and it will be selected by default)
2026-05-28T21:32:34.582+02:00  INFO 37108 --- [dawBB] [           main] org.hibernate.orm.connections.pooling    : HHH10001005: Database info:
	Database JDBC URL [jdbc:h2:./daw]
	Database driver: H2 JDBC Driver
	Database dialect: H2Dialect
	Database version: 2.4.240
	Default catalog/schema: DAW/PUBLIC
	Autocommit mode: undefined/unknown
	Isolation level: READ_COMMITTED [default READ_COMMITTED]
	JDBC fetch size: 100
	Pool: DataSourceConnectionProvider
	Minimum pool size: undefined/unknown
	Maximum pool size: undefined/unknown
2026-05-28T21:32:34.610+02:00  INFO 37108 --- [dawBB] [           main] org.hibernate.orm.core                   : HHH000489: No JTA platform available (set 'hibernate.transaction.jta.platform' to enable JTA platform integration)
2026-05-28T21:32:34.611+02:00  INFO 37108 --- [dawBB] [           main] j.LocalContainerEntityManagerFactoryBean : Initialized JPA EntityManagerFactory for persistence unit 'default'
2026-05-28T21:32:34.640+02:00  WARN 37108 --- [dawBB] [           main] JpaBaseConfiguration$JpaWebConfiguration : spring.jpa.open-in-view is enabled by default. Therefore, database queries may be performed during view rendering. Explicitly configure spring.jpa.open-in-view to disable this warning
2026-05-28T21:32:34.725+02:00  INFO 37108 --- [dawBB] [           main] o.s.boot.tomcat.TomcatWebServer          : Tomcat started on port 55921 (http) with context path '/'
2026-05-28T21:32:34.726+02:00  INFO 37108 --- [dawBB] [           main] BackendBoys.dawBB.SlotsEndpointsTests    : Started SlotsEndpointsTests in 0.33 seconds (process running for 82.174)
2026-05-28T21:32:34.727+02:00  WARN 37108 --- [dawBB] [           main] o.s.core.events.SpringDocAppInitializer  : SpringDoc /v3/api-docs endpoint is enabled by default. To disable it in production, set the property 'springdoc.api-docs.enabled=false'
2026-05-28T21:32:34.727+02:00  WARN 37108 --- [dawBB] [           main] o.s.core.events.SpringDocAppInitializer  : SpringDoc /swagger-ui.html endpoint is enabled by default. To disable it in production, set the property 'springdoc.swagger-ui.enabled=false'
Hibernate: 
    select
        s1_0.id,
        s1_0.fk_convocatoria,
        s1_0.eliminado,
        s1_0.fin,
        s1_0.inicio 
    from
        slots s1_0
Hibernate: 
    select
        c1_0.id_convocatoria,
        c1_0.actual,
        c1_0.fecha_fin,
        c1_0.fecha_inicio,
        c1_0.nombre 
    from
        convocatorias c1_0 
    where
        c1_0.id_convocatoria=?
Hibernate: 
    select
        c1_0.id_convocatoria,
        c1_0.actual,
        c1_0.fecha_fin,
        c1_0.fecha_inicio,
        c1_0.nombre 
    from
        convocatorias c1_0 
    where
        c1_0.id_convocatoria=?
Hibernate: 
    select
        p1_0.fk_slot,
        p1_0.id,
        p1_0.eliminada,
        p1_0.fk_materia,
        m1_0.id,
        m1_0.eliminada,
        m1_0.nombre 
    from
        pruebas p1_0 
    left join
        materias m1_0 
            on m1_0.id=p1_0.fk_materia 
    where
        p1_0.fk_slot=?
Hibernate: 
    select
        p1_0.fk_slot,
        p1_0.id,
        p1_0.eliminada,
        p1_0.fk_materia,
        m1_0.id,
        m1_0.eliminada,
        m1_0.nombre 
    from
        pruebas p1_0 
    left join
        materias m1_0 
            on m1_0.id=p1_0.fk_materia 
    where
        p1_0.fk_slot=?
Hibernate: 
    delete 
    from
        slots 
    where
        id=?
Hibernate: 
    delete 
    from
        slots 
    where
        id=?
Hibernate: 
    select
        c1_0.id_convocatoria,
        c1_0.actual,
        c1_0.fecha_fin,
        c1_0.fecha_inicio,
        c1_0.nombre 
    from
        convocatorias c1_0
Hibernate: 
    select
        s1_0.fk_convocatoria,
        s1_0.id,
        s1_0.eliminado,
        s1_0.fin,
        s1_0.inicio 
    from
        slots s1_0 
    where
        s1_0.fk_convocatoria=?
Hibernate: 
    select
        s1_0.fk_convocatoria,
        s1_0.id,
        s1_0.eliminado,
        s1_0.fin,
        s1_0.inicio 
    from
        slots s1_0 
    where
        s1_0.fk_convocatoria=?
Hibernate: 
    delete 
    from
        convocatoria_materia 
    where
        id_convocatoria=?
Hibernate: 
    delete 
    from
        convocatoria_materia 
    where
        id_convocatoria=?
Hibernate: 
    delete 
    from
        convocatorias 
    where
        id_convocatoria=?
Hibernate: 
    delete 
    from
        convocatorias 
    where
        id_convocatoria=?
Hibernate: 
    insert 
    into
        convocatorias
        (actual, fecha_fin, fecha_inicio, nombre, id_convocatoria) 
    values
        (?, ?, ?, ?, default)
2026-05-28T21:32:34.747+02:00  INFO 37108 --- [dawBB] [-auto-77-exec-1] o.a.c.c.C.[Tomcat-2].[localhost].[/]     : Initializing Spring DispatcherServlet 'dispatcherServlet'
2026-05-28T21:32:34.747+02:00  INFO 37108 --- [dawBB] [-auto-77-exec-1] o.s.web.servlet.DispatcherServlet        : Initializing Servlet 'dispatcherServlet'
2026-05-28T21:32:34.748+02:00  INFO 37108 --- [dawBB] [-auto-77-exec-1] o.s.web.servlet.DispatcherServlet        : Completed initialization in 1 ms
2026-05-28T21:32:34.749+02:00  INFO 37108 --- [dawBB] [-auto-77-exec-1] B.dawBB.seguridad.JwtRequestFilter       : usuario = test_user
Hibernate: 
    insert 
    into
        slots
        (fk_convocatoria, eliminado, fin, inicio, id) 
    values
        (?, ?, ?, ?, default)
Hibernate: 
    select
        s1_0.id,
        s1_0.fk_convocatoria,
        c1_0.id_convocatoria,
        c1_0.actual,
        c1_0.fecha_fin,
        c1_0.fecha_inicio,
        c1_0.nombre,
        s1_0.eliminado,
        s1_0.fin,
        s1_0.inicio 
    from
        slots s1_0 
    join
        convocatorias c1_0 
            on c1_0.id_convocatoria=s1_0.fk_convocatoria 
    where
        s1_0.id=?
2026-05-28T21:32:34.760+02:00  INFO 37108 --- [dawBB] [           main] o.s.boot.tomcat.GracefulShutdown         : Commencing graceful shutdown. Waiting for active requests to complete
2026-05-28T21:32:34.780+02:00  INFO 37108 --- [dawBB] [tomcat-shutdown] o.s.boot.tomcat.GracefulShutdown         : Graceful shutdown complete
2026-05-28T21:32:34.781+02:00  INFO 37108 --- [dawBB] [           main] j.LocalContainerEntityManagerFactoryBean : Closing JPA EntityManagerFactory for persistence unit 'default'
2026-05-28T21:32:34.782+02:00  INFO 37108 --- [dawBB] [           main] com.zaxxer.hikari.HikariDataSource       : HikariPool-77 - Shutdown initiated...
2026-05-28T21:32:34.809+02:00  INFO 37108 --- [dawBB] [           main] com.zaxxer.hikari.HikariDataSource       : HikariPool-77 - Shutdown completed.
]]></system-out>
  </testcase>
  <testcase name="eliminarSlotInexistente" classname="En el controlador de slots" time="0.059">
    <system-out><![CDATA[
  .   ____          _            __ _ _
 /\\ / ___'_ __ _ _(_)_ __  __ _ \ \ \ \
( ( )\___ | '_ | '_| | '_ \/ _` | \ \ \ \
 \\/  ___)| |_)| | | | | || (_| |  ) ) ) )
  '  |____| .__|_| |_|_| |_\__, | / / / /
 =========|_|==============|___/=/_/_/_/

 :: Spring Boot ::                (v4.0.3)

2026-05-28T21:32:34.828+02:00  INFO 37108 --- [dawBB] [           main] BackendBoys.dawBB.SlotsEndpointsTests    : Starting SlotsEndpointsTests using Java 21.0.10 with PID 37108 (started by andre in C:\Users\andre\Desktop\CURSO2526\SEGUNDO_CUATRI\DAW\pau-pevau-backend-boys\dawBB)
2026-05-28T21:32:34.828+02:00  INFO 37108 --- [dawBB] [           main] BackendBoys.dawBB.SlotsEndpointsTests    : No active profile set, falling back to 1 default profile: "default"
2026-05-28T21:32:34.913+02:00  INFO 37108 --- [dawBB] [           main] .s.d.r.c.RepositoryConfigurationDelegate : Bootstrapping Spring Data JPA repositories in DEFAULT mode.
2026-05-28T21:32:34.919+02:00  INFO 37108 --- [dawBB] [           main] .s.d.r.c.RepositoryConfigurationDelegate : Finished Spring Data repository scanning in 5 ms. Found 4 JPA repository interfaces.
2026-05-28T21:32:34.949+02:00  INFO 37108 --- [dawBB] [           main] o.s.boot.tomcat.TomcatWebServer          : Tomcat initialized with port 0 (http)
2026-05-28T21:32:34.949+02:00  INFO 37108 --- [dawBB] [           main] o.apache.catalina.core.StandardService   : Starting service [Tomcat]
2026-05-28T21:32:34.950+02:00  INFO 37108 --- [dawBB] [           main] o.apache.catalina.core.StandardEngine    : Starting Servlet engine: [Apache Tomcat/11.0.18]
2026-05-28T21:32:34.967+02:00  INFO 37108 --- [dawBB] [           main] b.w.c.s.WebApplicationContextInitializer : Root WebApplicationContext: initialization completed in 139 ms
2026-05-28T21:32:34.984+02:00  INFO 37108 --- [dawBB] [           main] org.hibernate.orm.jpa                    : HHH008540: Processing PersistenceUnitInfo [name: default]
2026-05-28T21:32:34.996+02:00  INFO 37108 --- [dawBB] [           main] o.s.o.j.p.SpringPersistenceUnitInfo      : No LoadTimeWeaver setup: ignoring JPA class transformer
2026-05-28T21:32:34.997+02:00  INFO 37108 --- [dawBB] [           main] com.zaxxer.hikari.HikariDataSource       : HikariPool-78 - Starting...
2026-05-28T21:32:34.998+02:00  INFO 37108 --- [dawBB] [           main] com.zaxxer.hikari.pool.HikariPool        : HikariPool-78 - Added connection conn503: url=jdbc:h2:./daw user=SA
2026-05-28T21:32:34.998+02:00  INFO 37108 --- [dawBB] [           main] com.zaxxer.hikari.HikariDataSource       : HikariPool-78 - Start completed.
2026-05-28T21:32:34.998+02:00  WARN 37108 --- [dawBB] [           main] org.hibernate.orm.deprecation            : HHH90000025: H2Dialect does not need to be specified explicitly using 'hibernate.dialect' (remove the property setting and it will be selected by default)
2026-05-28T21:32:34.998+02:00  INFO 37108 --- [dawBB] [           main] org.hibernate.orm.connections.pooling    : HHH10001005: Database info:
	Database JDBC URL [jdbc:h2:./daw]
	Database driver: H2 JDBC Driver
	Database dialect: H2Dialect
	Database version: 2.4.240
	Default catalog/schema: DAW/PUBLIC
	Autocommit mode: undefined/unknown
	Isolation level: READ_COMMITTED [default READ_COMMITTED]
	JDBC fetch size: 100
	Pool: DataSourceConnectionProvider
	Minimum pool size: undefined/unknown
	Maximum pool size: undefined/unknown
2026-05-28T21:32:35.021+02:00  INFO 37108 --- [dawBB] [           main] org.hibernate.orm.core                   : HHH000489: No JTA platform available (set 'hibernate.transaction.jta.platform' to enable JTA platform integration)
2026-05-28T21:32:35.023+02:00  INFO 37108 --- [dawBB] [           main] j.LocalContainerEntityManagerFactoryBean : Initialized JPA EntityManagerFactory for persistence unit 'default'
2026-05-28T21:32:35.051+02:00  WARN 37108 --- [dawBB] [           main] JpaBaseConfiguration$JpaWebConfiguration : spring.jpa.open-in-view is enabled by default. Therefore, database queries may be performed during view rendering. Explicitly configure spring.jpa.open-in-view to disable this warning
2026-05-28T21:32:35.133+02:00  INFO 37108 --- [dawBB] [           main] o.s.boot.tomcat.TomcatWebServer          : Tomcat started on port 55924 (http) with context path '/'
2026-05-28T21:32:35.134+02:00  INFO 37108 --- [dawBB] [           main] BackendBoys.dawBB.SlotsEndpointsTests    : Started SlotsEndpointsTests in 0.318 seconds (process running for 82.582)
2026-05-28T21:32:35.135+02:00  WARN 37108 --- [dawBB] [           main] o.s.core.events.SpringDocAppInitializer  : SpringDoc /v3/api-docs endpoint is enabled by default. To disable it in production, set the property 'springdoc.api-docs.enabled=false'
2026-05-28T21:32:35.135+02:00  WARN 37108 --- [dawBB] [           main] o.s.core.events.SpringDocAppInitializer  : SpringDoc /swagger-ui.html endpoint is enabled by default. To disable it in production, set the property 'springdoc.swagger-ui.enabled=false'
Hibernate: 
    select
        s1_0.id,
        s1_0.fk_convocatoria,
        s1_0.eliminado,
        s1_0.fin,
        s1_0.inicio 
    from
        slots s1_0
Hibernate: 
    select
        c1_0.id_convocatoria,
        c1_0.actual,
        c1_0.fecha_fin,
        c1_0.fecha_inicio,
        c1_0.nombre 
    from
        convocatorias c1_0 
    where
        c1_0.id_convocatoria=?
Hibernate: 
    select
        p1_0.fk_slot,
        p1_0.id,
        p1_0.eliminada,
        p1_0.fk_materia,
        m1_0.id,
        m1_0.eliminada,
        m1_0.nombre 
    from
        pruebas p1_0 
    left join
        materias m1_0 
            on m1_0.id=p1_0.fk_materia 
    where
        p1_0.fk_slot=?
Hibernate: 
    delete 
    from
        slots 
    where
        id=?
Hibernate: 
    select
        c1_0.id_convocatoria,
        c1_0.actual,
        c1_0.fecha_fin,
        c1_0.fecha_inicio,
        c1_0.nombre 
    from
        convocatorias c1_0
Hibernate: 
    select
        s1_0.fk_convocatoria,
        s1_0.id,
        s1_0.eliminado,
        s1_0.fin,
        s1_0.inicio 
    from
        slots s1_0 
    where
        s1_0.fk_convocatoria=?
Hibernate: 
    delete 
    from
        convocatoria_materia 
    where
        id_convocatoria=?
Hibernate: 
    delete 
    from
        convocatorias 
    where
        id_convocatoria=?
2026-05-28T21:32:35.150+02:00  INFO 37108 --- [dawBB] [-auto-78-exec-1] o.a.c.c.C.[Tomcat-2].[localhost].[/]     : Initializing Spring DispatcherServlet 'dispatcherServlet'
2026-05-28T21:32:35.150+02:00  INFO 37108 --- [dawBB] [-auto-78-exec-1] o.s.web.servlet.DispatcherServlet        : Initializing Servlet 'dispatcherServlet'
2026-05-28T21:32:35.151+02:00  INFO 37108 --- [dawBB] [-auto-78-exec-1] o.s.web.servlet.DispatcherServlet        : Completed initialization in 1 ms
2026-05-28T21:32:35.152+02:00  INFO 37108 --- [dawBB] [-auto-78-exec-1] B.dawBB.seguridad.JwtRequestFilter       : usuario = test_user
Hibernate: 
    select
        s1_0.id,
        s1_0.fk_convocatoria,
        c1_0.id_convocatoria,
        c1_0.actual,
        c1_0.fecha_fin,
        c1_0.fecha_inicio,
        c1_0.nombre,
        s1_0.eliminado,
        s1_0.fin,
        s1_0.inicio 
    from
        slots s1_0 
    join
        convocatorias c1_0 
            on c1_0.id_convocatoria=s1_0.fk_convocatoria 
    where
        s1_0.id=?
2026-05-28T21:32:35.158+02:00  INFO 37108 --- [dawBB] [           main] o.s.boot.tomcat.GracefulShutdown         : Commencing graceful shutdown. Waiting for active requests to complete
2026-05-28T21:32:35.180+02:00  INFO 37108 --- [dawBB] [tomcat-shutdown] o.s.boot.tomcat.GracefulShutdown         : Graceful shutdown complete
2026-05-28T21:32:35.181+02:00  INFO 37108 --- [dawBB] [           main] j.LocalContainerEntityManagerFactoryBean : Closing JPA EntityManagerFactory for persistence unit 'default'
2026-05-28T21:32:35.181+02:00  INFO 37108 --- [dawBB] [           main] com.zaxxer.hikari.HikariDataSource       : HikariPool-78 - Shutdown initiated...
2026-05-28T21:32:35.192+02:00  INFO 37108 --- [dawBB] [           main] com.zaxxer.hikari.HikariDataSource       : HikariPool-78 - Shutdown completed.
]]></system-out>
  </testcase>
  <testcase name="obtenerSlotSinAutenticacion" classname="En el controlador de slots" time="0.059">
    <system-out><![CDATA[
  .   ____          _            __ _ _
 /\\ / ___'_ __ _ _(_)_ __  __ _ \ \ \ \
( ( )\___ | '_ | '_| | '_ \/ _` | \ \ \ \
 \\/  ___)| |_)| | | | | || (_| |  ) ) ) )
  '  |____| .__|_| |_|_| |_\__, | / / / /
 =========|_|==============|___/=/_/_/_/

 :: Spring Boot ::                (v4.0.3)

2026-05-28T21:32:35.204+02:00  INFO 37108 --- [dawBB] [           main] BackendBoys.dawBB.SlotsEndpointsTests    : Starting SlotsEndpointsTests using Java 21.0.10 with PID 37108 (started by andre in C:\Users\andre\Desktop\CURSO2526\SEGUNDO_CUATRI\DAW\pau-pevau-backend-boys\dawBB)
2026-05-28T21:32:35.204+02:00  INFO 37108 --- [dawBB] [           main] BackendBoys.dawBB.SlotsEndpointsTests    : No active profile set, falling back to 1 default profile: "default"
2026-05-28T21:32:35.291+02:00  INFO 37108 --- [dawBB] [           main] .s.d.r.c.RepositoryConfigurationDelegate : Bootstrapping Spring Data JPA repositories in DEFAULT mode.
2026-05-28T21:32:35.297+02:00  INFO 37108 --- [dawBB] [           main] .s.d.r.c.RepositoryConfigurationDelegate : Finished Spring Data repository scanning in 5 ms. Found 4 JPA repository interfaces.
2026-05-28T21:32:35.327+02:00  INFO 37108 --- [dawBB] [           main] o.s.boot.tomcat.TomcatWebServer          : Tomcat initialized with port 0 (http)
2026-05-28T21:32:35.328+02:00  INFO 37108 --- [dawBB] [           main] o.apache.catalina.core.StandardService   : Starting service [Tomcat]
2026-05-28T21:32:35.328+02:00  INFO 37108 --- [dawBB] [           main] o.apache.catalina.core.StandardEngine    : Starting Servlet engine: [Apache Tomcat/11.0.18]
2026-05-28T21:32:35.354+02:00  INFO 37108 --- [dawBB] [           main] b.w.c.s.WebApplicationContextInitializer : Root WebApplicationContext: initialization completed in 149 ms
2026-05-28T21:32:35.370+02:00  INFO 37108 --- [dawBB] [           main] org.hibernate.orm.jpa                    : HHH008540: Processing PersistenceUnitInfo [name: default]
2026-05-28T21:32:35.383+02:00  INFO 37108 --- [dawBB] [           main] o.s.o.j.p.SpringPersistenceUnitInfo      : No LoadTimeWeaver setup: ignoring JPA class transformer
2026-05-28T21:32:35.384+02:00  INFO 37108 --- [dawBB] [           main] com.zaxxer.hikari.HikariDataSource       : HikariPool-79 - Starting...
2026-05-28T21:32:35.385+02:00  INFO 37108 --- [dawBB] [           main] com.zaxxer.hikari.pool.HikariPool        : HikariPool-79 - Added connection conn507: url=jdbc:h2:./daw user=SA
2026-05-28T21:32:35.385+02:00  INFO 37108 --- [dawBB] [           main] com.zaxxer.hikari.HikariDataSource       : HikariPool-79 - Start completed.
2026-05-28T21:32:35.385+02:00  WARN 37108 --- [dawBB] [           main] org.hibernate.orm.deprecation            : HHH90000025: H2Dialect does not need to be specified explicitly using 'hibernate.dialect' (remove the property setting and it will be selected by default)
2026-05-28T21:32:35.385+02:00  INFO 37108 --- [dawBB] [           main] org.hibernate.orm.connections.pooling    : HHH10001005: Database info:
	Database JDBC URL [jdbc:h2:./daw]
	Database driver: H2 JDBC Driver
	Database dialect: H2Dialect
	Database version: 2.4.240
	Default catalog/schema: DAW/PUBLIC
	Autocommit mode: undefined/unknown
	Isolation level: READ_COMMITTED [default READ_COMMITTED]
	JDBC fetch size: 100
	Pool: DataSourceConnectionProvider
	Minimum pool size: undefined/unknown
	Maximum pool size: undefined/unknown
2026-05-28T21:32:35.410+02:00  INFO 37108 --- [dawBB] [           main] org.hibernate.orm.core                   : HHH000489: No JTA platform available (set 'hibernate.transaction.jta.platform' to enable JTA platform integration)
2026-05-28T21:32:35.412+02:00  INFO 37108 --- [dawBB] [           main] j.LocalContainerEntityManagerFactoryBean : Initialized JPA EntityManagerFactory for persistence unit 'default'
2026-05-28T21:32:35.441+02:00  WARN 37108 --- [dawBB] [           main] JpaBaseConfiguration$JpaWebConfiguration : spring.jpa.open-in-view is enabled by default. Therefore, database queries may be performed during view rendering. Explicitly configure spring.jpa.open-in-view to disable this warning
2026-05-28T21:32:35.524+02:00  INFO 37108 --- [dawBB] [           main] o.s.boot.tomcat.TomcatWebServer          : Tomcat started on port 55927 (http) with context path '/'
2026-05-28T21:32:35.526+02:00  INFO 37108 --- [dawBB] [           main] BackendBoys.dawBB.SlotsEndpointsTests    : Started SlotsEndpointsTests in 0.331 seconds (process running for 82.974)
2026-05-28T21:32:35.526+02:00  WARN 37108 --- [dawBB] [           main] o.s.core.events.SpringDocAppInitializer  : SpringDoc /v3/api-docs endpoint is enabled by default. To disable it in production, set the property 'springdoc.api-docs.enabled=false'
2026-05-28T21:32:35.526+02:00  WARN 37108 --- [dawBB] [           main] o.s.core.events.SpringDocAppInitializer  : SpringDoc /swagger-ui.html endpoint is enabled by default. To disable it in production, set the property 'springdoc.swagger-ui.enabled=false'
Hibernate: 
    select
        s1_0.id,
        s1_0.fk_convocatoria,
        s1_0.eliminado,
        s1_0.fin,
        s1_0.inicio 
    from
        slots s1_0
Hibernate: 
    select
        c1_0.id_convocatoria,
        c1_0.actual,
        c1_0.fecha_fin,
        c1_0.fecha_inicio,
        c1_0.nombre 
    from
        convocatorias c1_0
2026-05-28T21:32:35.536+02:00  INFO 37108 --- [dawBB] [-auto-79-exec-1] o.a.c.c.C.[Tomcat-2].[localhost].[/]     : Initializing Spring DispatcherServlet 'dispatcherServlet'
2026-05-28T21:32:35.536+02:00  INFO 37108 --- [dawBB] [-auto-79-exec-1] o.s.web.servlet.DispatcherServlet        : Initializing Servlet 'dispatcherServlet'
2026-05-28T21:32:35.537+02:00  INFO 37108 --- [dawBB] [-auto-79-exec-1] o.s.web.servlet.DispatcherServlet        : Completed initialization in 1 ms
2026-05-28T21:32:35.537+02:00  INFO 37108 --- [dawBB] [-auto-79-exec-1] B.dawBB.seguridad.JwtRequestFilter       : El token no comienza con Bearer
2026-05-28T21:32:35.540+02:00  INFO 37108 --- [dawBB] [           main] o.s.boot.tomcat.GracefulShutdown         : Commencing graceful shutdown. Waiting for active requests to complete
2026-05-28T21:32:35.560+02:00  INFO 37108 --- [dawBB] [tomcat-shutdown] o.s.boot.tomcat.GracefulShutdown         : Graceful shutdown complete
2026-05-28T21:32:35.561+02:00  INFO 37108 --- [dawBB] [           main] j.LocalContainerEntityManagerFactoryBean : Closing JPA EntityManagerFactory for persistence unit 'default'
2026-05-28T21:32:35.561+02:00  INFO 37108 --- [dawBB] [           main] com.zaxxer.hikari.HikariDataSource       : HikariPool-79 - Shutdown initiated...
2026-05-28T21:32:35.583+02:00  INFO 37108 --- [dawBB] [           main] com.zaxxer.hikari.HikariDataSource       : HikariPool-79 - Shutdown completed.
]]></system-out>
  </testcase>
  <testcase name="coberturaExtraSlot" classname="En el controlador de slots" time="0.046">
    <system-out><![CDATA[
  .   ____          _            __ _ _
 /\\ / ___'_ __ _ _(_)_ __  __ _ \ \ \ \
( ( )\___ | '_ | '_| | '_ \/ _` | \ \ \ \
 \\/  ___)| |_)| | | | | || (_| |  ) ) ) )
  '  |____| .__|_| |_|_| |_\__, | / / / /
 =========|_|==============|___/=/_/_/_/

 :: Spring Boot ::                (v4.0.3)

2026-05-28T21:32:35.597+02:00  INFO 37108 --- [dawBB] [           main] BackendBoys.dawBB.SlotsEndpointsTests    : Starting SlotsEndpointsTests using Java 21.0.10 with PID 37108 (started by andre in C:\Users\andre\Desktop\CURSO2526\SEGUNDO_CUATRI\DAW\pau-pevau-backend-boys\dawBB)
2026-05-28T21:32:35.597+02:00  INFO 37108 --- [dawBB] [           main] BackendBoys.dawBB.SlotsEndpointsTests    : No active profile set, falling back to 1 default profile: "default"
2026-05-28T21:32:35.713+02:00  INFO 37108 --- [dawBB] [           main] .s.d.r.c.RepositoryConfigurationDelegate : Bootstrapping Spring Data JPA repositories in DEFAULT mode.
2026-05-28T21:32:35.721+02:00  INFO 37108 --- [dawBB] [           main] .s.d.r.c.RepositoryConfigurationDelegate : Finished Spring Data repository scanning in 6 ms. Found 4 JPA repository interfaces.
2026-05-28T21:32:35.754+02:00  INFO 37108 --- [dawBB] [           main] o.s.boot.tomcat.TomcatWebServer          : Tomcat initialized with port 0 (http)
2026-05-28T21:32:35.755+02:00  INFO 37108 --- [dawBB] [           main] o.apache.catalina.core.StandardService   : Starting service [Tomcat]
2026-05-28T21:32:35.755+02:00  INFO 37108 --- [dawBB] [           main] o.apache.catalina.core.StandardEngine    : Starting Servlet engine: [Apache Tomcat/11.0.18]
2026-05-28T21:32:35.773+02:00  INFO 37108 --- [dawBB] [           main] b.w.c.s.WebApplicationContextInitializer : Root WebApplicationContext: initialization completed in 174 ms
2026-05-28T21:32:35.790+02:00  INFO 37108 --- [dawBB] [           main] org.hibernate.orm.jpa                    : HHH008540: Processing PersistenceUnitInfo [name: default]
2026-05-28T21:32:35.804+02:00  INFO 37108 --- [dawBB] [           main] o.s.o.j.p.SpringPersistenceUnitInfo      : No LoadTimeWeaver setup: ignoring JPA class transformer
2026-05-28T21:32:35.804+02:00  INFO 37108 --- [dawBB] [           main] com.zaxxer.hikari.HikariDataSource       : HikariPool-80 - Starting...
2026-05-28T21:32:35.807+02:00  INFO 37108 --- [dawBB] [           main] com.zaxxer.hikari.pool.HikariPool        : HikariPool-80 - Added connection conn511: url=jdbc:h2:./daw user=SA
2026-05-28T21:32:35.807+02:00  INFO 37108 --- [dawBB] [           main] com.zaxxer.hikari.HikariDataSource       : HikariPool-80 - Start completed.
2026-05-28T21:32:35.807+02:00  WARN 37108 --- [dawBB] [           main] org.hibernate.orm.deprecation            : HHH90000025: H2Dialect does not need to be specified explicitly using 'hibernate.dialect' (remove the property setting and it will be selected by default)
2026-05-28T21:32:35.807+02:00  INFO 37108 --- [dawBB] [           main] org.hibernate.orm.connections.pooling    : HHH10001005: Database info:
	Database JDBC URL [jdbc:h2:./daw]
	Database driver: H2 JDBC Driver
	Database dialect: H2Dialect
	Database version: 2.4.240
	Default catalog/schema: DAW/PUBLIC
	Autocommit mode: undefined/unknown
	Isolation level: READ_COMMITTED [default READ_COMMITTED]
	JDBC fetch size: 100
	Pool: DataSourceConnectionProvider
	Minimum pool size: undefined/unknown
	Maximum pool size: undefined/unknown
2026-05-28T21:32:35.839+02:00  INFO 37108 --- [dawBB] [           main] org.hibernate.orm.core                   : HHH000489: No JTA platform available (set 'hibernate.transaction.jta.platform' to enable JTA platform integration)
2026-05-28T21:32:35.841+02:00  INFO 37108 --- [dawBB] [           main] j.LocalContainerEntityManagerFactoryBean : Initialized JPA EntityManagerFactory for persistence unit 'default'
2026-05-28T21:32:35.872+02:00  WARN 37108 --- [dawBB] [           main] JpaBaseConfiguration$JpaWebConfiguration : spring.jpa.open-in-view is enabled by default. Therefore, database queries may be performed during view rendering. Explicitly configure spring.jpa.open-in-view to disable this warning
2026-05-28T21:32:35.955+02:00  INFO 37108 --- [dawBB] [           main] o.s.boot.tomcat.TomcatWebServer          : Tomcat started on port 55930 (http) with context path '/'
2026-05-28T21:32:35.956+02:00  INFO 37108 --- [dawBB] [           main] BackendBoys.dawBB.SlotsEndpointsTests    : Started SlotsEndpointsTests in 0.368 seconds (process running for 83.404)
2026-05-28T21:32:35.957+02:00  WARN 37108 --- [dawBB] [           main] o.s.core.events.SpringDocAppInitializer  : SpringDoc /v3/api-docs endpoint is enabled by default. To disable it in production, set the property 'springdoc.api-docs.enabled=false'
2026-05-28T21:32:35.957+02:00  WARN 37108 --- [dawBB] [           main] o.s.core.events.SpringDocAppInitializer  : SpringDoc /swagger-ui.html endpoint is enabled by default. To disable it in production, set the property 'springdoc.swagger-ui.enabled=false'
Hibernate: 
    select
        s1_0.id,
        s1_0.fk_convocatoria,
        s1_0.eliminado,
        s1_0.fin,
        s1_0.inicio 
    from
        slots s1_0
Hibernate: 
    select
        c1_0.id_convocatoria,
        c1_0.actual,
        c1_0.fecha_fin,
        c1_0.fecha_inicio,
        c1_0.nombre 
    from
        convocatorias c1_0
2026-05-28T21:32:35.967+02:00  INFO 37108 --- [dawBB] [           main] o.s.boot.tomcat.GracefulShutdown         : Commencing graceful shutdown. Waiting for active requests to complete
2026-05-28T21:32:35.989+02:00  INFO 37108 --- [dawBB] [tomcat-shutdown] o.s.boot.tomcat.GracefulShutdown         : Graceful shutdown complete
2026-05-28T21:32:35.990+02:00  INFO 37108 --- [dawBB] [           main] j.LocalContainerEntityManagerFactoryBean : Closing JPA EntityManagerFactory for persistence unit 'default'
2026-05-28T21:32:35.990+02:00  INFO 37108 --- [dawBB] [           main] com.zaxxer.hikari.HikariDataSource       : HikariPool-80 - Shutdown initiated...
2026-05-28T21:32:36.002+02:00  INFO 37108 --- [dawBB] [           main] com.zaxxer.hikari.HikariDataSource       : HikariPool-80 - Shutdown completed.
]]></system-out>
  </testcase>
  <testcase name="eliminarSlotExistente" classname="En el controlador de slots" time="0.082">
    <system-out><![CDATA[
  .   ____          _            __ _ _
 /\\ / ___'_ __ _ _(_)_ __  __ _ \ \ \ \
( ( )\___ | '_ | '_| | '_ \/ _` | \ \ \ \
 \\/  ___)| |_)| | | | | || (_| |  ) ) ) )
  '  |____| .__|_| |_|_| |_\__, | / / / /
 =========|_|==============|___/=/_/_/_/

 :: Spring Boot ::                (v4.0.3)

2026-05-28T21:32:36.015+02:00  INFO 37108 --- [dawBB] [           main] BackendBoys.dawBB.SlotsEndpointsTests    : Starting SlotsEndpointsTests using Java 21.0.10 with PID 37108 (started by andre in C:\Users\andre\Desktop\CURSO2526\SEGUNDO_CUATRI\DAW\pau-pevau-backend-boys\dawBB)
2026-05-28T21:32:36.015+02:00  INFO 37108 --- [dawBB] [           main] BackendBoys.dawBB.SlotsEndpointsTests    : No active profile set, falling back to 1 default profile: "default"
2026-05-28T21:32:36.101+02:00  INFO 37108 --- [dawBB] [           main] .s.d.r.c.RepositoryConfigurationDelegate : Bootstrapping Spring Data JPA repositories in DEFAULT mode.
2026-05-28T21:32:36.108+02:00  INFO 37108 --- [dawBB] [           main] .s.d.r.c.RepositoryConfigurationDelegate : Finished Spring Data repository scanning in 5 ms. Found 4 JPA repository interfaces.
2026-05-28T21:32:36.137+02:00  INFO 37108 --- [dawBB] [           main] o.s.boot.tomcat.TomcatWebServer          : Tomcat initialized with port 0 (http)
2026-05-28T21:32:36.137+02:00  INFO 37108 --- [dawBB] [           main] o.apache.catalina.core.StandardService   : Starting service [Tomcat]
2026-05-28T21:32:36.137+02:00  INFO 37108 --- [dawBB] [           main] o.apache.catalina.core.StandardEngine    : Starting Servlet engine: [Apache Tomcat/11.0.18]
2026-05-28T21:32:36.155+02:00  INFO 37108 --- [dawBB] [           main] b.w.c.s.WebApplicationContextInitializer : Root WebApplicationContext: initialization completed in 139 ms
2026-05-28T21:32:36.171+02:00  INFO 37108 --- [dawBB] [           main] org.hibernate.orm.jpa                    : HHH008540: Processing PersistenceUnitInfo [name: default]
2026-05-28T21:32:36.184+02:00  INFO 37108 --- [dawBB] [           main] o.s.o.j.p.SpringPersistenceUnitInfo      : No LoadTimeWeaver setup: ignoring JPA class transformer
2026-05-28T21:32:36.184+02:00  INFO 37108 --- [dawBB] [           main] com.zaxxer.hikari.HikariDataSource       : HikariPool-81 - Starting...
2026-05-28T21:32:36.185+02:00  INFO 37108 --- [dawBB] [           main] com.zaxxer.hikari.pool.HikariPool        : HikariPool-81 - Added connection conn515: url=jdbc:h2:./daw user=SA
2026-05-28T21:32:36.185+02:00  INFO 37108 --- [dawBB] [           main] com.zaxxer.hikari.HikariDataSource       : HikariPool-81 - Start completed.
2026-05-28T21:32:36.185+02:00  WARN 37108 --- [dawBB] [           main] org.hibernate.orm.deprecation            : HHH90000025: H2Dialect does not need to be specified explicitly using 'hibernate.dialect' (remove the property setting and it will be selected by default)
2026-05-28T21:32:36.186+02:00  INFO 37108 --- [dawBB] [           main] org.hibernate.orm.connections.pooling    : HHH10001005: Database info:
	Database JDBC URL [jdbc:h2:./daw]
	Database driver: H2 JDBC Driver
	Database dialect: H2Dialect
	Database version: 2.4.240
	Default catalog/schema: DAW/PUBLIC
	Autocommit mode: undefined/unknown
	Isolation level: READ_COMMITTED [default READ_COMMITTED]
	JDBC fetch size: 100
	Pool: DataSourceConnectionProvider
	Minimum pool size: undefined/unknown
	Maximum pool size: undefined/unknown
2026-05-28T21:32:36.209+02:00  INFO 37108 --- [dawBB] [           main] org.hibernate.orm.core                   : HHH000489: No JTA platform available (set 'hibernate.transaction.jta.platform' to enable JTA platform integration)
2026-05-28T21:32:36.210+02:00  INFO 37108 --- [dawBB] [           main] j.LocalContainerEntityManagerFactoryBean : Initialized JPA EntityManagerFactory for persistence unit 'default'
2026-05-28T21:32:36.242+02:00  WARN 37108 --- [dawBB] [           main] JpaBaseConfiguration$JpaWebConfiguration : spring.jpa.open-in-view is enabled by default. Therefore, database queries may be performed during view rendering. Explicitly configure spring.jpa.open-in-view to disable this warning
2026-05-28T21:32:36.332+02:00  INFO 37108 --- [dawBB] [           main] o.s.boot.tomcat.TomcatWebServer          : Tomcat started on port 55932 (http) with context path '/'
2026-05-28T21:32:36.333+02:00  INFO 37108 --- [dawBB] [           main] BackendBoys.dawBB.SlotsEndpointsTests    : Started SlotsEndpointsTests in 0.327 seconds (process running for 83.78)
2026-05-28T21:32:36.333+02:00  WARN 37108 --- [dawBB] [           main] o.s.core.events.SpringDocAppInitializer  : SpringDoc /v3/api-docs endpoint is enabled by default. To disable it in production, set the property 'springdoc.api-docs.enabled=false'
2026-05-28T21:32:36.333+02:00  WARN 37108 --- [dawBB] [           main] o.s.core.events.SpringDocAppInitializer  : SpringDoc /swagger-ui.html endpoint is enabled by default. To disable it in production, set the property 'springdoc.swagger-ui.enabled=false'
Hibernate: 
    select
        s1_0.id,
        s1_0.fk_convocatoria,
        s1_0.eliminado,
        s1_0.fin,
        s1_0.inicio 
    from
        slots s1_0
Hibernate: 
    select
        c1_0.id_convocatoria,
        c1_0.actual,
        c1_0.fecha_fin,
        c1_0.fecha_inicio,
        c1_0.nombre 
    from
        convocatorias c1_0
Hibernate: 
    insert 
    into
        convocatorias
        (actual, fecha_fin, fecha_inicio, nombre, id_convocatoria) 
    values
        (?, ?, ?, ?, default)
Hibernate: 
    insert 
    into
        slots
        (fk_convocatoria, eliminado, fin, inicio, id) 
    values
        (?, ?, ?, ?, default)
2026-05-28T21:32:36.348+02:00  INFO 37108 --- [dawBB] [-auto-81-exec-1] o.a.c.c.C.[Tomcat-2].[localhost].[/]     : Initializing Spring DispatcherServlet 'dispatcherServlet'
2026-05-28T21:32:36.348+02:00  INFO 37108 --- [dawBB] [-auto-81-exec-1] o.s.web.servlet.DispatcherServlet        : Initializing Servlet 'dispatcherServlet'
2026-05-28T21:32:36.348+02:00  INFO 37108 --- [dawBB] [-auto-81-exec-1] o.s.web.servlet.DispatcherServlet        : Completed initialization in 0 ms
2026-05-28T21:32:36.349+02:00  INFO 37108 --- [dawBB] [-auto-81-exec-1] B.dawBB.seguridad.JwtRequestFilter       : usuario = test_user
Hibernate: 
    select
        s1_0.id,
        s1_0.fk_convocatoria,
        c1_0.id_convocatoria,
        c1_0.actual,
        c1_0.fecha_fin,
        c1_0.fecha_inicio,
        c1_0.nombre,
        s1_0.eliminado,
        s1_0.fin,
        s1_0.inicio 
    from
        slots s1_0 
    join
        convocatorias c1_0 
            on c1_0.id_convocatoria=s1_0.fk_convocatoria 
    where
        s1_0.id=?
Hibernate: 
    update
        slots 
    set
        fk_convocatoria=?,
        eliminado=?,
        fin=?,
        inicio=? 
    where
        id=?
Hibernate: 
    select
        s1_0.id,
        s1_0.fk_convocatoria,
        c1_0.id_convocatoria,
        c1_0.actual,
        c1_0.fecha_fin,
        c1_0.fecha_inicio,
        c1_0.nombre,
        s1_0.eliminado,
        s1_0.fin,
        s1_0.inicio 
    from
        slots s1_0 
    join
        convocatorias c1_0 
            on c1_0.id_convocatoria=s1_0.fk_convocatoria 
    where
        s1_0.id=?
2026-05-28T21:32:36.360+02:00  INFO 37108 --- [dawBB] [           main] o.s.boot.tomcat.GracefulShutdown         : Commencing graceful shutdown. Waiting for active requests to complete
2026-05-28T21:32:36.380+02:00  INFO 37108 --- [dawBB] [tomcat-shutdown] o.s.boot.tomcat.GracefulShutdown         : Graceful shutdown complete
2026-05-28T21:32:36.382+02:00  INFO 37108 --- [dawBB] [           main] j.LocalContainerEntityManagerFactoryBean : Closing JPA EntityManagerFactory for persistence unit 'default'
2026-05-28T21:32:36.382+02:00  INFO 37108 --- [dawBB] [           main] com.zaxxer.hikari.HikariDataSource       : HikariPool-81 - Shutdown initiated...
2026-05-28T21:32:36.413+02:00  INFO 37108 --- [dawBB] [           main] com.zaxxer.hikari.HikariDataSource       : HikariPool-81 - Shutdown completed.
]]></system-out>
  </testcase>
  <testcase name="obtenerSlotInexistente" classname="En el controlador de slots" time="0.059">
    <system-out><![CDATA[
  .   ____          _            __ _ _
 /\\ / ___'_ __ _ _(_)_ __  __ _ \ \ \ \
( ( )\___ | '_ | '_| | '_ \/ _` | \ \ \ \
 \\/  ___)| |_)| | | | | || (_| |  ) ) ) )
  '  |____| .__|_| |_|_| |_\__, | / / / /
 =========|_|==============|___/=/_/_/_/

 :: Spring Boot ::                (v4.0.3)

2026-05-28T21:32:36.432+02:00  INFO 37108 --- [dawBB] [           main] BackendBoys.dawBB.SlotsEndpointsTests    : Starting SlotsEndpointsTests using Java 21.0.10 with PID 37108 (started by andre in C:\Users\andre\Desktop\CURSO2526\SEGUNDO_CUATRI\DAW\pau-pevau-backend-boys\dawBB)
2026-05-28T21:32:36.433+02:00  INFO 37108 --- [dawBB] [           main] BackendBoys.dawBB.SlotsEndpointsTests    : No active profile set, falling back to 1 default profile: "default"
2026-05-28T21:32:36.515+02:00  INFO 37108 --- [dawBB] [           main] .s.d.r.c.RepositoryConfigurationDelegate : Bootstrapping Spring Data JPA repositories in DEFAULT mode.
2026-05-28T21:32:36.521+02:00  INFO 37108 --- [dawBB] [           main] .s.d.r.c.RepositoryConfigurationDelegate : Finished Spring Data repository scanning in 5 ms. Found 4 JPA repository interfaces.
2026-05-28T21:32:36.552+02:00  INFO 37108 --- [dawBB] [           main] o.s.boot.tomcat.TomcatWebServer          : Tomcat initialized with port 0 (http)
2026-05-28T21:32:36.552+02:00  INFO 37108 --- [dawBB] [           main] o.apache.catalina.core.StandardService   : Starting service [Tomcat]
2026-05-28T21:32:36.552+02:00  INFO 37108 --- [dawBB] [           main] o.apache.catalina.core.StandardEngine    : Starting Servlet engine: [Apache Tomcat/11.0.18]
2026-05-28T21:32:36.572+02:00  INFO 37108 --- [dawBB] [           main] b.w.c.s.WebApplicationContextInitializer : Root WebApplicationContext: initialization completed in 139 ms
2026-05-28T21:32:36.588+02:00  INFO 37108 --- [dawBB] [           main] org.hibernate.orm.jpa                    : HHH008540: Processing PersistenceUnitInfo [name: default]
2026-05-28T21:32:36.600+02:00  INFO 37108 --- [dawBB] [           main] o.s.o.j.p.SpringPersistenceUnitInfo      : No LoadTimeWeaver setup: ignoring JPA class transformer
2026-05-28T21:32:36.601+02:00  INFO 37108 --- [dawBB] [           main] com.zaxxer.hikari.HikariDataSource       : HikariPool-82 - Starting...
2026-05-28T21:32:36.602+02:00  INFO 37108 --- [dawBB] [           main] com.zaxxer.hikari.pool.HikariPool        : HikariPool-82 - Added connection conn520: url=jdbc:h2:./daw user=SA
2026-05-28T21:32:36.602+02:00  INFO 37108 --- [dawBB] [           main] com.zaxxer.hikari.HikariDataSource       : HikariPool-82 - Start completed.
2026-05-28T21:32:36.603+02:00  WARN 37108 --- [dawBB] [           main] org.hibernate.orm.deprecation            : HHH90000025: H2Dialect does not need to be specified explicitly using 'hibernate.dialect' (remove the property setting and it will be selected by default)
2026-05-28T21:32:36.603+02:00  INFO 37108 --- [dawBB] [           main] org.hibernate.orm.connections.pooling    : HHH10001005: Database info:
	Database JDBC URL [jdbc:h2:./daw]
	Database driver: H2 JDBC Driver
	Database dialect: H2Dialect
	Database version: 2.4.240
	Default catalog/schema: DAW/PUBLIC
	Autocommit mode: undefined/unknown
	Isolation level: READ_COMMITTED [default READ_COMMITTED]
	JDBC fetch size: 100
	Pool: DataSourceConnectionProvider
	Minimum pool size: undefined/unknown
	Maximum pool size: undefined/unknown
2026-05-28T21:32:36.627+02:00  INFO 37108 --- [dawBB] [           main] org.hibernate.orm.core                   : HHH000489: No JTA platform available (set 'hibernate.transaction.jta.platform' to enable JTA platform integration)
2026-05-28T21:32:36.628+02:00  INFO 37108 --- [dawBB] [           main] j.LocalContainerEntityManagerFactoryBean : Initialized JPA EntityManagerFactory for persistence unit 'default'
2026-05-28T21:32:36.658+02:00  WARN 37108 --- [dawBB] [           main] JpaBaseConfiguration$JpaWebConfiguration : spring.jpa.open-in-view is enabled by default. Therefore, database queries may be performed during view rendering. Explicitly configure spring.jpa.open-in-view to disable this warning
2026-05-28T21:32:36.739+02:00  INFO 37108 --- [dawBB] [           main] o.s.boot.tomcat.TomcatWebServer          : Tomcat started on port 55935 (http) with context path '/'
2026-05-28T21:32:36.740+02:00  INFO 37108 --- [dawBB] [           main] BackendBoys.dawBB.SlotsEndpointsTests    : Started SlotsEndpointsTests in 0.322 seconds (process running for 84.188)
2026-05-28T21:32:36.740+02:00  WARN 37108 --- [dawBB] [           main] o.s.core.events.SpringDocAppInitializer  : SpringDoc /v3/api-docs endpoint is enabled by default. To disable it in production, set the property 'springdoc.api-docs.enabled=false'
2026-05-28T21:32:36.741+02:00  WARN 37108 --- [dawBB] [           main] o.s.core.events.SpringDocAppInitializer  : SpringDoc /swagger-ui.html endpoint is enabled by default. To disable it in production, set the property 'springdoc.swagger-ui.enabled=false'
Hibernate: 
    select
        s1_0.id,
        s1_0.fk_convocatoria,
        s1_0.eliminado,
        s1_0.fin,
        s1_0.inicio 
    from
        slots s1_0
Hibernate: 
    select
        c1_0.id_convocatoria,
        c1_0.actual,
        c1_0.fecha_fin,
        c1_0.fecha_inicio,
        c1_0.nombre 
    from
        convocatorias c1_0 
    where
        c1_0.id_convocatoria=?
Hibernate: 
    select
        p1_0.fk_slot,
        p1_0.id,
        p1_0.eliminada,
        p1_0.fk_materia,
        m1_0.id,
        m1_0.eliminada,
        m1_0.nombre 
    from
        pruebas p1_0 
    left join
        materias m1_0 
            on m1_0.id=p1_0.fk_materia 
    where
        p1_0.fk_slot=?
Hibernate: 
    delete 
    from
        slots 
    where
        id=?
Hibernate: 
    select
        c1_0.id_convocatoria,
        c1_0.actual,
        c1_0.fecha_fin,
        c1_0.fecha_inicio,
        c1_0.nombre 
    from
        convocatorias c1_0
Hibernate: 
    select
        s1_0.fk_convocatoria,
        s1_0.id,
        s1_0.eliminado,
        s1_0.fin,
        s1_0.inicio 
    from
        slots s1_0 
    where
        s1_0.fk_convocatoria=?
Hibernate: 
    delete 
    from
        convocatoria_materia 
    where
        id_convocatoria=?
Hibernate: 
    delete 
    from
        convocatorias 
    where
        id_convocatoria=?
2026-05-28T21:32:36.754+02:00  INFO 37108 --- [dawBB] [-auto-82-exec-1] o.a.c.c.C.[Tomcat-2].[localhost].[/]     : Initializing Spring DispatcherServlet 'dispatcherServlet'
2026-05-28T21:32:36.754+02:00  INFO 37108 --- [dawBB] [-auto-82-exec-1] o.s.web.servlet.DispatcherServlet        : Initializing Servlet 'dispatcherServlet'
2026-05-28T21:32:36.755+02:00  INFO 37108 --- [dawBB] [-auto-82-exec-1] o.s.web.servlet.DispatcherServlet        : Completed initialization in 1 ms
2026-05-28T21:32:36.756+02:00  INFO 37108 --- [dawBB] [-auto-82-exec-1] B.dawBB.seguridad.JwtRequestFilter       : usuario = test_user
Hibernate: 
    select
        s1_0.id,
        s1_0.fk_convocatoria,
        c1_0.id_convocatoria,
        c1_0.actual,
        c1_0.fecha_fin,
        c1_0.fecha_inicio,
        c1_0.nombre,
        s1_0.eliminado,
        s1_0.fin,
        s1_0.inicio 
    from
        slots s1_0 
    join
        convocatorias c1_0 
            on c1_0.id_convocatoria=s1_0.fk_convocatoria 
    where
        s1_0.id=?
2026-05-28T21:32:36.761+02:00  INFO 37108 --- [dawBB] [           main] o.s.boot.tomcat.GracefulShutdown         : Commencing graceful shutdown. Waiting for active requests to complete
2026-05-28T21:32:36.782+02:00  INFO 37108 --- [dawBB] [tomcat-shutdown] o.s.boot.tomcat.GracefulShutdown         : Graceful shutdown complete
2026-05-28T21:32:36.783+02:00  INFO 37108 --- [dawBB] [           main] j.LocalContainerEntityManagerFactoryBean : Closing JPA EntityManagerFactory for persistence unit 'default'
2026-05-28T21:32:36.784+02:00  INFO 37108 --- [dawBB] [           main] com.zaxxer.hikari.HikariDataSource       : HikariPool-82 - Shutdown initiated...
2026-05-28T21:32:36.799+02:00  INFO 37108 --- [dawBB] [           main] com.zaxxer.hikari.HikariDataSource       : HikariPool-82 - Shutdown completed.
]]></system-out>
  </testcase>
  <testcase name="obtenerSlotsConvocatoriaEspecifica" classname="En el controlador de slots" time="0.084">
    <system-out><![CDATA[
  .   ____          _            __ _ _
 /\\ / ___'_ __ _ _(_)_ __  __ _ \ \ \ \
( ( )\___ | '_ | '_| | '_ \/ _` | \ \ \ \
 \\/  ___)| |_)| | | | | || (_| |  ) ) ) )
  '  |____| .__|_| |_|_| |_\__, | / / / /
 =========|_|==============|___/=/_/_/_/

 :: Spring Boot ::                (v4.0.3)

2026-05-28T21:32:36.811+02:00  INFO 37108 --- [dawBB] [           main] BackendBoys.dawBB.SlotsEndpointsTests    : Starting SlotsEndpointsTests using Java 21.0.10 with PID 37108 (started by andre in C:\Users\andre\Desktop\CURSO2526\SEGUNDO_CUATRI\DAW\pau-pevau-backend-boys\dawBB)
2026-05-28T21:32:36.811+02:00  INFO 37108 --- [dawBB] [           main] BackendBoys.dawBB.SlotsEndpointsTests    : No active profile set, falling back to 1 default profile: "default"
2026-05-28T21:32:36.899+02:00  INFO 37108 --- [dawBB] [           main] .s.d.r.c.RepositoryConfigurationDelegate : Bootstrapping Spring Data JPA repositories in DEFAULT mode.
2026-05-28T21:32:36.907+02:00  INFO 37108 --- [dawBB] [           main] .s.d.r.c.RepositoryConfigurationDelegate : Finished Spring Data repository scanning in 6 ms. Found 4 JPA repository interfaces.
2026-05-28T21:32:36.936+02:00  INFO 37108 --- [dawBB] [           main] o.s.boot.tomcat.TomcatWebServer          : Tomcat initialized with port 0 (http)
2026-05-28T21:32:36.937+02:00  INFO 37108 --- [dawBB] [           main] o.apache.catalina.core.StandardService   : Starting service [Tomcat]
2026-05-28T21:32:36.937+02:00  INFO 37108 --- [dawBB] [           main] o.apache.catalina.core.StandardEngine    : Starting Servlet engine: [Apache Tomcat/11.0.18]
2026-05-28T21:32:36.956+02:00  INFO 37108 --- [dawBB] [           main] b.w.c.s.WebApplicationContextInitializer : Root WebApplicationContext: initialization completed in 144 ms
2026-05-28T21:32:36.972+02:00  INFO 37108 --- [dawBB] [           main] org.hibernate.orm.jpa                    : HHH008540: Processing PersistenceUnitInfo [name: default]
2026-05-28T21:32:36.986+02:00  INFO 37108 --- [dawBB] [           main] o.s.o.j.p.SpringPersistenceUnitInfo      : No LoadTimeWeaver setup: ignoring JPA class transformer
2026-05-28T21:32:36.986+02:00  INFO 37108 --- [dawBB] [           main] com.zaxxer.hikari.HikariDataSource       : HikariPool-83 - Starting...
2026-05-28T21:32:36.987+02:00  INFO 37108 --- [dawBB] [           main] com.zaxxer.hikari.pool.HikariPool        : HikariPool-83 - Added connection conn524: url=jdbc:h2:./daw user=SA
2026-05-28T21:32:36.987+02:00  INFO 37108 --- [dawBB] [           main] com.zaxxer.hikari.HikariDataSource       : HikariPool-83 - Start completed.
2026-05-28T21:32:36.988+02:00  WARN 37108 --- [dawBB] [           main] org.hibernate.orm.deprecation            : HHH90000025: H2Dialect does not need to be specified explicitly using 'hibernate.dialect' (remove the property setting and it will be selected by default)
2026-05-28T21:32:36.988+02:00  INFO 37108 --- [dawBB] [           main] org.hibernate.orm.connections.pooling    : HHH10001005: Database info:
	Database JDBC URL [jdbc:h2:./daw]
	Database driver: H2 JDBC Driver
	Database dialect: H2Dialect
	Database version: 2.4.240
	Default catalog/schema: DAW/PUBLIC
	Autocommit mode: undefined/unknown
	Isolation level: READ_COMMITTED [default READ_COMMITTED]
	JDBC fetch size: 100
	Pool: DataSourceConnectionProvider
	Minimum pool size: undefined/unknown
	Maximum pool size: undefined/unknown
2026-05-28T21:32:37.016+02:00  INFO 37108 --- [dawBB] [           main] org.hibernate.orm.core                   : HHH000489: No JTA platform available (set 'hibernate.transaction.jta.platform' to enable JTA platform integration)
2026-05-28T21:32:37.017+02:00  INFO 37108 --- [dawBB] [           main] j.LocalContainerEntityManagerFactoryBean : Initialized JPA EntityManagerFactory for persistence unit 'default'
2026-05-28T21:32:37.049+02:00  WARN 37108 --- [dawBB] [           main] JpaBaseConfiguration$JpaWebConfiguration : spring.jpa.open-in-view is enabled by default. Therefore, database queries may be performed during view rendering. Explicitly configure spring.jpa.open-in-view to disable this warning
2026-05-28T21:32:37.131+02:00  INFO 37108 --- [dawBB] [           main] o.s.boot.tomcat.TomcatWebServer          : Tomcat started on port 55938 (http) with context path '/'
2026-05-28T21:32:37.132+02:00  INFO 37108 --- [dawBB] [           main] BackendBoys.dawBB.SlotsEndpointsTests    : Started SlotsEndpointsTests in 0.33 seconds (process running for 84.58)
2026-05-28T21:32:37.132+02:00  WARN 37108 --- [dawBB] [           main] o.s.core.events.SpringDocAppInitializer  : SpringDoc /v3/api-docs endpoint is enabled by default. To disable it in production, set the property 'springdoc.api-docs.enabled=false'
2026-05-28T21:32:37.132+02:00  WARN 37108 --- [dawBB] [           main] o.s.core.events.SpringDocAppInitializer  : SpringDoc /swagger-ui.html endpoint is enabled by default. To disable it in production, set the property 'springdoc.swagger-ui.enabled=false'
Hibernate: 
    select
        s1_0.id,
        s1_0.fk_convocatoria,
        s1_0.eliminado,
        s1_0.fin,
        s1_0.inicio 
    from
        slots s1_0
Hibernate: 
    select
        c1_0.id_convocatoria,
        c1_0.actual,
        c1_0.fecha_fin,
        c1_0.fecha_inicio,
        c1_0.nombre 
    from
        convocatorias c1_0
Hibernate: 
    insert 
    into
        convocatorias
        (actual, fecha_fin, fecha_inicio, nombre, id_convocatoria) 
    values
        (?, ?, ?, ?, default)
Hibernate: 
    insert 
    into
        convocatorias
        (actual, fecha_fin, fecha_inicio, nombre, id_convocatoria) 
    values
        (?, ?, ?, ?, default)
Hibernate: 
    insert 
    into
        slots
        (fk_convocatoria, eliminado, fin, inicio, id) 
    values
        (?, ?, ?, ?, default)
Hibernate: 
    insert 
    into
        slots
        (fk_convocatoria, eliminado, fin, inicio, id) 
    values
        (?, ?, ?, ?, default)
2026-05-28T21:32:37.149+02:00  INFO 37108 --- [dawBB] [-auto-83-exec-1] o.a.c.c.C.[Tomcat-2].[localhost].[/]     : Initializing Spring DispatcherServlet 'dispatcherServlet'
2026-05-28T21:32:37.149+02:00  INFO 37108 --- [dawBB] [-auto-83-exec-1] o.s.web.servlet.DispatcherServlet        : Initializing Servlet 'dispatcherServlet'
2026-05-28T21:32:37.150+02:00  INFO 37108 --- [dawBB] [-auto-83-exec-1] o.s.web.servlet.DispatcherServlet        : Completed initialization in 1 ms
2026-05-28T21:32:37.151+02:00  INFO 37108 --- [dawBB] [-auto-83-exec-1] B.dawBB.seguridad.JwtRequestFilter       : usuario = test_user
Hibernate: 
    select
        s1_0.id,
        s1_0.fk_convocatoria,
        s1_0.eliminado,
        s1_0.fin,
        s1_0.inicio 
    from
        slots s1_0 
    where
        s1_0.fk_convocatoria=?
Hibernate: 
    select
        c1_0.id_convocatoria,
        c1_0.actual,
        c1_0.fecha_fin,
        c1_0.fecha_inicio,
        c1_0.nombre 
    from
        convocatorias c1_0 
    where
        c1_0.id_convocatoria=?
2026-05-28T21:32:37.165+02:00  INFO 37108 --- [dawBB] [           main] o.s.boot.tomcat.GracefulShutdown         : Commencing graceful shutdown. Waiting for active requests to complete
2026-05-28T21:32:37.185+02:00  INFO 37108 --- [dawBB] [tomcat-shutdown] o.s.boot.tomcat.GracefulShutdown         : Graceful shutdown complete
2026-05-28T21:32:37.187+02:00  INFO 37108 --- [dawBB] [           main] j.LocalContainerEntityManagerFactoryBean : Closing JPA EntityManagerFactory for persistence unit 'default'
2026-05-28T21:32:37.187+02:00  INFO 37108 --- [dawBB] [           main] com.zaxxer.hikari.HikariDataSource       : HikariPool-83 - Shutdown initiated...
2026-05-28T21:32:37.215+02:00  INFO 37108 --- [dawBB] [           main] com.zaxxer.hikari.HikariDataSource       : HikariPool-83 - Shutdown completed.
]]></system-out>
  </testcase>
</testsuite>